-- Found ament_cmake: 1.3.8 (/opt/ros/humble/share/ament_cmake/cmake)
-- Found ament_lint_auto: 0.12.10 (/opt/ros/humble/share/ament_lint_auto/cmake)
-- Added test 'lint_cmake' to check CMake code style
-- Added test 'xmllint' to check XML markup files
-- Configuring done
-- Generating done
-- Build files have been written to: /home/earnest/camera_study/build/camera_app_msgs
-- Install configuration: ""
-- Installing: /home/earnest/camera_study/install/camera_app_msgs/share/ament_index/resource_index/package_run_dependencies/camera_app_msgs
-- Up-to-date: /home/earnest/camera_study/install/camera_app_msgs/share/ament_index/resource_index/parent_prefix_path/camera_app_msgs
-- Up-to-date: /home/earnest/camera_study/install/camera_app_msgs/share/camera_app_msgs/environment/ament_prefix_path.sh
-- Installing: /home/earnest/camera_study/install/camera_app_msgs/share/camera_app_msgs/environment/ament_prefix_path.dsv
-- Up-to-date: /home/earnest/camera_study/install/camera_app_msgs/share/camera_app_msgs/environment/path.sh
-- Installing: /home/earnest/camera_study/install/camera_app_msgs/share/camera_app_msgs/environment/path.dsv
-- Up-to-date: /home/earnest/camera_study/install/camera_app_msgs/share/camera_app_msgs/local_setup.bash
-- Up-to-date: /home/earnest/camera_study/install/camera_app_msgs/share/camera_app_msgs/local_setup.sh
-- Up-to-date: /home/earnest/camera_study/install/camera_app_msgs/share/camera_app_msgs/local_setup.zsh
-- Installing: /home/earnest/camera_study/install/camera_app_msgs/share/camera_app_msgs/local_setup.dsv
-- Installing: /home/earnest/camera_study/install/camera_app_msgs/share/camera_app_msgs/package.dsv
-- Up-to-date: /home/earnest/camera_study/install/camera_app_msgs/share/ament_index/resource_index/packages/camera_app_msgs
-- Up-to-date: /home/earnest/camera_study/install/camera_app_msgs/share/camera_app_msgs/cmake/camera_app_msgsConfig.cmake
-- Up-to-date: /home/earnest/camera_study/install/camera_app_msgs/share/camera_app_msgs/cmake/camera_app_msgsConfig-version.cmake
-- Installing: /home/earnest/camera_study/install/camera_app_msgs/share/camera_app_msgs/package.xml
