[0.247s] Invoking command in '/home/earnest/camera_study/build/camera_app_msgs': CMAKE_PREFIX_PATH=/home/earnest/camera_study/install/camera_app:/opt/ros/humble /usr/bin/cmake --build /home/earnest/camera_study/build/camera_app_msgs -- -j12 -l12
[0.281s] Invoked command in '/home/earnest/camera_study/build/camera_app_msgs' returned '0': CMAKE_PREFIX_PATH=/home/earnest/camera_study/install/camera_app:/opt/ros/humble /usr/bin/cmake --build /home/earnest/camera_study/build/camera_app_msgs -- -j12 -l12
[0.305s] Invoking command in '/home/earnest/camera_study/build/camera_app_msgs': CMAKE_PREFIX_PATH=/home/earnest/camera_study/install/camera_app:/opt/ros/humble /usr/bin/cmake --install /home/earnest/camera_study/build/camera_app_msgs
[0.312s] -- Install configuration: ""
[0.312s] -- Up-to-date: /home/earnest/camera_study/install/camera_app_msgs/share/ament_index/resource_index/package_run_dependencies/camera_app_msgs
[0.312s] -- Up-to-date: /home/earnest/camera_study/install/camera_app_msgs/share/ament_index/resource_index/parent_prefix_path/camera_app_msgs
[0.313s] -- Up-to-date: /home/earnest/camera_study/install/camera_app_msgs/share/camera_app_msgs/environment/ament_prefix_path.sh
[0.313s] -- Up-to-date: /home/earnest/camera_study/install/camera_app_msgs/share/camera_app_msgs/environment/ament_prefix_path.dsv
[0.313s] -- Up-to-date: /home/earnest/camera_study/install/camera_app_msgs/share/camera_app_msgs/environment/path.sh
[0.313s] -- Up-to-date: /home/earnest/camera_study/install/camera_app_msgs/share/camera_app_msgs/environment/path.dsv
[0.313s] -- Up-to-date: /home/earnest/camera_study/install/camera_app_msgs/share/camera_app_msgs/local_setup.bash
[0.313s] -- Up-to-date: /home/earnest/camera_study/install/camera_app_msgs/share/camera_app_msgs/local_setup.sh
[0.313s] -- Up-to-date: /home/earnest/camera_study/install/camera_app_msgs/share/camera_app_msgs/local_setup.zsh
[0.313s] -- Up-to-date: /home/earnest/camera_study/install/camera_app_msgs/share/camera_app_msgs/local_setup.dsv
[0.313s] -- Installing: /home/earnest/camera_study/install/camera_app_msgs/share/camera_app_msgs/package.dsv
[0.313s] -- Up-to-date: /home/earnest/camera_study/install/camera_app_msgs/share/ament_index/resource_index/packages/camera_app_msgs
[0.313s] -- Up-to-date: /home/earnest/camera_study/install/camera_app_msgs/share/camera_app_msgs/cmake/camera_app_msgsConfig.cmake
[0.313s] -- Up-to-date: /home/earnest/camera_study/install/camera_app_msgs/share/camera_app_msgs/cmake/camera_app_msgsConfig-version.cmake
[0.313s] -- Up-to-date: /home/earnest/camera_study/install/camera_app_msgs/share/camera_app_msgs/package.xml
[0.315s] Invoked command in '/home/earnest/camera_study/build/camera_app_msgs' returned '0': CMAKE_PREFIX_PATH=/home/earnest/camera_study/install/camera_app:/opt/ros/humble /usr/bin/cmake --install /home/earnest/camera_study/build/camera_app_msgs
