[0.214s] Invoking command in '/home/earnest/camera_study/build/camera_app_msgs': CMAKE_PREFIX_PATH=${CMAKE_PREFIX_PATH}:/home/earnest/camera_study/install/camera_app:/opt/ros/humble /usr/bin/cmake --build /home/earnest/camera_study/build/camera_app_msgs -- -j12 -l12
[0.243s] [35m[1mConsolidate compiler generated dependencies of target camera_app_msgs__rosidl_generator_c[0m
[0.251s] [  3%] Built target camera_app_msgs__cpp
[0.251s] [ 12%] Built target camera_app_msgs__rosidl_generator_c
[0.259s] [ 12%] Built target ament_cmake_python_copy_camera_app_msgs
[0.259s] [35m[1mConsolidate compiler generated dependencies of target camera_app_msgs__rosidl_typesupport_introspection_cpp[0m
[0.259s] [35m[1mConsolidate compiler generated dependencies of target camera_app_msgs__rosidl_typesupport_cpp[0m
[0.259s] [35m[1mConsolidate compiler generated dependencies of target camera_app_msgs__rosidl_typesupport_fastrtps_cpp[0m
[0.268s] [35m[1mConsolidate compiler generated dependencies of target camera_app_msgs__rosidl_typesupport_c[0m
[0.269s] [35m[1mConsolidate compiler generated dependencies of target camera_app_msgs__rosidl_typesupport_fastrtps_c[0m
[0.269s] [35m[1mConsolidate compiler generated dependencies of target camera_app_msgs__rosidl_typesupport_introspection_c[0m
[0.270s] [ 22%] Built target camera_app_msgs__rosidl_typesupport_cpp
[0.272s] [ 32%] Built target camera_app_msgs__rosidl_typesupport_fastrtps_cpp
[0.272s] [ 41%] Built target camera_app_msgs__rosidl_typesupport_introspection_cpp
[0.277s] [ 51%] Built target camera_app_msgs__rosidl_typesupport_c
[0.278s] [ 61%] Built target camera_app_msgs__rosidl_typesupport_introspection_c
[0.279s] [ 70%] Built target camera_app_msgs__rosidl_typesupport_fastrtps_c
[0.295s] [ 70%] Built target camera_app_msgs
[0.310s] [ 74%] Built target camera_app_msgs__py
[0.318s] [35m[1mConsolidate compiler generated dependencies of target camera_app_msgs__rosidl_generator_py[0m
[0.328s] [ 80%] Built target camera_app_msgs__rosidl_generator_py
[0.337s] [35m[1mConsolidate compiler generated dependencies of target camera_app_msgs__rosidl_typesupport_introspection_c__pyext[0m
[0.337s] [35m[1mConsolidate compiler generated dependencies of target camera_app_msgs__rosidl_typesupport_c__pyext[0m
[0.337s] [35m[1mConsolidate compiler generated dependencies of target camera_app_msgs__rosidl_typesupport_fastrtps_c__pyext[0m
[0.347s] [100%] Built target camera_app_msgs__rosidl_typesupport_c__pyext
[0.347s] [100%] Built target camera_app_msgs__rosidl_typesupport_introspection_c__pyext
[0.347s] [100%] Built target camera_app_msgs__rosidl_typesupport_fastrtps_c__pyext
[0.463s] running egg_info
[0.464s] writing camera_app_msgs.egg-info/PKG-INFO
[0.464s] writing dependency_links to camera_app_msgs.egg-info/dependency_links.txt
[0.464s] writing top-level names to camera_app_msgs.egg-info/top_level.txt
[0.466s] reading manifest file 'camera_app_msgs.egg-info/SOURCES.txt'
[0.466s] writing manifest file 'camera_app_msgs.egg-info/SOURCES.txt'
[0.491s] [100%] Built target ament_cmake_python_build_camera_app_msgs_egg
[0.499s] Invoked command in '/home/earnest/camera_study/build/camera_app_msgs' returned '0': CMAKE_PREFIX_PATH=${CMAKE_PREFIX_PATH}:/home/earnest/camera_study/install/camera_app:/opt/ros/humble /usr/bin/cmake --build /home/earnest/camera_study/build/camera_app_msgs -- -j12 -l12
[0.547s] Invoking command in '/home/earnest/camera_study/build/camera_app_msgs': CMAKE_PREFIX_PATH=${CMAKE_PREFIX_PATH}:/home/earnest/camera_study/install/camera_app:/opt/ros/humble /usr/bin/cmake --install /home/earnest/camera_study/build/camera_app_msgs
[0.553s] -- Install configuration: ""
[0.553s] -- Up-to-date: /home/earnest/camera_study/install/camera_app_msgs/share/ament_index/resource_index/rosidl_interfaces/camera_app_msgs
[0.553s] -- Up-to-date: /home/earnest/camera_study/install/camera_app_msgs/include/camera_app_msgs/camera_app_msgs
[0.553s] -- Up-to-date: /home/earnest/camera_study/install/camera_app_msgs/include/camera_app_msgs/camera_app_msgs/msg
[0.554s] -- Up-to-date: /home/earnest/camera_study/install/camera_app_msgs/include/camera_app_msgs/camera_app_msgs/msg/rosidl_generator_c__visibility_control.h
[0.554s] -- Up-to-date: /home/earnest/camera_study/install/camera_app_msgs/include/camera_app_msgs/camera_app_msgs/srv
[0.554s] -- Up-to-date: /home/earnest/camera_study/install/camera_app_msgs/include/camera_app_msgs/camera_app_msgs/srv/detail
[0.554s] -- Up-to-date: /home/earnest/camera_study/install/camera_app_msgs/include/camera_app_msgs/camera_app_msgs/srv/detail/capture__functions.h
[0.554s] -- Up-to-date: /home/earnest/camera_study/install/camera_app_msgs/include/camera_app_msgs/camera_app_msgs/srv/detail/capture__struct.h
[0.554s] -- Up-to-date: /home/earnest/camera_study/install/camera_app_msgs/include/camera_app_msgs/camera_app_msgs/srv/detail/capture__type_support.h
[0.554s] -- Up-to-date: /home/earnest/camera_study/install/camera_app_msgs/include/camera_app_msgs/camera_app_msgs/srv/detail/capture1__struct.h
[0.554s] -- Up-to-date: /home/earnest/camera_study/install/camera_app_msgs/include/camera_app_msgs/camera_app_msgs/srv/detail/capture1__functions.h
[0.555s] -- Up-to-date: /home/earnest/camera_study/install/camera_app_msgs/include/camera_app_msgs/camera_app_msgs/srv/detail/capture__functions.c
[0.555s] -- Up-to-date: /home/earnest/camera_study/install/camera_app_msgs/include/camera_app_msgs/camera_app_msgs/srv/detail/capture1__functions.c
[0.555s] -- Up-to-date: /home/earnest/camera_study/install/camera_app_msgs/include/camera_app_msgs/camera_app_msgs/srv/detail/capture1__type_support.h
[0.555s] -- Up-to-date: /home/earnest/camera_study/install/camera_app_msgs/include/camera_app_msgs/camera_app_msgs/srv/capture.h
[0.555s] -- Up-to-date: /home/earnest/camera_study/install/camera_app_msgs/include/camera_app_msgs/camera_app_msgs/srv/capture1.h
[0.555s] -- Up-to-date: /home/earnest/camera_study/install/camera_app_msgs/share/camera_app_msgs/environment/library_path.sh
[0.555s] -- Up-to-date: /home/earnest/camera_study/install/camera_app_msgs/share/camera_app_msgs/environment/library_path.dsv
[0.555s] -- Up-to-date: /home/earnest/camera_study/install/camera_app_msgs/lib/libcamera_app_msgs__rosidl_generator_c.so
[0.555s] -- Up-to-date: /home/earnest/camera_study/install/camera_app_msgs/include/camera_app_msgs/camera_app_msgs
[0.556s] -- Up-to-date: /home/earnest/camera_study/install/camera_app_msgs/include/camera_app_msgs/camera_app_msgs/msg
[0.556s] -- Up-to-date: /home/earnest/camera_study/install/camera_app_msgs/include/camera_app_msgs/camera_app_msgs/msg/rosidl_typesupport_fastrtps_c__visibility_control.h
[0.556s] -- Up-to-date: /home/earnest/camera_study/install/camera_app_msgs/include/camera_app_msgs/camera_app_msgs/srv
[0.556s] -- Up-to-date: /home/earnest/camera_study/install/camera_app_msgs/include/camera_app_msgs/camera_app_msgs/srv/detail
[0.556s] -- Up-to-date: /home/earnest/camera_study/install/camera_app_msgs/include/camera_app_msgs/camera_app_msgs/srv/detail/capture__rosidl_typesupport_fastrtps_c.h
[0.556s] -- Up-to-date: /home/earnest/camera_study/install/camera_app_msgs/include/camera_app_msgs/camera_app_msgs/srv/detail/capture1__rosidl_typesupport_fastrtps_c.h
[0.556s] -- Up-to-date: /home/earnest/camera_study/install/camera_app_msgs/lib/libcamera_app_msgs__rosidl_typesupport_fastrtps_c.so
[0.556s] -- Up-to-date: /home/earnest/camera_study/install/camera_app_msgs/include/camera_app_msgs/camera_app_msgs
[0.556s] -- Up-to-date: /home/earnest/camera_study/install/camera_app_msgs/include/camera_app_msgs/camera_app_msgs/msg
[0.556s] -- Up-to-date: /home/earnest/camera_study/install/camera_app_msgs/include/camera_app_msgs/camera_app_msgs/msg/rosidl_typesupport_introspection_c__visibility_control.h
[0.557s] -- Up-to-date: /home/earnest/camera_study/install/camera_app_msgs/include/camera_app_msgs/camera_app_msgs/srv
[0.557s] -- Up-to-date: /home/earnest/camera_study/install/camera_app_msgs/include/camera_app_msgs/camera_app_msgs/srv/detail
[0.557s] -- Up-to-date: /home/earnest/camera_study/install/camera_app_msgs/include/camera_app_msgs/camera_app_msgs/srv/detail/capture1__rosidl_typesupport_introspection_c.h
[0.557s] -- Up-to-date: /home/earnest/camera_study/install/camera_app_msgs/include/camera_app_msgs/camera_app_msgs/srv/detail/capture__type_support.c
[0.557s] -- Up-to-date: /home/earnest/camera_study/install/camera_app_msgs/include/camera_app_msgs/camera_app_msgs/srv/detail/capture1__type_support.c
[0.557s] -- Up-to-date: /home/earnest/camera_study/install/camera_app_msgs/include/camera_app_msgs/camera_app_msgs/srv/detail/capture__rosidl_typesupport_introspection_c.h
[0.557s] -- Up-to-date: /home/earnest/camera_study/install/camera_app_msgs/lib/libcamera_app_msgs__rosidl_typesupport_introspection_c.so
[0.557s] -- Up-to-date: /home/earnest/camera_study/install/camera_app_msgs/lib/libcamera_app_msgs__rosidl_typesupport_c.so
[0.557s] -- Up-to-date: /home/earnest/camera_study/install/camera_app_msgs/include/camera_app_msgs/camera_app_msgs
[0.557s] -- Up-to-date: /home/earnest/camera_study/install/camera_app_msgs/include/camera_app_msgs/camera_app_msgs/srv
[0.557s] -- Up-to-date: /home/earnest/camera_study/install/camera_app_msgs/include/camera_app_msgs/camera_app_msgs/srv/detail
[0.558s] -- Up-to-date: /home/earnest/camera_study/install/camera_app_msgs/include/camera_app_msgs/camera_app_msgs/srv/detail/capture1__builder.hpp
[0.558s] -- Up-to-date: /home/earnest/camera_study/install/camera_app_msgs/include/camera_app_msgs/camera_app_msgs/srv/detail/capture__builder.hpp
[0.558s] -- Up-to-date: /home/earnest/camera_study/install/camera_app_msgs/include/camera_app_msgs/camera_app_msgs/srv/detail/capture1__struct.hpp
[0.558s] -- Up-to-date: /home/earnest/camera_study/install/camera_app_msgs/include/camera_app_msgs/camera_app_msgs/srv/detail/capture__struct.hpp
[0.558s] -- Up-to-date: /home/earnest/camera_study/install/camera_app_msgs/include/camera_app_msgs/camera_app_msgs/srv/detail/capture1__traits.hpp
[0.558s] -- Up-to-date: /home/earnest/camera_study/install/camera_app_msgs/include/camera_app_msgs/camera_app_msgs/srv/detail/capture__traits.hpp
[0.558s] -- Up-to-date: /home/earnest/camera_study/install/camera_app_msgs/include/camera_app_msgs/camera_app_msgs/srv/capture1.hpp
[0.558s] -- Up-to-date: /home/earnest/camera_study/install/camera_app_msgs/include/camera_app_msgs/camera_app_msgs/srv/capture.hpp
[0.558s] -- Up-to-date: /home/earnest/camera_study/install/camera_app_msgs/include/camera_app_msgs/camera_app_msgs
[0.558s] -- Up-to-date: /home/earnest/camera_study/install/camera_app_msgs/include/camera_app_msgs/camera_app_msgs/msg
[0.558s] -- Up-to-date: /home/earnest/camera_study/install/camera_app_msgs/include/camera_app_msgs/camera_app_msgs/msg/rosidl_typesupport_fastrtps_cpp__visibility_control.h
[0.558s] -- Up-to-date: /home/earnest/camera_study/install/camera_app_msgs/include/camera_app_msgs/camera_app_msgs/srv
[0.559s] -- Up-to-date: /home/earnest/camera_study/install/camera_app_msgs/include/camera_app_msgs/camera_app_msgs/srv/detail
[0.559s] -- Up-to-date: /home/earnest/camera_study/install/camera_app_msgs/include/camera_app_msgs/camera_app_msgs/srv/detail/capture__rosidl_typesupport_fastrtps_cpp.hpp
[0.559s] -- Up-to-date: /home/earnest/camera_study/install/camera_app_msgs/include/camera_app_msgs/camera_app_msgs/srv/detail/dds_fastrtps
[0.559s] -- Up-to-date: /home/earnest/camera_study/install/camera_app_msgs/include/camera_app_msgs/camera_app_msgs/srv/detail/capture1__rosidl_typesupport_fastrtps_cpp.hpp
[0.559s] -- Up-to-date: /home/earnest/camera_study/install/camera_app_msgs/lib/libcamera_app_msgs__rosidl_typesupport_fastrtps_cpp.so
[0.559s] -- Up-to-date: /home/earnest/camera_study/install/camera_app_msgs/include/camera_app_msgs/camera_app_msgs
[0.559s] -- Up-to-date: /home/earnest/camera_study/install/camera_app_msgs/include/camera_app_msgs/camera_app_msgs/srv
[0.559s] -- Up-to-date: /home/earnest/camera_study/install/camera_app_msgs/include/camera_app_msgs/camera_app_msgs/srv/detail
[0.559s] -- Up-to-date: /home/earnest/camera_study/install/camera_app_msgs/include/camera_app_msgs/camera_app_msgs/srv/detail/capture__rosidl_typesupport_introspection_cpp.hpp
[0.559s] -- Up-to-date: /home/earnest/camera_study/install/camera_app_msgs/include/camera_app_msgs/camera_app_msgs/srv/detail/capture1__type_support.cpp
[0.559s] -- Up-to-date: /home/earnest/camera_study/install/camera_app_msgs/include/camera_app_msgs/camera_app_msgs/srv/detail/capture__type_support.cpp
[0.559s] -- Up-to-date: /home/earnest/camera_study/install/camera_app_msgs/include/camera_app_msgs/camera_app_msgs/srv/detail/capture1__rosidl_typesupport_introspection_cpp.hpp
[0.560s] -- Up-to-date: /home/earnest/camera_study/install/camera_app_msgs/lib/libcamera_app_msgs__rosidl_typesupport_introspection_cpp.so
[0.560s] -- Up-to-date: /home/earnest/camera_study/install/camera_app_msgs/lib/libcamera_app_msgs__rosidl_typesupport_cpp.so
[0.560s] -- Up-to-date: /home/earnest/camera_study/install/camera_app_msgs/share/camera_app_msgs/environment/pythonpath.sh
[0.560s] -- Up-to-date: /home/earnest/camera_study/install/camera_app_msgs/share/camera_app_msgs/environment/pythonpath.dsv
[0.560s] -- Up-to-date: /home/earnest/camera_study/install/camera_app_msgs/local/lib/python3.10/dist-packages/camera_app_msgs-0.0.0-py3.10.egg-info
[0.560s] -- Installing: /home/earnest/camera_study/install/camera_app_msgs/local/lib/python3.10/dist-packages/camera_app_msgs-0.0.0-py3.10.egg-info/SOURCES.txt
[0.560s] -- Installing: /home/earnest/camera_study/install/camera_app_msgs/local/lib/python3.10/dist-packages/camera_app_msgs-0.0.0-py3.10.egg-info/dependency_links.txt
[0.560s] -- Installing: /home/earnest/camera_study/install/camera_app_msgs/local/lib/python3.10/dist-packages/camera_app_msgs-0.0.0-py3.10.egg-info/top_level.txt
[0.560s] -- Installing: /home/earnest/camera_study/install/camera_app_msgs/local/lib/python3.10/dist-packages/camera_app_msgs-0.0.0-py3.10.egg-info/PKG-INFO
[0.560s] -- Up-to-date: /home/earnest/camera_study/install/camera_app_msgs/local/lib/python3.10/dist-packages/camera_app_msgs
[0.560s] -- Up-to-date: /home/earnest/camera_study/install/camera_app_msgs/local/lib/python3.10/dist-packages/camera_app_msgs/_camera_app_msgs_s.ep.rosidl_typesupport_fastrtps_c.c
[0.561s] -- Up-to-date: /home/earnest/camera_study/install/camera_app_msgs/local/lib/python3.10/dist-packages/camera_app_msgs/__init__.py
[0.561s] -- Up-to-date: /home/earnest/camera_study/install/camera_app_msgs/local/lib/python3.10/dist-packages/camera_app_msgs/libcamera_app_msgs__rosidl_generator_py.so
[0.561s] -- Up-to-date: /home/earnest/camera_study/install/camera_app_msgs/local/lib/python3.10/dist-packages/camera_app_msgs/_camera_app_msgs_s.ep.rosidl_typesupport_introspection_c.c
[0.561s] -- Up-to-date: /home/earnest/camera_study/install/camera_app_msgs/local/lib/python3.10/dist-packages/camera_app_msgs/camera_app_msgs_s__rosidl_typesupport_c.cpython-310-x86_64-linux-gnu.so
[0.561s] -- Up-to-date: /home/earnest/camera_study/install/camera_app_msgs/local/lib/python3.10/dist-packages/camera_app_msgs/camera_app_msgs_s__rosidl_typesupport_introspection_c.cpython-310-x86_64-linux-gnu.so
[0.561s] -- Up-to-date: /home/earnest/camera_study/install/camera_app_msgs/local/lib/python3.10/dist-packages/camera_app_msgs/_camera_app_msgs_s.ep.rosidl_typesupport_c.c
[0.561s] -- Up-to-date: /home/earnest/camera_study/install/camera_app_msgs/local/lib/python3.10/dist-packages/camera_app_msgs/camera_app_msgs_s__rosidl_typesupport_fastrtps_c.cpython-310-x86_64-linux-gnu.so
[0.561s] -- Up-to-date: /home/earnest/camera_study/install/camera_app_msgs/local/lib/python3.10/dist-packages/camera_app_msgs/srv
[0.561s] -- Up-to-date: /home/earnest/camera_study/install/camera_app_msgs/local/lib/python3.10/dist-packages/camera_app_msgs/srv/_capture1_s.c
[0.561s] -- Up-to-date: /home/earnest/camera_study/install/camera_app_msgs/local/lib/python3.10/dist-packages/camera_app_msgs/srv/__init__.py
[0.562s] -- Up-to-date: /home/earnest/camera_study/install/camera_app_msgs/local/lib/python3.10/dist-packages/camera_app_msgs/srv/_capture.py
[0.562s] -- Up-to-date: /home/earnest/camera_study/install/camera_app_msgs/local/lib/python3.10/dist-packages/camera_app_msgs/srv/_capture1.py
[0.562s] -- Up-to-date: /home/earnest/camera_study/install/camera_app_msgs/local/lib/python3.10/dist-packages/camera_app_msgs/srv/_capture_s.c
[0.580s] Listing '/home/earnest/camera_study/install/camera_app_msgs/local/lib/python3.10/dist-packages/camera_app_msgs'...
[0.580s] Listing '/home/earnest/camera_study/install/camera_app_msgs/local/lib/python3.10/dist-packages/camera_app_msgs/srv'...
[0.583s] -- Up-to-date: /home/earnest/camera_study/install/camera_app_msgs/local/lib/python3.10/dist-packages/camera_app_msgs/camera_app_msgs_s__rosidl_typesupport_fastrtps_c.cpython-310-x86_64-linux-gnu.so
[0.583s] -- Up-to-date: /home/earnest/camera_study/install/camera_app_msgs/local/lib/python3.10/dist-packages/camera_app_msgs/camera_app_msgs_s__rosidl_typesupport_introspection_c.cpython-310-x86_64-linux-gnu.so
[0.583s] -- Up-to-date: /home/earnest/camera_study/install/camera_app_msgs/local/lib/python3.10/dist-packages/camera_app_msgs/camera_app_msgs_s__rosidl_typesupport_c.cpython-310-x86_64-linux-gnu.so
[0.583s] -- Up-to-date: /home/earnest/camera_study/install/camera_app_msgs/lib/libcamera_app_msgs__rosidl_generator_py.so
[0.583s] -- Up-to-date: /home/earnest/camera_study/install/camera_app_msgs/share/camera_app_msgs/srv/Capture.idl
[0.584s] -- Up-to-date: /home/earnest/camera_study/install/camera_app_msgs/share/camera_app_msgs/srv/Capture.srv
[0.584s] -- Up-to-date: /home/earnest/camera_study/install/camera_app_msgs/share/camera_app_msgs/srv/Capture_Request.msg
[0.584s] -- Up-to-date: /home/earnest/camera_study/install/camera_app_msgs/share/camera_app_msgs/srv/Capture_Response.msg
[0.584s] -- Up-to-date: /home/earnest/camera_study/install/camera_app_msgs/share/ament_index/resource_index/package_run_dependencies/camera_app_msgs
[0.584s] -- Up-to-date: /home/earnest/camera_study/install/camera_app_msgs/share/ament_index/resource_index/parent_prefix_path/camera_app_msgs
[0.584s] -- Up-to-date: /home/earnest/camera_study/install/camera_app_msgs/share/camera_app_msgs/environment/ament_prefix_path.sh
[0.584s] -- Up-to-date: /home/earnest/camera_study/install/camera_app_msgs/share/camera_app_msgs/environment/ament_prefix_path.dsv
[0.584s] -- Up-to-date: /home/earnest/camera_study/install/camera_app_msgs/share/camera_app_msgs/environment/path.sh
[0.585s] -- Up-to-date: /home/earnest/camera_study/install/camera_app_msgs/share/camera_app_msgs/environment/path.dsv
[0.585s] -- Up-to-date: /home/earnest/camera_study/install/camera_app_msgs/share/camera_app_msgs/local_setup.bash
[0.585s] -- Up-to-date: /home/earnest/camera_study/install/camera_app_msgs/share/camera_app_msgs/local_setup.sh
[0.585s] -- Up-to-date: /home/earnest/camera_study/install/camera_app_msgs/share/camera_app_msgs/local_setup.zsh
[0.585s] -- Up-to-date: /home/earnest/camera_study/install/camera_app_msgs/share/camera_app_msgs/local_setup.dsv
[0.585s] -- Installing: /home/earnest/camera_study/install/camera_app_msgs/share/camera_app_msgs/package.dsv
[0.585s] -- Up-to-date: /home/earnest/camera_study/install/camera_app_msgs/share/ament_index/resource_index/packages/camera_app_msgs
[0.585s] -- Up-to-date: /home/earnest/camera_study/install/camera_app_msgs/share/camera_app_msgs/cmake/export_camera_app_msgs__rosidl_generator_cExport.cmake
[0.585s] -- Up-to-date: /home/earnest/camera_study/install/camera_app_msgs/share/camera_app_msgs/cmake/export_camera_app_msgs__rosidl_generator_cExport-noconfig.cmake
[0.586s] -- Up-to-date: /home/earnest/camera_study/install/camera_app_msgs/share/camera_app_msgs/cmake/export_camera_app_msgs__rosidl_typesupport_fastrtps_cExport.cmake
[0.586s] -- Up-to-date: /home/earnest/camera_study/install/camera_app_msgs/share/camera_app_msgs/cmake/export_camera_app_msgs__rosidl_typesupport_fastrtps_cExport-noconfig.cmake
[0.586s] -- Up-to-date: /home/earnest/camera_study/install/camera_app_msgs/share/camera_app_msgs/cmake/camera_app_msgs__rosidl_typesupport_introspection_cExport.cmake
[0.586s] -- Up-to-date: /home/earnest/camera_study/install/camera_app_msgs/share/camera_app_msgs/cmake/camera_app_msgs__rosidl_typesupport_introspection_cExport-noconfig.cmake
[0.586s] -- Up-to-date: /home/earnest/camera_study/install/camera_app_msgs/share/camera_app_msgs/cmake/camera_app_msgs__rosidl_typesupport_cExport.cmake
[0.586s] -- Up-to-date: /home/earnest/camera_study/install/camera_app_msgs/share/camera_app_msgs/cmake/camera_app_msgs__rosidl_typesupport_cExport-noconfig.cmake
[0.586s] -- Up-to-date: /home/earnest/camera_study/install/camera_app_msgs/share/camera_app_msgs/cmake/export_camera_app_msgs__rosidl_generator_cppExport.cmake
[0.586s] -- Up-to-date: /home/earnest/camera_study/install/camera_app_msgs/share/camera_app_msgs/cmake/export_camera_app_msgs__rosidl_typesupport_fastrtps_cppExport.cmake
[0.586s] -- Up-to-date: /home/earnest/camera_study/install/camera_app_msgs/share/camera_app_msgs/cmake/export_camera_app_msgs__rosidl_typesupport_fastrtps_cppExport-noconfig.cmake
[0.587s] -- Up-to-date: /home/earnest/camera_study/install/camera_app_msgs/share/camera_app_msgs/cmake/camera_app_msgs__rosidl_typesupport_introspection_cppExport.cmake
[0.587s] -- Up-to-date: /home/earnest/camera_study/install/camera_app_msgs/share/camera_app_msgs/cmake/camera_app_msgs__rosidl_typesupport_introspection_cppExport-noconfig.cmake
[0.587s] -- Up-to-date: /home/earnest/camera_study/install/camera_app_msgs/share/camera_app_msgs/cmake/camera_app_msgs__rosidl_typesupport_cppExport.cmake
[0.588s] -- Up-to-date: /home/earnest/camera_study/install/camera_app_msgs/share/camera_app_msgs/cmake/camera_app_msgs__rosidl_typesupport_cppExport-noconfig.cmake
[0.588s] -- Up-to-date: /home/earnest/camera_study/install/camera_app_msgs/share/camera_app_msgs/cmake/export_camera_app_msgs__rosidl_generator_pyExport.cmake
[0.588s] -- Up-to-date: /home/earnest/camera_study/install/camera_app_msgs/share/camera_app_msgs/cmake/export_camera_app_msgs__rosidl_generator_pyExport-noconfig.cmake
[0.588s] -- Up-to-date: /home/earnest/camera_study/install/camera_app_msgs/share/camera_app_msgs/cmake/rosidl_cmake-extras.cmake
[0.588s] -- Up-to-date: /home/earnest/camera_study/install/camera_app_msgs/share/camera_app_msgs/cmake/ament_cmake_export_include_directories-extras.cmake
[0.589s] -- Up-to-date: /home/earnest/camera_study/install/camera_app_msgs/share/camera_app_msgs/cmake/ament_cmake_export_libraries-extras.cmake
[0.589s] -- Up-to-date: /home/earnest/camera_study/install/camera_app_msgs/share/camera_app_msgs/cmake/ament_cmake_export_targets-extras.cmake
[0.589s] -- Up-to-date: /home/earnest/camera_study/install/camera_app_msgs/share/camera_app_msgs/cmake/rosidl_cmake_export_typesupport_targets-extras.cmake
[0.589s] -- Up-to-date: /home/earnest/camera_study/install/camera_app_msgs/share/camera_app_msgs/cmake/ament_cmake_export_dependencies-extras.cmake
[0.589s] -- Up-to-date: /home/earnest/camera_study/install/camera_app_msgs/share/camera_app_msgs/cmake/rosidl_cmake_export_typesupport_libraries-extras.cmake
[0.589s] -- Up-to-date: /home/earnest/camera_study/install/camera_app_msgs/share/camera_app_msgs/cmake/camera_app_msgsConfig.cmake
[0.590s] -- Up-to-date: /home/earnest/camera_study/install/camera_app_msgs/share/camera_app_msgs/cmake/camera_app_msgsConfig-version.cmake
[0.590s] -- Up-to-date: /home/earnest/camera_study/install/camera_app_msgs/share/camera_app_msgs/package.xml
[0.590s] Invoked command in '/home/earnest/camera_study/build/camera_app_msgs' returned '0': CMAKE_PREFIX_PATH=${CMAKE_PREFIX_PATH}:/home/earnest/camera_study/install/camera_app:/opt/ros/humble /usr/bin/cmake --install /home/earnest/camera_study/build/camera_app_msgs
