[0.213s] Invoking command in '/home/earnest/camera_study/build/camera_app_msgs': CMAKE_PREFIX_PATH=${CMAKE_PREFIX_PATH}:/home/earnest/camera_study/install/camera_app:/opt/ros/humble /usr/bin/cmake --build /home/earnest/camera_study/build/camera_app_msgs -- -j12 -l12
[0.231s] -- Found ament_cmake: 1.3.8 (/opt/ros/humble/share/ament_cmake/cmake)
[0.326s] -- Found rosidl_default_generators: 1.2.0 (/opt/ros/humble/share/rosidl_default_generators/cmake)
[0.327s] -- Using all available rosidl_typesupport_c: rosidl_typesupport_fastrtps_c;rosidl_typesupport_introspection_c
[0.329s] -- Found rosidl_adapter: 3.1.5 (/opt/ros/humble/share/rosidl_adapter/cmake)
[0.351s] -- Using all available rosidl_typesupport_cpp: rosidl_typesupport_fastrtps_cpp;rosidl_typesupport_introspection_cpp
[0.558s] -- Found ament_cmake_ros: 0.10.0 (/opt/ros/humble/share/ament_cmake_ros/cmake)
[0.693s] -- Using all available rosidl_typesupport_c: rosidl_typesupport_fastrtps_c;rosidl_typesupport_introspection_c
[0.870s] -- Using all available rosidl_typesupport_cpp: rosidl_typesupport_fastrtps_cpp;rosidl_typesupport_introspection_cpp
[0.887s] -- Found python_cmake_module: 0.10.0 (/opt/ros/humble/share/python_cmake_module/cmake)
[0.904s] -- Using PYTHON_EXECUTABLE: /usr/bin/python3
[0.904s] -- Using PYTHON_INCLUDE_DIRS: /usr/include/python3.10
[0.904s] -- Using PYTHON_LIBRARIES: /usr/lib/x86_64-linux-gnu/libpython3.10.so
[0.912s] -- Found ament_lint_auto: 0.12.10 (/opt/ros/humble/share/ament_lint_auto/cmake)
[0.918s] -- Added test 'lint_cmake' to check CMake code style
[0.919s] -- Added test 'xmllint' to check XML markup files
[0.920s] -- Configuring done
[0.938s] -- Generating done
[0.940s] -- Build files have been written to: /home/earnest/camera_study/build/camera_app_msgs
[0.958s] [  3%] [34m[1mGenerating C code for ROS interfaces[0m
[0.965s] [  6%] [34m[1mGenerating C++ code for ROS interfaces[0m
[0.972s] [  6%] Built target ament_cmake_python_copy_camera_app_msgs
[1.171s] running egg_info
[1.172s] writing camera_app_msgs.egg-info/PKG-INFO
[1.172s] writing dependency_links to camera_app_msgs.egg-info/dependency_links.txt
[1.173s] writing top-level names to camera_app_msgs.egg-info/top_level.txt
[1.173s] [35m[1mConsolidate compiler generated dependencies of target camera_app_msgs__rosidl_generator_c[0m
[1.175s] reading manifest file 'camera_app_msgs.egg-info/SOURCES.txt'
[1.175s] writing manifest file 'camera_app_msgs.egg-info/SOURCES.txt'
[1.181s] [  6%] Built target camera_app_msgs__cpp
[1.182s] [  9%] [32mBuilding C object CMakeFiles/camera_app_msgs__rosidl_generator_c.dir/rosidl_generator_c/camera_app_msgs/srv/detail/capture__functions.c.o[0m
[1.189s] [ 19%] [34m[1mGenerating C++ introspection for ROS interfaces[0m
[1.189s] [ 19%] [34m[1mGenerating C++ type support for eProsima Fast-RTPS[0m
[1.189s] [ 19%] [34m[1mGenerating C++ type support dispatch for ROS interfaces[0m
[1.198s] [ 19%] Built target ament_cmake_python_build_camera_app_msgs_egg
[1.226s] [ 22%] [32m[1mLinking C shared library libcamera_app_msgs__rosidl_generator_c.so[0m
[1.254s] [ 22%] Built target camera_app_msgs__rosidl_generator_c
[1.262s] [ 32%] [34m[1mGenerating C introspection for ROS interfaces[0m
[1.262s] [ 32%] [34m[1mGenerating C type support dispatch for ROS interfaces[0m
[1.262s] [ 32%] [34m[1mGenerating C type support for eProsima Fast-RTPS[0m
[1.372s] [35m[1mConsolidate compiler generated dependencies of target camera_app_msgs__rosidl_typesupport_cpp[0m
[1.382s] [ 35%] [32mBuilding CXX object CMakeFiles/camera_app_msgs__rosidl_typesupport_cpp.dir/rosidl_typesupport_cpp/camera_app_msgs/srv/capture__type_support.cpp.o[0m
[1.390s] [35m[1mConsolidate compiler generated dependencies of target camera_app_msgs__rosidl_typesupport_introspection_cpp[0m
[1.399s] [ 38%] [32mBuilding CXX object CMakeFiles/camera_app_msgs__rosidl_typesupport_introspection_cpp.dir/rosidl_typesupport_introspection_cpp/camera_app_msgs/srv/detail/capture__type_support.cpp.o[0m
[1.405s] [35m[1mConsolidate compiler generated dependencies of target camera_app_msgs__rosidl_typesupport_fastrtps_cpp[0m
[1.416s] [ 41%] [32mBuilding CXX object CMakeFiles/camera_app_msgs__rosidl_typesupport_fastrtps_cpp.dir/rosidl_typesupport_fastrtps_cpp/camera_app_msgs/srv/detail/dds_fastrtps/capture__type_support.cpp.o[0m
[1.445s] [35m[1mConsolidate compiler generated dependencies of target camera_app_msgs__rosidl_typesupport_c[0m
[1.455s] [ 45%] [32mBuilding CXX object CMakeFiles/camera_app_msgs__rosidl_typesupport_c.dir/rosidl_typesupport_c/camera_app_msgs/srv/capture__type_support.cpp.o[0m
[1.480s] [ 48%] [32m[1mLinking CXX shared library libcamera_app_msgs__rosidl_typesupport_c.so[0m
[1.480s] [35m[1mConsolidate compiler generated dependencies of target camera_app_msgs__rosidl_typesupport_introspection_c[0m
[1.481s] [35m[1mConsolidate compiler generated dependencies of target camera_app_msgs__rosidl_typesupport_fastrtps_c[0m
[1.489s] [ 51%] [32mBuilding C object CMakeFiles/camera_app_msgs__rosidl_typesupport_introspection_c.dir/rosidl_typesupport_introspection_c/camera_app_msgs/srv/detail/capture__type_support.c.o[0m
[1.491s] [ 54%] [32mBuilding CXX object CMakeFiles/camera_app_msgs__rosidl_typesupport_fastrtps_c.dir/rosidl_typesupport_fastrtps_c/camera_app_msgs/srv/detail/capture__type_support_c.cpp.o[0m
[1.513s] [ 54%] Built target camera_app_msgs__rosidl_typesupport_c
[1.516s] [ 58%] [32m[1mLinking C shared library libcamera_app_msgs__rosidl_typesupport_introspection_c.so[0m
[1.541s] [ 58%] Built target camera_app_msgs__rosidl_typesupport_introspection_c
[1.596s] [ 61%] [32m[1mLinking CXX shared library libcamera_app_msgs__rosidl_typesupport_cpp.so[0m
[1.629s] [ 61%] Built target camera_app_msgs__rosidl_typesupport_cpp
[1.694s] [ 64%] [32m[1mLinking CXX shared library libcamera_app_msgs__rosidl_typesupport_introspection_cpp.so[0m
[1.726s] [ 64%] Built target camera_app_msgs__rosidl_typesupport_introspection_cpp
[1.737s] [ 67%] [32m[1mLinking CXX shared library libcamera_app_msgs__rosidl_typesupport_fastrtps_cpp.so[0m
[1.758s] [ 70%] [32m[1mLinking CXX shared library libcamera_app_msgs__rosidl_typesupport_fastrtps_c.so[0m
[1.793s] [ 70%] Built target camera_app_msgs__rosidl_typesupport_fastrtps_cpp
[1.815s] [ 70%] Built target camera_app_msgs__rosidl_typesupport_fastrtps_c
[1.829s] [ 70%] Built target camera_app_msgs
[1.844s] [ 74%] [34m[1mGenerating Python code for ROS interfaces[0m
[2.119s] [ 74%] Built target camera_app_msgs__py
[2.127s] [35m[1mConsolidate compiler generated dependencies of target camera_app_msgs__rosidl_generator_py[0m
[2.137s] [ 77%] [32mBuilding C object CMakeFiles/camera_app_msgs__rosidl_generator_py.dir/rosidl_generator_py/camera_app_msgs/srv/_capture_s.c.o[0m
[2.212s] [ 80%] [32m[1mLinking C shared library rosidl_generator_py/camera_app_msgs/libcamera_app_msgs__rosidl_generator_py.so[0m
[2.240s] [ 80%] Built target camera_app_msgs__rosidl_generator_py
[2.248s] [35m[1mConsolidate compiler generated dependencies of target camera_app_msgs__rosidl_typesupport_fastrtps_c__pyext[0m
[2.248s] [35m[1mConsolidate compiler generated dependencies of target camera_app_msgs__rosidl_typesupport_c__pyext[0m
[2.248s] [35m[1mConsolidate compiler generated dependencies of target camera_app_msgs__rosidl_typesupport_introspection_c__pyext[0m
[2.257s] [ 90%] [32mBuilding C object CMakeFiles/camera_app_msgs__rosidl_typesupport_c__pyext.dir/rosidl_generator_py/camera_app_msgs/_camera_app_msgs_s.ep.rosidl_typesupport_c.c.o[0m
[2.258s] [ 90%] [32mBuilding C object CMakeFiles/camera_app_msgs__rosidl_typesupport_introspection_c__pyext.dir/rosidl_generator_py/camera_app_msgs/_camera_app_msgs_s.ep.rosidl_typesupport_introspection_c.c.o[0m
[2.258s] [ 90%] [32mBuilding C object CMakeFiles/camera_app_msgs__rosidl_typesupport_fastrtps_c__pyext.dir/rosidl_generator_py/camera_app_msgs/_camera_app_msgs_s.ep.rosidl_typesupport_fastrtps_c.c.o[0m
[2.328s] [ 96%] [32m[1mLinking C shared library rosidl_generator_py/camera_app_msgs/camera_app_msgs_s__rosidl_typesupport_introspection_c.cpython-310-x86_64-linux-gnu.so[0m
[2.328s] [ 96%] [32m[1mLinking C shared library rosidl_generator_py/camera_app_msgs/camera_app_msgs_s__rosidl_typesupport_c.cpython-310-x86_64-linux-gnu.so[0m
[2.330s] [100%] [32m[1mLinking C shared library rosidl_generator_py/camera_app_msgs/camera_app_msgs_s__rosidl_typesupport_fastrtps_c.cpython-310-x86_64-linux-gnu.so[0m
[2.354s] [100%] Built target camera_app_msgs__rosidl_typesupport_introspection_c__pyext
[2.354s] [100%] Built target camera_app_msgs__rosidl_typesupport_c__pyext
[2.354s] [100%] Built target camera_app_msgs__rosidl_typesupport_fastrtps_c__pyext
[2.363s] Invoked command in '/home/earnest/camera_study/build/camera_app_msgs' returned '0': CMAKE_PREFIX_PATH=${CMAKE_PREFIX_PATH}:/home/earnest/camera_study/install/camera_app:/opt/ros/humble /usr/bin/cmake --build /home/earnest/camera_study/build/camera_app_msgs -- -j12 -l12
[2.407s] Invoking command in '/home/earnest/camera_study/build/camera_app_msgs': CMAKE_PREFIX_PATH=${CMAKE_PREFIX_PATH}:/home/earnest/camera_study/install/camera_app:/opt/ros/humble /usr/bin/cmake --install /home/earnest/camera_study/build/camera_app_msgs
[2.413s] -- Install configuration: ""
[2.413s] -- Up-to-date: /home/earnest/camera_study/install/camera_app_msgs/share/ament_index/resource_index/rosidl_interfaces/camera_app_msgs
[2.413s] -- Up-to-date: /home/earnest/camera_study/install/camera_app_msgs/include/camera_app_msgs/camera_app_msgs
[2.413s] -- Up-to-date: /home/earnest/camera_study/install/camera_app_msgs/include/camera_app_msgs/camera_app_msgs/msg
[2.413s] -- Up-to-date: /home/earnest/camera_study/install/camera_app_msgs/include/camera_app_msgs/camera_app_msgs/msg/rosidl_generator_c__visibility_control.h
[2.413s] -- Up-to-date: /home/earnest/camera_study/install/camera_app_msgs/include/camera_app_msgs/camera_app_msgs/srv
[2.413s] -- Up-to-date: /home/earnest/camera_study/install/camera_app_msgs/include/camera_app_msgs/camera_app_msgs/srv/detail
[2.413s] -- Installing: /home/earnest/camera_study/install/camera_app_msgs/include/camera_app_msgs/camera_app_msgs/srv/detail/capture__functions.h
[2.413s] -- Installing: /home/earnest/camera_study/install/camera_app_msgs/include/camera_app_msgs/camera_app_msgs/srv/detail/capture__struct.h
[2.413s] -- Installing: /home/earnest/camera_study/install/camera_app_msgs/include/camera_app_msgs/camera_app_msgs/srv/detail/capture__type_support.h
[2.413s] -- Up-to-date: /home/earnest/camera_study/install/camera_app_msgs/include/camera_app_msgs/camera_app_msgs/srv/detail/capture1__struct.h
[2.413s] -- Up-to-date: /home/earnest/camera_study/install/camera_app_msgs/include/camera_app_msgs/camera_app_msgs/srv/detail/capture1__functions.h
[2.413s] -- Installing: /home/earnest/camera_study/install/camera_app_msgs/include/camera_app_msgs/camera_app_msgs/srv/detail/capture__functions.c
[2.413s] -- Up-to-date: /home/earnest/camera_study/install/camera_app_msgs/include/camera_app_msgs/camera_app_msgs/srv/detail/capture1__functions.c
[2.413s] -- Up-to-date: /home/earnest/camera_study/install/camera_app_msgs/include/camera_app_msgs/camera_app_msgs/srv/detail/capture1__type_support.h
[2.413s] -- Installing: /home/earnest/camera_study/install/camera_app_msgs/include/camera_app_msgs/camera_app_msgs/srv/capture.h
[2.414s] -- Up-to-date: /home/earnest/camera_study/install/camera_app_msgs/include/camera_app_msgs/camera_app_msgs/srv/capture1.h
[2.414s] -- Up-to-date: /home/earnest/camera_study/install/camera_app_msgs/share/camera_app_msgs/environment/library_path.sh
[2.414s] -- Installing: /home/earnest/camera_study/install/camera_app_msgs/share/camera_app_msgs/environment/library_path.dsv
[2.414s] -- Installing: /home/earnest/camera_study/install/camera_app_msgs/lib/libcamera_app_msgs__rosidl_generator_c.so
[2.414s] -- Set runtime path of "/home/earnest/camera_study/install/camera_app_msgs/lib/libcamera_app_msgs__rosidl_generator_c.so" to ""
[2.414s] -- Up-to-date: /home/earnest/camera_study/install/camera_app_msgs/include/camera_app_msgs/camera_app_msgs
[2.414s] -- Up-to-date: /home/earnest/camera_study/install/camera_app_msgs/include/camera_app_msgs/camera_app_msgs/msg
[2.414s] -- Up-to-date: /home/earnest/camera_study/install/camera_app_msgs/include/camera_app_msgs/camera_app_msgs/msg/rosidl_typesupport_fastrtps_c__visibility_control.h
[2.414s] -- Up-to-date: /home/earnest/camera_study/install/camera_app_msgs/include/camera_app_msgs/camera_app_msgs/srv
[2.414s] -- Up-to-date: /home/earnest/camera_study/install/camera_app_msgs/include/camera_app_msgs/camera_app_msgs/srv/detail
[2.414s] -- Installing: /home/earnest/camera_study/install/camera_app_msgs/include/camera_app_msgs/camera_app_msgs/srv/detail/capture__rosidl_typesupport_fastrtps_c.h
[2.414s] -- Up-to-date: /home/earnest/camera_study/install/camera_app_msgs/include/camera_app_msgs/camera_app_msgs/srv/detail/capture1__rosidl_typesupport_fastrtps_c.h
[2.414s] -- Installing: /home/earnest/camera_study/install/camera_app_msgs/lib/libcamera_app_msgs__rosidl_typesupport_fastrtps_c.so
[2.414s] -- Set runtime path of "/home/earnest/camera_study/install/camera_app_msgs/lib/libcamera_app_msgs__rosidl_typesupport_fastrtps_c.so" to ""
[2.414s] -- Up-to-date: /home/earnest/camera_study/install/camera_app_msgs/include/camera_app_msgs/camera_app_msgs
[2.414s] -- Up-to-date: /home/earnest/camera_study/install/camera_app_msgs/include/camera_app_msgs/camera_app_msgs/msg
[2.414s] -- Up-to-date: /home/earnest/camera_study/install/camera_app_msgs/include/camera_app_msgs/camera_app_msgs/msg/rosidl_typesupport_introspection_c__visibility_control.h
[2.415s] -- Up-to-date: /home/earnest/camera_study/install/camera_app_msgs/include/camera_app_msgs/camera_app_msgs/srv
[2.415s] -- Up-to-date: /home/earnest/camera_study/install/camera_app_msgs/include/camera_app_msgs/camera_app_msgs/srv/detail
[2.415s] -- Up-to-date: /home/earnest/camera_study/install/camera_app_msgs/include/camera_app_msgs/camera_app_msgs/srv/detail/capture1__rosidl_typesupport_introspection_c.h
[2.415s] -- Installing: /home/earnest/camera_study/install/camera_app_msgs/include/camera_app_msgs/camera_app_msgs/srv/detail/capture__type_support.c
[2.415s] -- Up-to-date: /home/earnest/camera_study/install/camera_app_msgs/include/camera_app_msgs/camera_app_msgs/srv/detail/capture1__type_support.c
[2.415s] -- Installing: /home/earnest/camera_study/install/camera_app_msgs/include/camera_app_msgs/camera_app_msgs/srv/detail/capture__rosidl_typesupport_introspection_c.h
[2.415s] -- Installing: /home/earnest/camera_study/install/camera_app_msgs/lib/libcamera_app_msgs__rosidl_typesupport_introspection_c.so
[2.415s] -- Set runtime path of "/home/earnest/camera_study/install/camera_app_msgs/lib/libcamera_app_msgs__rosidl_typesupport_introspection_c.so" to ""
[2.415s] -- Installing: /home/earnest/camera_study/install/camera_app_msgs/lib/libcamera_app_msgs__rosidl_typesupport_c.so
[2.415s] -- Set runtime path of "/home/earnest/camera_study/install/camera_app_msgs/lib/libcamera_app_msgs__rosidl_typesupport_c.so" to ""
[2.415s] -- Up-to-date: /home/earnest/camera_study/install/camera_app_msgs/include/camera_app_msgs/camera_app_msgs
[2.415s] -- Up-to-date: /home/earnest/camera_study/install/camera_app_msgs/include/camera_app_msgs/camera_app_msgs/srv
[2.415s] -- Up-to-date: /home/earnest/camera_study/install/camera_app_msgs/include/camera_app_msgs/camera_app_msgs/srv/detail
[2.415s] -- Up-to-date: /home/earnest/camera_study/install/camera_app_msgs/include/camera_app_msgs/camera_app_msgs/srv/detail/capture1__builder.hpp
[2.415s] -- Installing: /home/earnest/camera_study/install/camera_app_msgs/include/camera_app_msgs/camera_app_msgs/srv/detail/capture__builder.hpp
[2.416s] -- Up-to-date: /home/earnest/camera_study/install/camera_app_msgs/include/camera_app_msgs/camera_app_msgs/srv/detail/capture1__struct.hpp
[2.416s] -- Installing: /home/earnest/camera_study/install/camera_app_msgs/include/camera_app_msgs/camera_app_msgs/srv/detail/capture__struct.hpp
[2.416s] -- Up-to-date: /home/earnest/camera_study/install/camera_app_msgs/include/camera_app_msgs/camera_app_msgs/srv/detail/capture1__traits.hpp
[2.416s] -- Installing: /home/earnest/camera_study/install/camera_app_msgs/include/camera_app_msgs/camera_app_msgs/srv/detail/capture__traits.hpp
[2.416s] -- Up-to-date: /home/earnest/camera_study/install/camera_app_msgs/include/camera_app_msgs/camera_app_msgs/srv/capture1.hpp
[2.416s] -- Installing: /home/earnest/camera_study/install/camera_app_msgs/include/camera_app_msgs/camera_app_msgs/srv/capture.hpp
[2.416s] -- Up-to-date: /home/earnest/camera_study/install/camera_app_msgs/include/camera_app_msgs/camera_app_msgs
[2.416s] -- Up-to-date: /home/earnest/camera_study/install/camera_app_msgs/include/camera_app_msgs/camera_app_msgs/msg
[2.416s] -- Up-to-date: /home/earnest/camera_study/install/camera_app_msgs/include/camera_app_msgs/camera_app_msgs/msg/rosidl_typesupport_fastrtps_cpp__visibility_control.h
[2.416s] -- Up-to-date: /home/earnest/camera_study/install/camera_app_msgs/include/camera_app_msgs/camera_app_msgs/srv
[2.416s] -- Up-to-date: /home/earnest/camera_study/install/camera_app_msgs/include/camera_app_msgs/camera_app_msgs/srv/detail
[2.416s] -- Installing: /home/earnest/camera_study/install/camera_app_msgs/include/camera_app_msgs/camera_app_msgs/srv/detail/capture__rosidl_typesupport_fastrtps_cpp.hpp
[2.416s] -- Up-to-date: /home/earnest/camera_study/install/camera_app_msgs/include/camera_app_msgs/camera_app_msgs/srv/detail/dds_fastrtps
[2.416s] -- Up-to-date: /home/earnest/camera_study/install/camera_app_msgs/include/camera_app_msgs/camera_app_msgs/srv/detail/capture1__rosidl_typesupport_fastrtps_cpp.hpp
[2.416s] -- Installing: /home/earnest/camera_study/install/camera_app_msgs/lib/libcamera_app_msgs__rosidl_typesupport_fastrtps_cpp.so
[2.416s] -- Set runtime path of "/home/earnest/camera_study/install/camera_app_msgs/lib/libcamera_app_msgs__rosidl_typesupport_fastrtps_cpp.so" to ""
[2.416s] -- Up-to-date: /home/earnest/camera_study/install/camera_app_msgs/include/camera_app_msgs/camera_app_msgs
[2.416s] -- Up-to-date: /home/earnest/camera_study/install/camera_app_msgs/include/camera_app_msgs/camera_app_msgs/srv
[2.416s] -- Up-to-date: /home/earnest/camera_study/install/camera_app_msgs/include/camera_app_msgs/camera_app_msgs/srv/detail
[2.417s] -- Installing: /home/earnest/camera_study/install/camera_app_msgs/include/camera_app_msgs/camera_app_msgs/srv/detail/capture__rosidl_typesupport_introspection_cpp.hpp
[2.417s] -- Up-to-date: /home/earnest/camera_study/install/camera_app_msgs/include/camera_app_msgs/camera_app_msgs/srv/detail/capture1__type_support.cpp
[2.417s] -- Installing: /home/earnest/camera_study/install/camera_app_msgs/include/camera_app_msgs/camera_app_msgs/srv/detail/capture__type_support.cpp
[2.417s] -- Up-to-date: /home/earnest/camera_study/install/camera_app_msgs/include/camera_app_msgs/camera_app_msgs/srv/detail/capture1__rosidl_typesupport_introspection_cpp.hpp
[2.417s] -- Installing: /home/earnest/camera_study/install/camera_app_msgs/lib/libcamera_app_msgs__rosidl_typesupport_introspection_cpp.so
[2.417s] -- Set runtime path of "/home/earnest/camera_study/install/camera_app_msgs/lib/libcamera_app_msgs__rosidl_typesupport_introspection_cpp.so" to ""
[2.417s] -- Installing: /home/earnest/camera_study/install/camera_app_msgs/lib/libcamera_app_msgs__rosidl_typesupport_cpp.so
[2.417s] -- Set runtime path of "/home/earnest/camera_study/install/camera_app_msgs/lib/libcamera_app_msgs__rosidl_typesupport_cpp.so" to ""
[2.417s] -- Up-to-date: /home/earnest/camera_study/install/camera_app_msgs/share/camera_app_msgs/environment/pythonpath.sh
[2.417s] -- Installing: /home/earnest/camera_study/install/camera_app_msgs/share/camera_app_msgs/environment/pythonpath.dsv
[2.417s] -- Up-to-date: /home/earnest/camera_study/install/camera_app_msgs/local/lib/python3.10/dist-packages/camera_app_msgs-0.0.0-py3.10.egg-info
[2.417s] -- Installing: /home/earnest/camera_study/install/camera_app_msgs/local/lib/python3.10/dist-packages/camera_app_msgs-0.0.0-py3.10.egg-info/SOURCES.txt
[2.417s] -- Installing: /home/earnest/camera_study/install/camera_app_msgs/local/lib/python3.10/dist-packages/camera_app_msgs-0.0.0-py3.10.egg-info/dependency_links.txt
[2.417s] -- Installing: /home/earnest/camera_study/install/camera_app_msgs/local/lib/python3.10/dist-packages/camera_app_msgs-0.0.0-py3.10.egg-info/top_level.txt
[2.417s] -- Installing: /home/earnest/camera_study/install/camera_app_msgs/local/lib/python3.10/dist-packages/camera_app_msgs-0.0.0-py3.10.egg-info/PKG-INFO
[2.417s] -- Up-to-date: /home/earnest/camera_study/install/camera_app_msgs/local/lib/python3.10/dist-packages/camera_app_msgs
[2.418s] -- Installing: /home/earnest/camera_study/install/camera_app_msgs/local/lib/python3.10/dist-packages/camera_app_msgs/_camera_app_msgs_s.ep.rosidl_typesupport_fastrtps_c.c
[2.418s] -- Installing: /home/earnest/camera_study/install/camera_app_msgs/local/lib/python3.10/dist-packages/camera_app_msgs/__init__.py
[2.418s] -- Installing: /home/earnest/camera_study/install/camera_app_msgs/local/lib/python3.10/dist-packages/camera_app_msgs/libcamera_app_msgs__rosidl_generator_py.so
[2.418s] -- Installing: /home/earnest/camera_study/install/camera_app_msgs/local/lib/python3.10/dist-packages/camera_app_msgs/_camera_app_msgs_s.ep.rosidl_typesupport_introspection_c.c
[2.418s] -- Installing: /home/earnest/camera_study/install/camera_app_msgs/local/lib/python3.10/dist-packages/camera_app_msgs/camera_app_msgs_s__rosidl_typesupport_c.cpython-310-x86_64-linux-gnu.so
[2.418s] -- Installing: /home/earnest/camera_study/install/camera_app_msgs/local/lib/python3.10/dist-packages/camera_app_msgs/camera_app_msgs_s__rosidl_typesupport_introspection_c.cpython-310-x86_64-linux-gnu.so
[2.418s] -- Installing: /home/earnest/camera_study/install/camera_app_msgs/local/lib/python3.10/dist-packages/camera_app_msgs/_camera_app_msgs_s.ep.rosidl_typesupport_c.c
[2.418s] -- Installing: /home/earnest/camera_study/install/camera_app_msgs/local/lib/python3.10/dist-packages/camera_app_msgs/camera_app_msgs_s__rosidl_typesupport_fastrtps_c.cpython-310-x86_64-linux-gnu.so
[2.418s] -- Up-to-date: /home/earnest/camera_study/install/camera_app_msgs/local/lib/python3.10/dist-packages/camera_app_msgs/srv
[2.418s] -- Up-to-date: /home/earnest/camera_study/install/camera_app_msgs/local/lib/python3.10/dist-packages/camera_app_msgs/srv/_capture1_s.c
[2.418s] -- Installing: /home/earnest/camera_study/install/camera_app_msgs/local/lib/python3.10/dist-packages/camera_app_msgs/srv/__init__.py
[2.418s] -- Installing: /home/earnest/camera_study/install/camera_app_msgs/local/lib/python3.10/dist-packages/camera_app_msgs/srv/_capture.py
[2.418s] -- Up-to-date: /home/earnest/camera_study/install/camera_app_msgs/local/lib/python3.10/dist-packages/camera_app_msgs/srv/_capture1.py
[2.418s] -- Installing: /home/earnest/camera_study/install/camera_app_msgs/local/lib/python3.10/dist-packages/camera_app_msgs/srv/_capture_s.c
[2.444s] Listing '/home/earnest/camera_study/install/camera_app_msgs/local/lib/python3.10/dist-packages/camera_app_msgs'...
[2.444s] Compiling '/home/earnest/camera_study/install/camera_app_msgs/local/lib/python3.10/dist-packages/camera_app_msgs/__init__.py'...
[2.445s] Listing '/home/earnest/camera_study/install/camera_app_msgs/local/lib/python3.10/dist-packages/camera_app_msgs/srv'...
[2.445s] Compiling '/home/earnest/camera_study/install/camera_app_msgs/local/lib/python3.10/dist-packages/camera_app_msgs/srv/__init__.py'...
[2.445s] Compiling '/home/earnest/camera_study/install/camera_app_msgs/local/lib/python3.10/dist-packages/camera_app_msgs/srv/_capture.py'...
[2.448s] -- Installing: /home/earnest/camera_study/install/camera_app_msgs/local/lib/python3.10/dist-packages/camera_app_msgs/camera_app_msgs_s__rosidl_typesupport_fastrtps_c.cpython-310-x86_64-linux-gnu.so
[2.448s] -- Set runtime path of "/home/earnest/camera_study/install/camera_app_msgs/local/lib/python3.10/dist-packages/camera_app_msgs/camera_app_msgs_s__rosidl_typesupport_fastrtps_c.cpython-310-x86_64-linux-gnu.so" to ""
[2.448s] -- Installing: /home/earnest/camera_study/install/camera_app_msgs/local/lib/python3.10/dist-packages/camera_app_msgs/camera_app_msgs_s__rosidl_typesupport_introspection_c.cpython-310-x86_64-linux-gnu.so
[2.448s] -- Set runtime path of "/home/earnest/camera_study/install/camera_app_msgs/local/lib/python3.10/dist-packages/camera_app_msgs/camera_app_msgs_s__rosidl_typesupport_introspection_c.cpython-310-x86_64-linux-gnu.so" to ""
[2.448s] -- Installing: /home/earnest/camera_study/install/camera_app_msgs/local/lib/python3.10/dist-packages/camera_app_msgs/camera_app_msgs_s__rosidl_typesupport_c.cpython-310-x86_64-linux-gnu.so
[2.449s] -- Set runtime path of "/home/earnest/camera_study/install/camera_app_msgs/local/lib/python3.10/dist-packages/camera_app_msgs/camera_app_msgs_s__rosidl_typesupport_c.cpython-310-x86_64-linux-gnu.so" to ""
[2.449s] -- Installing: /home/earnest/camera_study/install/camera_app_msgs/lib/libcamera_app_msgs__rosidl_generator_py.so
[2.449s] -- Set runtime path of "/home/earnest/camera_study/install/camera_app_msgs/lib/libcamera_app_msgs__rosidl_generator_py.so" to ""
[2.449s] -- Installing: /home/earnest/camera_study/install/camera_app_msgs/share/camera_app_msgs/srv/Capture.idl
[2.449s] -- Installing: /home/earnest/camera_study/install/camera_app_msgs/share/camera_app_msgs/srv/Capture.srv
[2.449s] -- Installing: /home/earnest/camera_study/install/camera_app_msgs/share/camera_app_msgs/srv/Capture_Request.msg
[2.449s] -- Up-to-date: /home/earnest/camera_study/install/camera_app_msgs/share/camera_app_msgs/srv/Capture_Response.msg
[2.449s] -- Up-to-date: /home/earnest/camera_study/install/camera_app_msgs/share/ament_index/resource_index/package_run_dependencies/camera_app_msgs
[2.449s] -- Up-to-date: /home/earnest/camera_study/install/camera_app_msgs/share/ament_index/resource_index/parent_prefix_path/camera_app_msgs
[2.449s] -- Up-to-date: /home/earnest/camera_study/install/camera_app_msgs/share/camera_app_msgs/environment/ament_prefix_path.sh
[2.449s] -- Installing: /home/earnest/camera_study/install/camera_app_msgs/share/camera_app_msgs/environment/ament_prefix_path.dsv
[2.449s] -- Up-to-date: /home/earnest/camera_study/install/camera_app_msgs/share/camera_app_msgs/environment/path.sh
[2.450s] -- Installing: /home/earnest/camera_study/install/camera_app_msgs/share/camera_app_msgs/environment/path.dsv
[2.450s] -- Up-to-date: /home/earnest/camera_study/install/camera_app_msgs/share/camera_app_msgs/local_setup.bash
[2.450s] -- Up-to-date: /home/earnest/camera_study/install/camera_app_msgs/share/camera_app_msgs/local_setup.sh
[2.450s] -- Up-to-date: /home/earnest/camera_study/install/camera_app_msgs/share/camera_app_msgs/local_setup.zsh
[2.450s] -- Installing: /home/earnest/camera_study/install/camera_app_msgs/share/camera_app_msgs/local_setup.dsv
[2.450s] -- Installing: /home/earnest/camera_study/install/camera_app_msgs/share/camera_app_msgs/package.dsv
[2.450s] -- Up-to-date: /home/earnest/camera_study/install/camera_app_msgs/share/ament_index/resource_index/packages/camera_app_msgs
[2.450s] -- Up-to-date: /home/earnest/camera_study/install/camera_app_msgs/share/camera_app_msgs/cmake/export_camera_app_msgs__rosidl_generator_cExport.cmake
[2.450s] -- Up-to-date: /home/earnest/camera_study/install/camera_app_msgs/share/camera_app_msgs/cmake/export_camera_app_msgs__rosidl_generator_cExport-noconfig.cmake
[2.450s] -- Up-to-date: /home/earnest/camera_study/install/camera_app_msgs/share/camera_app_msgs/cmake/export_camera_app_msgs__rosidl_typesupport_fastrtps_cExport.cmake
[2.450s] -- Up-to-date: /home/earnest/camera_study/install/camera_app_msgs/share/camera_app_msgs/cmake/export_camera_app_msgs__rosidl_typesupport_fastrtps_cExport-noconfig.cmake
[2.450s] -- Up-to-date: /home/earnest/camera_study/install/camera_app_msgs/share/camera_app_msgs/cmake/camera_app_msgs__rosidl_typesupport_introspection_cExport.cmake
[2.450s] -- Up-to-date: /home/earnest/camera_study/install/camera_app_msgs/share/camera_app_msgs/cmake/camera_app_msgs__rosidl_typesupport_introspection_cExport-noconfig.cmake
[2.450s] -- Up-to-date: /home/earnest/camera_study/install/camera_app_msgs/share/camera_app_msgs/cmake/camera_app_msgs__rosidl_typesupport_cExport.cmake
[2.450s] -- Up-to-date: /home/earnest/camera_study/install/camera_app_msgs/share/camera_app_msgs/cmake/camera_app_msgs__rosidl_typesupport_cExport-noconfig.cmake
[2.450s] -- Up-to-date: /home/earnest/camera_study/install/camera_app_msgs/share/camera_app_msgs/cmake/export_camera_app_msgs__rosidl_generator_cppExport.cmake
[2.450s] -- Up-to-date: /home/earnest/camera_study/install/camera_app_msgs/share/camera_app_msgs/cmake/export_camera_app_msgs__rosidl_typesupport_fastrtps_cppExport.cmake
[2.451s] -- Up-to-date: /home/earnest/camera_study/install/camera_app_msgs/share/camera_app_msgs/cmake/export_camera_app_msgs__rosidl_typesupport_fastrtps_cppExport-noconfig.cmake
[2.451s] -- Up-to-date: /home/earnest/camera_study/install/camera_app_msgs/share/camera_app_msgs/cmake/camera_app_msgs__rosidl_typesupport_introspection_cppExport.cmake
[2.451s] -- Up-to-date: /home/earnest/camera_study/install/camera_app_msgs/share/camera_app_msgs/cmake/camera_app_msgs__rosidl_typesupport_introspection_cppExport-noconfig.cmake
[2.451s] -- Up-to-date: /home/earnest/camera_study/install/camera_app_msgs/share/camera_app_msgs/cmake/camera_app_msgs__rosidl_typesupport_cppExport.cmake
[2.451s] -- Up-to-date: /home/earnest/camera_study/install/camera_app_msgs/share/camera_app_msgs/cmake/camera_app_msgs__rosidl_typesupport_cppExport-noconfig.cmake
[2.451s] -- Up-to-date: /home/earnest/camera_study/install/camera_app_msgs/share/camera_app_msgs/cmake/export_camera_app_msgs__rosidl_generator_pyExport.cmake
[2.451s] -- Up-to-date: /home/earnest/camera_study/install/camera_app_msgs/share/camera_app_msgs/cmake/export_camera_app_msgs__rosidl_generator_pyExport-noconfig.cmake
[2.451s] -- Up-to-date: /home/earnest/camera_study/install/camera_app_msgs/share/camera_app_msgs/cmake/rosidl_cmake-extras.cmake
[2.451s] -- Up-to-date: /home/earnest/camera_study/install/camera_app_msgs/share/camera_app_msgs/cmake/ament_cmake_export_include_directories-extras.cmake
[2.451s] -- Up-to-date: /home/earnest/camera_study/install/camera_app_msgs/share/camera_app_msgs/cmake/ament_cmake_export_libraries-extras.cmake
[2.451s] -- Up-to-date: /home/earnest/camera_study/install/camera_app_msgs/share/camera_app_msgs/cmake/ament_cmake_export_targets-extras.cmake
[2.451s] -- Up-to-date: /home/earnest/camera_study/install/camera_app_msgs/share/camera_app_msgs/cmake/rosidl_cmake_export_typesupport_targets-extras.cmake
[2.451s] -- Up-to-date: /home/earnest/camera_study/install/camera_app_msgs/share/camera_app_msgs/cmake/ament_cmake_export_dependencies-extras.cmake
[2.451s] -- Up-to-date: /home/earnest/camera_study/install/camera_app_msgs/share/camera_app_msgs/cmake/rosidl_cmake_export_typesupport_libraries-extras.cmake
[2.451s] -- Up-to-date: /home/earnest/camera_study/install/camera_app_msgs/share/camera_app_msgs/cmake/camera_app_msgsConfig.cmake
[2.451s] -- Up-to-date: /home/earnest/camera_study/install/camera_app_msgs/share/camera_app_msgs/cmake/camera_app_msgsConfig-version.cmake
[2.451s] -- Up-to-date: /home/earnest/camera_study/install/camera_app_msgs/share/camera_app_msgs/package.xml
[2.453s] Invoked command in '/home/earnest/camera_study/build/camera_app_msgs' returned '0': CMAKE_PREFIX_PATH=${CMAKE_PREFIX_PATH}:/home/earnest/camera_study/install/camera_app:/opt/ros/humble /usr/bin/cmake --install /home/earnest/camera_study/build/camera_app_msgs
