/home/earnest/camera_study/install/camera_app/lib/python3.10/site-packages/camera_app/__init__.py
/home/earnest/camera_study/install/camera_app/lib/python3.10/site-packages/camera_app/canny.py
/home/earnest/camera_study/install/camera_app/lib/python3.10/site-packages/camera_app/test.py
/home/earnest/camera_study/install/camera_app/lib/python3.10/site-packages/camera_app/capture_and_record.py
/home/earnest/camera_study/install/camera_app/lib/python3.10/site-packages/camera_app/emoji_overlay.py
/home/earnest/camera_study/install/camera_app/lib/python3.10/site-packages/camera_app/img_publisher.py
/home/earnest/camera_study/install/camera_app/lib/python3.10/site-packages/camera_app/__pycache__/__init__.cpython-310.pyc
/home/earnest/camera_study/install/camera_app/lib/python3.10/site-packages/camera_app/__pycache__/canny.cpython-310.pyc
/home/earnest/camera_study/install/camera_app/lib/python3.10/site-packages/camera_app/__pycache__/test.cpython-310.pyc
/home/earnest/camera_study/install/camera_app/lib/python3.10/site-packages/camera_app/__pycache__/capture_and_record.cpython-310.pyc
/home/earnest/camera_study/install/camera_app/lib/python3.10/site-packages/camera_app/__pycache__/emoji_overlay.cpython-310.pyc
/home/earnest/camera_study/install/camera_app/lib/python3.10/site-packages/camera_app/__pycache__/img_publisher.cpython-310.pyc
/home/earnest/camera_study/install/camera_app/share/ament_index/resource_index/packages/camera_app
/home/earnest/camera_study/install/camera_app/share/camera_app/package.xml
/home/earnest/camera_study/install/camera_app/share/camera_app/launch/camera.launch.py
/home/earnest/camera_study/install/camera_app/share/camera_app/param/size.yaml
/home/earnest/camera_study/install/camera_app/lib/python3.10/site-packages/camera_app-0.0.0-py3.10.egg-info/SOURCES.txt
/home/earnest/camera_study/install/camera_app/lib/python3.10/site-packages/camera_app-0.0.0-py3.10.egg-info/dependency_links.txt
/home/earnest/camera_study/install/camera_app/lib/python3.10/site-packages/camera_app-0.0.0-py3.10.egg-info/entry_points.txt
/home/earnest/camera_study/install/camera_app/lib/python3.10/site-packages/camera_app-0.0.0-py3.10.egg-info/zip-safe
/home/earnest/camera_study/install/camera_app/lib/python3.10/site-packages/camera_app-0.0.0-py3.10.egg-info/requires.txt
/home/earnest/camera_study/install/camera_app/lib/python3.10/site-packages/camera_app-0.0.0-py3.10.egg-info/top_level.txt
/home/earnest/camera_study/install/camera_app/lib/python3.10/site-packages/camera_app-0.0.0-py3.10.egg-info/PKG-INFO
/home/earnest/camera_study/install/camera_app/lib/camera_app/canny
/home/earnest/camera_study/install/camera_app/lib/camera_app/capture_and_record
/home/earnest/camera_study/install/camera_app/lib/camera_app/emoji_overlay
/home/earnest/camera_study/install/camera_app/lib/camera_app/img_publisher
