-- Found ament_cmake: 1.3.8 (/opt/ros/humble/share/ament_cmake/cmake)
-- Found rosidl_default_generators: 1.2.0 (/opt/ros/humble/share/rosidl_default_generators/cmake)
-- Using all available rosidl_typesupport_c: rosidl_typesupport_fastrtps_c;rosidl_typesupport_introspection_c
-- Found rosidl_adapter: 3.1.5 (/opt/ros/humble/share/rosidl_adapter/cmake)
-- Using all available rosidl_typesupport_cpp: rosidl_typesupport_fastrtps_cpp;rosidl_typesupport_introspection_cpp
-- Found ament_cmake_ros: 0.10.0 (/opt/ros/humble/share/ament_cmake_ros/cmake)
-- Using all available rosidl_typesupport_c: rosidl_typesupport_fastrtps_c;rosidl_typesupport_introspection_c
-- Using all available rosidl_typesupport_cpp: rosidl_typesupport_fastrtps_cpp;rosidl_typesupport_introspection_cpp
-- Found python_cmake_module: 0.10.0 (/opt/ros/humble/share/python_cmake_module/cmake)
-- Using PYTHON_EXECUTABLE: /usr/bin/python3
-- Using PYTHON_INCLUDE_DIRS: /usr/include/python3.10
-- Using PYTHON_LIBRARIES: /usr/lib/x86_64-linux-gnu/libpython3.10.so
-- Found ament_lint_auto: 0.12.10 (/opt/ros/humble/share/ament_lint_auto/cmake)
-- Added test 'lint_cmake' to check CMake code style
-- Added test 'xmllint' to check XML markup files
-- Configuring done
-- Generating done
-- Build files have been written to: /home/earnest/camera_study/build/camera_app_msgs
[  3%] [34m[1mGenerating C code for ROS interfaces[0m
[  6%] [34m[1mGenerating C++ code for ROS interfaces[0m
[  6%] Built target ament_cmake_python_copy_camera_app_msgs
running egg_info
writing camera_app_msgs.egg-info/PKG-INFO
writing dependency_links to camera_app_msgs.egg-info/dependency_links.txt
writing top-level names to camera_app_msgs.egg-info/top_level.txt
[  6%] Built target camera_app_msgs__cpp
reading manifest file 'camera_app_msgs.egg-info/SOURCES.txt'
writing manifest file 'camera_app_msgs.egg-info/SOURCES.txt'
[ 16%] [34m[1mGenerating C++ introspection for ROS interfaces[0m
[ 16%] [34m[1mGenerating C++ type support dispatch for ROS interfaces[0m
[ 16%] [34m[1mGenerating C++ type support for eProsima Fast-RTPS[0m
[ 19%] [32mBuilding C object CMakeFiles/camera_app_msgs__rosidl_generator_c.dir/rosidl_generator_c/camera_app_msgs/srv/detail/capture__functions.c.o[0m
[ 19%] Built target ament_cmake_python_build_camera_app_msgs_egg
[ 22%] [32m[1mLinking C shared library libcamera_app_msgs__rosidl_generator_c.so[0m
[ 22%] Built target camera_app_msgs__rosidl_generator_c
[ 32%] [34m[1mGenerating C introspection for ROS interfaces[0m
[ 32%] [34m[1mGenerating C type support dispatch for ROS interfaces[0m
[ 32%] [34m[1mGenerating C type support for eProsima Fast-RTPS[0m
[ 35%] [32mBuilding CXX object CMakeFiles/camera_app_msgs__rosidl_typesupport_cpp.dir/rosidl_typesupport_cpp/camera_app_msgs/srv/capture__type_support.cpp.o[0m
[ 38%] [32mBuilding CXX object CMakeFiles/camera_app_msgs__rosidl_typesupport_introspection_cpp.dir/rosidl_typesupport_introspection_cpp/camera_app_msgs/srv/detail/capture__type_support.cpp.o[0m
[ 41%] [32mBuilding CXX object CMakeFiles/camera_app_msgs__rosidl_typesupport_fastrtps_cpp.dir/rosidl_typesupport_fastrtps_cpp/camera_app_msgs/srv/detail/dds_fastrtps/capture__type_support.cpp.o[0m
[ 45%] [32mBuilding CXX object CMakeFiles/camera_app_msgs__rosidl_typesupport_c.dir/rosidl_typesupport_c/camera_app_msgs/srv/capture__type_support.cpp.o[0m
[ 48%] [32mBuilding C object CMakeFiles/camera_app_msgs__rosidl_typesupport_introspection_c.dir/rosidl_typesupport_introspection_c/camera_app_msgs/srv/detail/capture__type_support.c.o[0m
[ 51%] [32m[1mLinking CXX shared library libcamera_app_msgs__rosidl_typesupport_c.so[0m
[ 54%] [32mBuilding CXX object CMakeFiles/camera_app_msgs__rosidl_typesupport_fastrtps_c.dir/rosidl_typesupport_fastrtps_c/camera_app_msgs/srv/detail/capture__type_support_c.cpp.o[0m
[ 58%] [32m[1mLinking C shared library libcamera_app_msgs__rosidl_typesupport_introspection_c.so[0m
[ 58%] Built target camera_app_msgs__rosidl_typesupport_c
[ 58%] Built target camera_app_msgs__rosidl_typesupport_introspection_c
[ 61%] [32m[1mLinking CXX shared library libcamera_app_msgs__rosidl_typesupport_cpp.so[0m
[ 61%] Built target camera_app_msgs__rosidl_typesupport_cpp
[ 64%] [32m[1mLinking CXX shared library libcamera_app_msgs__rosidl_typesupport_introspection_cpp.so[0m
[ 64%] Built target camera_app_msgs__rosidl_typesupport_introspection_cpp
[ 67%] [32m[1mLinking CXX shared library libcamera_app_msgs__rosidl_typesupport_fastrtps_cpp.so[0m
[ 70%] [32m[1mLinking CXX shared library libcamera_app_msgs__rosidl_typesupport_fastrtps_c.so[0m
[ 70%] Built target camera_app_msgs__rosidl_typesupport_fastrtps_cpp
[ 70%] Built target camera_app_msgs__rosidl_typesupport_fastrtps_c
[ 70%] Built target camera_app_msgs
[ 74%] [34m[1mGenerating Python code for ROS interfaces[0m
[ 74%] Built target camera_app_msgs__py
[ 77%] [32mBuilding C object CMakeFiles/camera_app_msgs__rosidl_generator_py.dir/rosidl_generator_py/camera_app_msgs/srv/_capture_s.c.o[0m
[ 80%] [32m[1mLinking C shared library rosidl_generator_py/camera_app_msgs/libcamera_app_msgs__rosidl_generator_py.so[0m
[ 80%] Built target camera_app_msgs__rosidl_generator_py
[35m[1mConsolidate compiler generated dependencies of target camera_app_msgs__rosidl_typesupport_fastrtps_c__pyext[0m
[35m[1mConsolidate compiler generated dependencies of target camera_app_msgs__rosidl_typesupport_c__pyext[0m
[35m[1mConsolidate compiler generated dependencies of target camera_app_msgs__rosidl_typesupport_introspection_c__pyext[0m
[ 90%] [32mBuilding C object CMakeFiles/camera_app_msgs__rosidl_typesupport_introspection_c__pyext.dir/rosidl_generator_py/camera_app_msgs/_camera_app_msgs_s.ep.rosidl_typesupport_introspection_c.c.o[0m
[ 90%] [32mBuilding C object CMakeFiles/camera_app_msgs__rosidl_typesupport_c__pyext.dir/rosidl_generator_py/camera_app_msgs/_camera_app_msgs_s.ep.rosidl_typesupport_c.c.o[0m
[ 90%] [32mBuilding C object CMakeFiles/camera_app_msgs__rosidl_typesupport_fastrtps_c__pyext.dir/rosidl_generator_py/camera_app_msgs/_camera_app_msgs_s.ep.rosidl_typesupport_fastrtps_c.c.o[0m
[ 93%] [32m[1mLinking C shared library rosidl_generator_py/camera_app_msgs/camera_app_msgs_s__rosidl_typesupport_c.cpython-310-x86_64-linux-gnu.so[0m
[ 96%] [32m[1mLinking C shared library rosidl_generator_py/camera_app_msgs/camera_app_msgs_s__rosidl_typesupport_introspection_c.cpython-310-x86_64-linux-gnu.so[0m
[100%] [32m[1mLinking C shared library rosidl_generator_py/camera_app_msgs/camera_app_msgs_s__rosidl_typesupport_fastrtps_c.cpython-310-x86_64-linux-gnu.so[0m
[100%] Built target camera_app_msgs__rosidl_typesupport_c__pyext
[100%] Built target camera_app_msgs__rosidl_typesupport_introspection_c__pyext
[100%] Built target camera_app_msgs__rosidl_typesupport_fastrtps_c__pyext
-- Install configuration: ""
-- Installing: /home/earnest/camera_study/install/camera_app_msgs/share/ament_index/resource_index/rosidl_interfaces/camera_app_msgs
-- Up-to-date: /home/earnest/camera_study/install/camera_app_msgs/include/camera_app_msgs/camera_app_msgs
-- Up-to-date: /home/earnest/camera_study/install/camera_app_msgs/include/camera_app_msgs/camera_app_msgs/msg
-- Up-to-date: /home/earnest/camera_study/install/camera_app_msgs/include/camera_app_msgs/camera_app_msgs/msg/rosidl_generator_c__visibility_control.h
-- Up-to-date: /home/earnest/camera_study/install/camera_app_msgs/include/camera_app_msgs/camera_app_msgs/srv
-- Up-to-date: /home/earnest/camera_study/install/camera_app_msgs/include/camera_app_msgs/camera_app_msgs/srv/detail
-- Installing: /home/earnest/camera_study/install/camera_app_msgs/include/camera_app_msgs/camera_app_msgs/srv/detail/capture__functions.h
-- Installing: /home/earnest/camera_study/install/camera_app_msgs/include/camera_app_msgs/camera_app_msgs/srv/detail/capture__struct.h
-- Installing: /home/earnest/camera_study/install/camera_app_msgs/include/camera_app_msgs/camera_app_msgs/srv/detail/capture__type_support.h
-- Up-to-date: /home/earnest/camera_study/install/camera_app_msgs/include/camera_app_msgs/camera_app_msgs/srv/detail/capture1__struct.h
-- Up-to-date: /home/earnest/camera_study/install/camera_app_msgs/include/camera_app_msgs/camera_app_msgs/srv/detail/capture1__functions.h
-- Installing: /home/earnest/camera_study/install/camera_app_msgs/include/camera_app_msgs/camera_app_msgs/srv/detail/capture__functions.c
-- Up-to-date: /home/earnest/camera_study/install/camera_app_msgs/include/camera_app_msgs/camera_app_msgs/srv/detail/capture1__functions.c
-- Up-to-date: /home/earnest/camera_study/install/camera_app_msgs/include/camera_app_msgs/camera_app_msgs/srv/detail/capture1__type_support.h
-- Installing: /home/earnest/camera_study/install/camera_app_msgs/include/camera_app_msgs/camera_app_msgs/srv/capture.h
-- Up-to-date: /home/earnest/camera_study/install/camera_app_msgs/include/camera_app_msgs/camera_app_msgs/srv/capture1.h
-- Up-to-date: /home/earnest/camera_study/install/camera_app_msgs/share/camera_app_msgs/environment/library_path.sh
-- Installing: /home/earnest/camera_study/install/camera_app_msgs/share/camera_app_msgs/environment/library_path.dsv
-- Installing: /home/earnest/camera_study/install/camera_app_msgs/lib/libcamera_app_msgs__rosidl_generator_c.so
-- Set runtime path of "/home/earnest/camera_study/install/camera_app_msgs/lib/libcamera_app_msgs__rosidl_generator_c.so" to ""
-- Up-to-date: /home/earnest/camera_study/install/camera_app_msgs/include/camera_app_msgs/camera_app_msgs
-- Up-to-date: /home/earnest/camera_study/install/camera_app_msgs/include/camera_app_msgs/camera_app_msgs/msg
-- Up-to-date: /home/earnest/camera_study/install/camera_app_msgs/include/camera_app_msgs/camera_app_msgs/msg/rosidl_typesupport_fastrtps_c__visibility_control.h
-- Up-to-date: /home/earnest/camera_study/install/camera_app_msgs/include/camera_app_msgs/camera_app_msgs/srv
-- Up-to-date: /home/earnest/camera_study/install/camera_app_msgs/include/camera_app_msgs/camera_app_msgs/srv/detail
-- Installing: /home/earnest/camera_study/install/camera_app_msgs/include/camera_app_msgs/camera_app_msgs/srv/detail/capture__rosidl_typesupport_fastrtps_c.h
-- Up-to-date: /home/earnest/camera_study/install/camera_app_msgs/include/camera_app_msgs/camera_app_msgs/srv/detail/capture1__rosidl_typesupport_fastrtps_c.h
-- Installing: /home/earnest/camera_study/install/camera_app_msgs/lib/libcamera_app_msgs__rosidl_typesupport_fastrtps_c.so
-- Set runtime path of "/home/earnest/camera_study/install/camera_app_msgs/lib/libcamera_app_msgs__rosidl_typesupport_fastrtps_c.so" to ""
-- Up-to-date: /home/earnest/camera_study/install/camera_app_msgs/include/camera_app_msgs/camera_app_msgs
-- Up-to-date: /home/earnest/camera_study/install/camera_app_msgs/include/camera_app_msgs/camera_app_msgs/msg
-- Up-to-date: /home/earnest/camera_study/install/camera_app_msgs/include/camera_app_msgs/camera_app_msgs/msg/rosidl_typesupport_introspection_c__visibility_control.h
-- Up-to-date: /home/earnest/camera_study/install/camera_app_msgs/include/camera_app_msgs/camera_app_msgs/srv
-- Up-to-date: /home/earnest/camera_study/install/camera_app_msgs/include/camera_app_msgs/camera_app_msgs/srv/detail
-- Up-to-date: /home/earnest/camera_study/install/camera_app_msgs/include/camera_app_msgs/camera_app_msgs/srv/detail/capture1__rosidl_typesupport_introspection_c.h
-- Installing: /home/earnest/camera_study/install/camera_app_msgs/include/camera_app_msgs/camera_app_msgs/srv/detail/capture__type_support.c
-- Up-to-date: /home/earnest/camera_study/install/camera_app_msgs/include/camera_app_msgs/camera_app_msgs/srv/detail/capture1__type_support.c
-- Installing: /home/earnest/camera_study/install/camera_app_msgs/include/camera_app_msgs/camera_app_msgs/srv/detail/capture__rosidl_typesupport_introspection_c.h
-- Installing: /home/earnest/camera_study/install/camera_app_msgs/lib/libcamera_app_msgs__rosidl_typesupport_introspection_c.so
-- Set runtime path of "/home/earnest/camera_study/install/camera_app_msgs/lib/libcamera_app_msgs__rosidl_typesupport_introspection_c.so" to ""
-- Installing: /home/earnest/camera_study/install/camera_app_msgs/lib/libcamera_app_msgs__rosidl_typesupport_c.so
-- Set runtime path of "/home/earnest/camera_study/install/camera_app_msgs/lib/libcamera_app_msgs__rosidl_typesupport_c.so" to ""
-- Up-to-date: /home/earnest/camera_study/install/camera_app_msgs/include/camera_app_msgs/camera_app_msgs
-- Up-to-date: /home/earnest/camera_study/install/camera_app_msgs/include/camera_app_msgs/camera_app_msgs/srv
-- Up-to-date: /home/earnest/camera_study/install/camera_app_msgs/include/camera_app_msgs/camera_app_msgs/srv/detail
-- Up-to-date: /home/earnest/camera_study/install/camera_app_msgs/include/camera_app_msgs/camera_app_msgs/srv/detail/capture1__builder.hpp
-- Installing: /home/earnest/camera_study/install/camera_app_msgs/include/camera_app_msgs/camera_app_msgs/srv/detail/capture__builder.hpp
-- Up-to-date: /home/earnest/camera_study/install/camera_app_msgs/include/camera_app_msgs/camera_app_msgs/srv/detail/capture1__struct.hpp
-- Installing: /home/earnest/camera_study/install/camera_app_msgs/include/camera_app_msgs/camera_app_msgs/srv/detail/capture__struct.hpp
-- Up-to-date: /home/earnest/camera_study/install/camera_app_msgs/include/camera_app_msgs/camera_app_msgs/srv/detail/capture1__traits.hpp
-- Installing: /home/earnest/camera_study/install/camera_app_msgs/include/camera_app_msgs/camera_app_msgs/srv/detail/capture__traits.hpp
-- Up-to-date: /home/earnest/camera_study/install/camera_app_msgs/include/camera_app_msgs/camera_app_msgs/srv/capture1.hpp
-- Installing: /home/earnest/camera_study/install/camera_app_msgs/include/camera_app_msgs/camera_app_msgs/srv/capture.hpp
-- Up-to-date: /home/earnest/camera_study/install/camera_app_msgs/include/camera_app_msgs/camera_app_msgs
-- Up-to-date: /home/earnest/camera_study/install/camera_app_msgs/include/camera_app_msgs/camera_app_msgs/msg
-- Up-to-date: /home/earnest/camera_study/install/camera_app_msgs/include/camera_app_msgs/camera_app_msgs/msg/rosidl_typesupport_fastrtps_cpp__visibility_control.h
-- Up-to-date: /home/earnest/camera_study/install/camera_app_msgs/include/camera_app_msgs/camera_app_msgs/srv
-- Up-to-date: /home/earnest/camera_study/install/camera_app_msgs/include/camera_app_msgs/camera_app_msgs/srv/detail
-- Installing: /home/earnest/camera_study/install/camera_app_msgs/include/camera_app_msgs/camera_app_msgs/srv/detail/capture__rosidl_typesupport_fastrtps_cpp.hpp
-- Up-to-date: /home/earnest/camera_study/install/camera_app_msgs/include/camera_app_msgs/camera_app_msgs/srv/detail/dds_fastrtps
-- Up-to-date: /home/earnest/camera_study/install/camera_app_msgs/include/camera_app_msgs/camera_app_msgs/srv/detail/capture1__rosidl_typesupport_fastrtps_cpp.hpp
-- Installing: /home/earnest/camera_study/install/camera_app_msgs/lib/libcamera_app_msgs__rosidl_typesupport_fastrtps_cpp.so
-- Set runtime path of "/home/earnest/camera_study/install/camera_app_msgs/lib/libcamera_app_msgs__rosidl_typesupport_fastrtps_cpp.so" to ""
-- Up-to-date: /home/earnest/camera_study/install/camera_app_msgs/include/camera_app_msgs/camera_app_msgs
-- Up-to-date: /home/earnest/camera_study/install/camera_app_msgs/include/camera_app_msgs/camera_app_msgs/srv
-- Up-to-date: /home/earnest/camera_study/install/camera_app_msgs/include/camera_app_msgs/camera_app_msgs/srv/detail
-- Installing: /home/earnest/camera_study/install/camera_app_msgs/include/camera_app_msgs/camera_app_msgs/srv/detail/capture__rosidl_typesupport_introspection_cpp.hpp
-- Up-to-date: /home/earnest/camera_study/install/camera_app_msgs/include/camera_app_msgs/camera_app_msgs/srv/detail/capture1__type_support.cpp
-- Installing: /home/earnest/camera_study/install/camera_app_msgs/include/camera_app_msgs/camera_app_msgs/srv/detail/capture__type_support.cpp
-- Up-to-date: /home/earnest/camera_study/install/camera_app_msgs/include/camera_app_msgs/camera_app_msgs/srv/detail/capture1__rosidl_typesupport_introspection_cpp.hpp
-- Installing: /home/earnest/camera_study/install/camera_app_msgs/lib/libcamera_app_msgs__rosidl_typesupport_introspection_cpp.so
-- Set runtime path of "/home/earnest/camera_study/install/camera_app_msgs/lib/libcamera_app_msgs__rosidl_typesupport_introspection_cpp.so" to ""
-- Installing: /home/earnest/camera_study/install/camera_app_msgs/lib/libcamera_app_msgs__rosidl_typesupport_cpp.so
-- Set runtime path of "/home/earnest/camera_study/install/camera_app_msgs/lib/libcamera_app_msgs__rosidl_typesupport_cpp.so" to ""
-- Up-to-date: /home/earnest/camera_study/install/camera_app_msgs/share/camera_app_msgs/environment/pythonpath.sh
-- Installing: /home/earnest/camera_study/install/camera_app_msgs/share/camera_app_msgs/environment/pythonpath.dsv
-- Up-to-date: /home/earnest/camera_study/install/camera_app_msgs/local/lib/python3.10/dist-packages/camera_app_msgs-0.0.0-py3.10.egg-info
-- Installing: /home/earnest/camera_study/install/camera_app_msgs/local/lib/python3.10/dist-packages/camera_app_msgs-0.0.0-py3.10.egg-info/SOURCES.txt
-- Installing: /home/earnest/camera_study/install/camera_app_msgs/local/lib/python3.10/dist-packages/camera_app_msgs-0.0.0-py3.10.egg-info/dependency_links.txt
-- Installing: /home/earnest/camera_study/install/camera_app_msgs/local/lib/python3.10/dist-packages/camera_app_msgs-0.0.0-py3.10.egg-info/top_level.txt
-- Installing: /home/earnest/camera_study/install/camera_app_msgs/local/lib/python3.10/dist-packages/camera_app_msgs-0.0.0-py3.10.egg-info/PKG-INFO
-- Up-to-date: /home/earnest/camera_study/install/camera_app_msgs/local/lib/python3.10/dist-packages/camera_app_msgs
-- Installing: /home/earnest/camera_study/install/camera_app_msgs/local/lib/python3.10/dist-packages/camera_app_msgs/_camera_app_msgs_s.ep.rosidl_typesupport_fastrtps_c.c
-- Installing: /home/earnest/camera_study/install/camera_app_msgs/local/lib/python3.10/dist-packages/camera_app_msgs/__init__.py
-- Installing: /home/earnest/camera_study/install/camera_app_msgs/local/lib/python3.10/dist-packages/camera_app_msgs/libcamera_app_msgs__rosidl_generator_py.so
-- Installing: /home/earnest/camera_study/install/camera_app_msgs/local/lib/python3.10/dist-packages/camera_app_msgs/_camera_app_msgs_s.ep.rosidl_typesupport_introspection_c.c
-- Installing: /home/earnest/camera_study/install/camera_app_msgs/local/lib/python3.10/dist-packages/camera_app_msgs/camera_app_msgs_s__rosidl_typesupport_c.cpython-310-x86_64-linux-gnu.so
-- Installing: /home/earnest/camera_study/install/camera_app_msgs/local/lib/python3.10/dist-packages/camera_app_msgs/camera_app_msgs_s__rosidl_typesupport_introspection_c.cpython-310-x86_64-linux-gnu.so
-- Installing: /home/earnest/camera_study/install/camera_app_msgs/local/lib/python3.10/dist-packages/camera_app_msgs/_camera_app_msgs_s.ep.rosidl_typesupport_c.c
-- Installing: /home/earnest/camera_study/install/camera_app_msgs/local/lib/python3.10/dist-packages/camera_app_msgs/camera_app_msgs_s__rosidl_typesupport_fastrtps_c.cpython-310-x86_64-linux-gnu.so
-- Up-to-date: /home/earnest/camera_study/install/camera_app_msgs/local/lib/python3.10/dist-packages/camera_app_msgs/srv
-- Up-to-date: /home/earnest/camera_study/install/camera_app_msgs/local/lib/python3.10/dist-packages/camera_app_msgs/srv/_capture1_s.c
-- Installing: /home/earnest/camera_study/install/camera_app_msgs/local/lib/python3.10/dist-packages/camera_app_msgs/srv/__init__.py
-- Installing: /home/earnest/camera_study/install/camera_app_msgs/local/lib/python3.10/dist-packages/camera_app_msgs/srv/_capture.py
-- Up-to-date: /home/earnest/camera_study/install/camera_app_msgs/local/lib/python3.10/dist-packages/camera_app_msgs/srv/_capture1.py
-- Installing: /home/earnest/camera_study/install/camera_app_msgs/local/lib/python3.10/dist-packages/camera_app_msgs/srv/_capture_s.c
Listing '/home/earnest/camera_study/install/camera_app_msgs/local/lib/python3.10/dist-packages/camera_app_msgs'...
Compiling '/home/earnest/camera_study/install/camera_app_msgs/local/lib/python3.10/dist-packages/camera_app_msgs/__init__.py'...
Listing '/home/earnest/camera_study/install/camera_app_msgs/local/lib/python3.10/dist-packages/camera_app_msgs/srv'...
Compiling '/home/earnest/camera_study/install/camera_app_msgs/local/lib/python3.10/dist-packages/camera_app_msgs/srv/__init__.py'...
Compiling '/home/earnest/camera_study/install/camera_app_msgs/local/lib/python3.10/dist-packages/camera_app_msgs/srv/_capture.py'...
-- Installing: /home/earnest/camera_study/install/camera_app_msgs/local/lib/python3.10/dist-packages/camera_app_msgs/camera_app_msgs_s__rosidl_typesupport_fastrtps_c.cpython-310-x86_64-linux-gnu.so
-- Set runtime path of "/home/earnest/camera_study/install/camera_app_msgs/local/lib/python3.10/dist-packages/camera_app_msgs/camera_app_msgs_s__rosidl_typesupport_fastrtps_c.cpython-310-x86_64-linux-gnu.so" to ""
-- Installing: /home/earnest/camera_study/install/camera_app_msgs/local/lib/python3.10/dist-packages/camera_app_msgs/camera_app_msgs_s__rosidl_typesupport_introspection_c.cpython-310-x86_64-linux-gnu.so
-- Set runtime path of "/home/earnest/camera_study/install/camera_app_msgs/local/lib/python3.10/dist-packages/camera_app_msgs/camera_app_msgs_s__rosidl_typesupport_introspection_c.cpython-310-x86_64-linux-gnu.so" to ""
-- Installing: /home/earnest/camera_study/install/camera_app_msgs/local/lib/python3.10/dist-packages/camera_app_msgs/camera_app_msgs_s__rosidl_typesupport_c.cpython-310-x86_64-linux-gnu.so
-- Set runtime path of "/home/earnest/camera_study/install/camera_app_msgs/local/lib/python3.10/dist-packages/camera_app_msgs/camera_app_msgs_s__rosidl_typesupport_c.cpython-310-x86_64-linux-gnu.so" to ""
-- Installing: /home/earnest/camera_study/install/camera_app_msgs/lib/libcamera_app_msgs__rosidl_generator_py.so
-- Set runtime path of "/home/earnest/camera_study/install/camera_app_msgs/lib/libcamera_app_msgs__rosidl_generator_py.so" to ""
-- Installing: /home/earnest/camera_study/install/camera_app_msgs/share/camera_app_msgs/srv/Capture.idl
-- Installing: /home/earnest/camera_study/install/camera_app_msgs/share/camera_app_msgs/srv/Capture.srv
-- Installing: /home/earnest/camera_study/install/camera_app_msgs/share/camera_app_msgs/srv/Capture_Request.msg
-- Installing: /home/earnest/camera_study/install/camera_app_msgs/share/camera_app_msgs/srv/Capture_Response.msg
-- Up-to-date: /home/earnest/camera_study/install/camera_app_msgs/share/ament_index/resource_index/package_run_dependencies/camera_app_msgs
-- Up-to-date: /home/earnest/camera_study/install/camera_app_msgs/share/ament_index/resource_index/parent_prefix_path/camera_app_msgs
-- Up-to-date: /home/earnest/camera_study/install/camera_app_msgs/share/camera_app_msgs/environment/ament_prefix_path.sh
-- Installing: /home/earnest/camera_study/install/camera_app_msgs/share/camera_app_msgs/environment/ament_prefix_path.dsv
-- Up-to-date: /home/earnest/camera_study/install/camera_app_msgs/share/camera_app_msgs/environment/path.sh
-- Installing: /home/earnest/camera_study/install/camera_app_msgs/share/camera_app_msgs/environment/path.dsv
-- Up-to-date: /home/earnest/camera_study/install/camera_app_msgs/share/camera_app_msgs/local_setup.bash
-- Up-to-date: /home/earnest/camera_study/install/camera_app_msgs/share/camera_app_msgs/local_setup.sh
-- Up-to-date: /home/earnest/camera_study/install/camera_app_msgs/share/camera_app_msgs/local_setup.zsh
-- Installing: /home/earnest/camera_study/install/camera_app_msgs/share/camera_app_msgs/local_setup.dsv
-- Installing: /home/earnest/camera_study/install/camera_app_msgs/share/camera_app_msgs/package.dsv
-- Up-to-date: /home/earnest/camera_study/install/camera_app_msgs/share/ament_index/resource_index/packages/camera_app_msgs
-- Up-to-date: /home/earnest/camera_study/install/camera_app_msgs/share/camera_app_msgs/cmake/export_camera_app_msgs__rosidl_generator_cExport.cmake
-- Up-to-date: /home/earnest/camera_study/install/camera_app_msgs/share/camera_app_msgs/cmake/export_camera_app_msgs__rosidl_generator_cExport-noconfig.cmake
-- Up-to-date: /home/earnest/camera_study/install/camera_app_msgs/share/camera_app_msgs/cmake/export_camera_app_msgs__rosidl_typesupport_fastrtps_cExport.cmake
-- Up-to-date: /home/earnest/camera_study/install/camera_app_msgs/share/camera_app_msgs/cmake/export_camera_app_msgs__rosidl_typesupport_fastrtps_cExport-noconfig.cmake
-- Up-to-date: /home/earnest/camera_study/install/camera_app_msgs/share/camera_app_msgs/cmake/camera_app_msgs__rosidl_typesupport_introspection_cExport.cmake
-- Up-to-date: /home/earnest/camera_study/install/camera_app_msgs/share/camera_app_msgs/cmake/camera_app_msgs__rosidl_typesupport_introspection_cExport-noconfig.cmake
-- Up-to-date: /home/earnest/camera_study/install/camera_app_msgs/share/camera_app_msgs/cmake/camera_app_msgs__rosidl_typesupport_cExport.cmake
-- Up-to-date: /home/earnest/camera_study/install/camera_app_msgs/share/camera_app_msgs/cmake/camera_app_msgs__rosidl_typesupport_cExport-noconfig.cmake
-- Up-to-date: /home/earnest/camera_study/install/camera_app_msgs/share/camera_app_msgs/cmake/export_camera_app_msgs__rosidl_generator_cppExport.cmake
-- Up-to-date: /home/earnest/camera_study/install/camera_app_msgs/share/camera_app_msgs/cmake/export_camera_app_msgs__rosidl_typesupport_fastrtps_cppExport.cmake
-- Up-to-date: /home/earnest/camera_study/install/camera_app_msgs/share/camera_app_msgs/cmake/export_camera_app_msgs__rosidl_typesupport_fastrtps_cppExport-noconfig.cmake
-- Up-to-date: /home/earnest/camera_study/install/camera_app_msgs/share/camera_app_msgs/cmake/camera_app_msgs__rosidl_typesupport_introspection_cppExport.cmake
-- Up-to-date: /home/earnest/camera_study/install/camera_app_msgs/share/camera_app_msgs/cmake/camera_app_msgs__rosidl_typesupport_introspection_cppExport-noconfig.cmake
-- Up-to-date: /home/earnest/camera_study/install/camera_app_msgs/share/camera_app_msgs/cmake/camera_app_msgs__rosidl_typesupport_cppExport.cmake
-- Up-to-date: /home/earnest/camera_study/install/camera_app_msgs/share/camera_app_msgs/cmake/camera_app_msgs__rosidl_typesupport_cppExport-noconfig.cmake
-- Up-to-date: /home/earnest/camera_study/install/camera_app_msgs/share/camera_app_msgs/cmake/export_camera_app_msgs__rosidl_generator_pyExport.cmake
-- Up-to-date: /home/earnest/camera_study/install/camera_app_msgs/share/camera_app_msgs/cmake/export_camera_app_msgs__rosidl_generator_pyExport-noconfig.cmake
-- Installing: /home/earnest/camera_study/install/camera_app_msgs/share/camera_app_msgs/cmake/rosidl_cmake-extras.cmake
-- Up-to-date: /home/earnest/camera_study/install/camera_app_msgs/share/camera_app_msgs/cmake/ament_cmake_export_include_directories-extras.cmake
-- Up-to-date: /home/earnest/camera_study/install/camera_app_msgs/share/camera_app_msgs/cmake/ament_cmake_export_libraries-extras.cmake
-- Up-to-date: /home/earnest/camera_study/install/camera_app_msgs/share/camera_app_msgs/cmake/ament_cmake_export_targets-extras.cmake
-- Up-to-date: /home/earnest/camera_study/install/camera_app_msgs/share/camera_app_msgs/cmake/rosidl_cmake_export_typesupport_targets-extras.cmake
-- Up-to-date: /home/earnest/camera_study/install/camera_app_msgs/share/camera_app_msgs/cmake/ament_cmake_export_dependencies-extras.cmake
-- Up-to-date: /home/earnest/camera_study/install/camera_app_msgs/share/camera_app_msgs/cmake/rosidl_cmake_export_typesupport_libraries-extras.cmake
-- Up-to-date: /home/earnest/camera_study/install/camera_app_msgs/share/camera_app_msgs/cmake/camera_app_msgsConfig.cmake
-- Up-to-date: /home/earnest/camera_study/install/camera_app_msgs/share/camera_app_msgs/cmake/camera_app_msgsConfig-version.cmake
-- Up-to-date: /home/earnest/camera_study/install/camera_app_msgs/share/camera_app_msgs/package.xml
