[0.081s] DEBUG:colcon:Command line arguments: ['/usr/bin/colcon', 'build']
[0.081s] DEBUG:colcon:Parsed command line arguments: Namespace(log_base=None, log_level=None, verb_name='build', build_base='build', install_base='install', merge_install=False, symlink_install=False, test_result_base=None, continue_on_error=False, executor='parallel', parallel_workers=12, event_handlers=None, ignore_user_meta=False, metas=['./colcon.meta'], base_paths=['.'], packages_ignore=None, packages_ignore_regex=None, paths=None, packages_up_to=None, packages_up_to_regex=None, packages_above=None, packages_above_and_dependencies=None, packages_above_depth=None, packages_select_by_dep=None, packages_skip_by_dep=None, packages_skip_up_to=None, packages_select_build_failed=False, packages_skip_build_finished=False, packages_select_test_failures=False, packages_skip_test_passed=False, packages_select=None, packages_skip=None, packages_select_regex=None, packages_skip_regex=None, packages_start=None, packages_end=None, allow_overriding=[], cmake_args=None, cmake_target=None, cmake_target_skip_unavailable=False, cmake_clean_cache=False, cmake_clean_first=False, cmake_force_configure=False, ament_cmake_args=None, catkin_cmake_args=None, catkin_skip_building_tests=False, verb_parser=<colcon_defaults.argument_parser.defaults.DefaultArgumentsDecorator object at 0x7b2a30c2da50>, verb_extension=<colcon_core.verb.build.BuildVerb object at 0x7b2a30d26680>, main=<bound method BuildVerb.main of <colcon_core.verb.build.BuildVerb object at 0x7b2a30d26680>>)
[0.217s] Level 1:colcon.colcon_core.package_discovery:discover_packages(colcon_meta) check parameters
[0.217s] Level 1:colcon.colcon_core.package_discovery:discover_packages(recursive) check parameters
[0.217s] Level 1:colcon.colcon_core.package_discovery:discover_packages(ignore) check parameters
[0.217s] Level 1:colcon.colcon_core.package_discovery:discover_packages(path) check parameters
[0.217s] Level 1:colcon.colcon_core.package_discovery:discover_packages(colcon_meta) discover
[0.217s] Level 1:colcon.colcon_core.package_discovery:discover_packages(recursive) discover
[0.218s] INFO:colcon.colcon_core.package_discovery:Crawling recursively for packages in '/home/earnest/camera_study'
[0.218s] Level 1:colcon.colcon_core.package_identification:_identify(.) by extensions ['ignore', 'ignore_ament_install']
[0.218s] Level 1:colcon.colcon_core.package_identification:_identify(.) by extension 'ignore'
[0.218s] Level 1:colcon.colcon_core.package_identification:_identify(.) by extension 'ignore_ament_install'
[0.218s] Level 1:colcon.colcon_core.package_identification:_identify(.) by extensions ['colcon_pkg']
[0.218s] Level 1:colcon.colcon_core.package_identification:_identify(.) by extension 'colcon_pkg'
[0.218s] Level 1:colcon.colcon_core.package_identification:_identify(.) by extensions ['colcon_meta']
[0.218s] Level 1:colcon.colcon_core.package_identification:_identify(.) by extension 'colcon_meta'
[0.218s] Level 1:colcon.colcon_core.package_identification:_identify(.) by extensions ['ros']
[0.218s] Level 1:colcon.colcon_core.package_identification:_identify(.) by extension 'ros'
[0.226s] Level 1:colcon.colcon_core.package_identification:_identify(.) by extensions ['cmake', 'python']
[0.226s] Level 1:colcon.colcon_core.package_identification:_identify(.) by extension 'cmake'
[0.227s] Level 1:colcon.colcon_core.package_identification:_identify(.) by extension 'python'
[0.227s] Level 1:colcon.colcon_core.package_identification:_identify(.) by extensions ['python_setup_py']
[0.227s] Level 1:colcon.colcon_core.package_identification:_identify(.) by extension 'python_setup_py'
[0.227s] Level 1:colcon.colcon_core.package_identification:_identify(build) by extensions ['ignore', 'ignore_ament_install']
[0.227s] Level 1:colcon.colcon_core.package_identification:_identify(build) by extension 'ignore'
[0.227s] Level 1:colcon.colcon_core.package_identification:_identify(build) ignored
[0.227s] Level 1:colcon.colcon_core.package_identification:_identify(install) by extensions ['ignore', 'ignore_ament_install']
[0.227s] Level 1:colcon.colcon_core.package_identification:_identify(install) by extension 'ignore'
[0.227s] Level 1:colcon.colcon_core.package_identification:_identify(install) ignored
[0.227s] Level 1:colcon.colcon_core.package_identification:_identify(log) by extensions ['ignore', 'ignore_ament_install']
[0.227s] Level 1:colcon.colcon_core.package_identification:_identify(log) by extension 'ignore'
[0.227s] Level 1:colcon.colcon_core.package_identification:_identify(log) ignored
[0.227s] Level 1:colcon.colcon_core.package_identification:_identify(recordings) by extensions ['ignore', 'ignore_ament_install']
[0.227s] Level 1:colcon.colcon_core.package_identification:_identify(recordings) by extension 'ignore'
[0.227s] Level 1:colcon.colcon_core.package_identification:_identify(recordings) by extension 'ignore_ament_install'
[0.227s] Level 1:colcon.colcon_core.package_identification:_identify(recordings) by extensions ['colcon_pkg']
[0.227s] Level 1:colcon.colcon_core.package_identification:_identify(recordings) by extension 'colcon_pkg'
[0.227s] Level 1:colcon.colcon_core.package_identification:_identify(recordings) by extensions ['colcon_meta']
[0.228s] Level 1:colcon.colcon_core.package_identification:_identify(recordings) by extension 'colcon_meta'
[0.228s] Level 1:colcon.colcon_core.package_identification:_identify(recordings) by extensions ['ros']
[0.228s] Level 1:colcon.colcon_core.package_identification:_identify(recordings) by extension 'ros'
[0.228s] Level 1:colcon.colcon_core.package_identification:_identify(recordings) by extensions ['cmake', 'python']
[0.228s] Level 1:colcon.colcon_core.package_identification:_identify(recordings) by extension 'cmake'
[0.228s] Level 1:colcon.colcon_core.package_identification:_identify(recordings) by extension 'python'
[0.228s] Level 1:colcon.colcon_core.package_identification:_identify(recordings) by extensions ['python_setup_py']
[0.228s] Level 1:colcon.colcon_core.package_identification:_identify(recordings) by extension 'python_setup_py'
[0.228s] Level 1:colcon.colcon_core.package_identification:_identify(src) by extensions ['ignore', 'ignore_ament_install']
[0.228s] Level 1:colcon.colcon_core.package_identification:_identify(src) by extension 'ignore'
[0.228s] Level 1:colcon.colcon_core.package_identification:_identify(src) by extension 'ignore_ament_install'
[0.228s] Level 1:colcon.colcon_core.package_identification:_identify(src) by extensions ['colcon_pkg']
[0.228s] Level 1:colcon.colcon_core.package_identification:_identify(src) by extension 'colcon_pkg'
[0.228s] Level 1:colcon.colcon_core.package_identification:_identify(src) by extensions ['colcon_meta']
[0.228s] Level 1:colcon.colcon_core.package_identification:_identify(src) by extension 'colcon_meta'
[0.228s] Level 1:colcon.colcon_core.package_identification:_identify(src) by extensions ['ros']
[0.228s] Level 1:colcon.colcon_core.package_identification:_identify(src) by extension 'ros'
[0.228s] Level 1:colcon.colcon_core.package_identification:_identify(src) by extensions ['cmake', 'python']
[0.228s] Level 1:colcon.colcon_core.package_identification:_identify(src) by extension 'cmake'
[0.228s] Level 1:colcon.colcon_core.package_identification:_identify(src) by extension 'python'
[0.228s] Level 1:colcon.colcon_core.package_identification:_identify(src) by extensions ['python_setup_py']
[0.228s] Level 1:colcon.colcon_core.package_identification:_identify(src) by extension 'python_setup_py'
[0.228s] Level 1:colcon.colcon_core.package_identification:_identify(src/camera_app) by extensions ['ignore', 'ignore_ament_install']
[0.228s] Level 1:colcon.colcon_core.package_identification:_identify(src/camera_app) by extension 'ignore'
[0.228s] Level 1:colcon.colcon_core.package_identification:_identify(src/camera_app) by extension 'ignore_ament_install'
[0.229s] Level 1:colcon.colcon_core.package_identification:_identify(src/camera_app) by extensions ['colcon_pkg']
[0.229s] Level 1:colcon.colcon_core.package_identification:_identify(src/camera_app) by extension 'colcon_pkg'
[0.229s] Level 1:colcon.colcon_core.package_identification:_identify(src/camera_app) by extensions ['colcon_meta']
[0.229s] Level 1:colcon.colcon_core.package_identification:_identify(src/camera_app) by extension 'colcon_meta'
[0.229s] Level 1:colcon.colcon_core.package_identification:_identify(src/camera_app) by extensions ['ros']
[0.229s] Level 1:colcon.colcon_core.package_identification:_identify(src/camera_app) by extension 'ros'
[0.230s] DEBUG:colcon.colcon_core.package_identification:Package 'src/camera_app' with type 'ros.ament_python' and name 'camera_app'
[0.230s] Level 1:colcon.colcon_core.package_identification:_identify(src/camera_app_msgs) by extensions ['ignore', 'ignore_ament_install']
[0.230s] Level 1:colcon.colcon_core.package_identification:_identify(src/camera_app_msgs) by extension 'ignore'
[0.230s] Level 1:colcon.colcon_core.package_identification:_identify(src/camera_app_msgs) by extension 'ignore_ament_install'
[0.231s] Level 1:colcon.colcon_core.package_identification:_identify(src/camera_app_msgs) by extensions ['colcon_pkg']
[0.231s] Level 1:colcon.colcon_core.package_identification:_identify(src/camera_app_msgs) by extension 'colcon_pkg'
[0.231s] Level 1:colcon.colcon_core.package_identification:_identify(src/camera_app_msgs) by extensions ['colcon_meta']
[0.231s] Level 1:colcon.colcon_core.package_identification:_identify(src/camera_app_msgs) by extension 'colcon_meta'
[0.231s] Level 1:colcon.colcon_core.package_identification:_identify(src/camera_app_msgs) by extensions ['ros']
[0.231s] Level 1:colcon.colcon_core.package_identification:_identify(src/camera_app_msgs) by extension 'ros'
[0.231s] DEBUG:colcon.colcon_core.package_identification:Package 'src/camera_app_msgs' with type 'ros.ament_cmake' and name 'camera_app_msgs'
[0.231s] Level 1:colcon.colcon_core.package_discovery:discover_packages(recursive) using defaults
[0.231s] Level 1:colcon.colcon_core.package_discovery:discover_packages(ignore) discover
[0.231s] Level 1:colcon.colcon_core.package_discovery:discover_packages(ignore) using defaults
[0.231s] Level 1:colcon.colcon_core.package_discovery:discover_packages(path) discover
[0.231s] Level 1:colcon.colcon_core.package_discovery:discover_packages(path) using defaults
[0.246s] Level 1:colcon.colcon_core.package_discovery:discover_packages(prefix_path) check parameters
[0.246s] Level 1:colcon.colcon_core.package_discovery:discover_packages(prefix_path) discover
[0.247s] DEBUG:colcon.colcon_installed_package_information.package_discovery:Found 2 installed packages in /home/earnest/camera_study/install
[0.248s] DEBUG:colcon.colcon_installed_package_information.package_discovery:Found 291 installed packages in /opt/ros/humble
[0.256s] Level 1:colcon.colcon_core.package_discovery:discover_packages(prefix_path) using defaults
[0.287s] Level 5:colcon.colcon_core.verb:set package 'camera_app' build argument 'cmake_args' from command line to 'None'
[0.287s] Level 5:colcon.colcon_core.verb:set package 'camera_app' build argument 'cmake_target' from command line to 'None'
[0.287s] Level 5:colcon.colcon_core.verb:set package 'camera_app' build argument 'cmake_target_skip_unavailable' from command line to 'False'
[0.287s] Level 5:colcon.colcon_core.verb:set package 'camera_app' build argument 'cmake_clean_cache' from command line to 'False'
[0.287s] Level 5:colcon.colcon_core.verb:set package 'camera_app' build argument 'cmake_clean_first' from command line to 'False'
[0.288s] Level 5:colcon.colcon_core.verb:set package 'camera_app' build argument 'cmake_force_configure' from command line to 'False'
[0.288s] Level 5:colcon.colcon_core.verb:set package 'camera_app' build argument 'ament_cmake_args' from command line to 'None'
[0.288s] Level 5:colcon.colcon_core.verb:set package 'camera_app' build argument 'catkin_cmake_args' from command line to 'None'
[0.288s] Level 5:colcon.colcon_core.verb:set package 'camera_app' build argument 'catkin_skip_building_tests' from command line to 'False'
[0.288s] DEBUG:colcon.colcon_core.verb:Building package 'camera_app' with the following arguments: {'ament_cmake_args': None, 'build_base': '/home/earnest/camera_study/build/camera_app', 'catkin_cmake_args': None, 'catkin_skip_building_tests': False, 'cmake_args': None, 'cmake_clean_cache': False, 'cmake_clean_first': False, 'cmake_force_configure': False, 'cmake_target': None, 'cmake_target_skip_unavailable': False, 'install_base': '/home/earnest/camera_study/install/camera_app', 'merge_install': False, 'path': '/home/earnest/camera_study/src/camera_app', 'symlink_install': False, 'test_result_base': None}
[0.288s] Level 5:colcon.colcon_core.verb:set package 'camera_app_msgs' build argument 'cmake_args' from command line to 'None'
[0.288s] Level 5:colcon.colcon_core.verb:set package 'camera_app_msgs' build argument 'cmake_target' from command line to 'None'
[0.288s] Level 5:colcon.colcon_core.verb:set package 'camera_app_msgs' build argument 'cmake_target_skip_unavailable' from command line to 'False'
[0.288s] Level 5:colcon.colcon_core.verb:set package 'camera_app_msgs' build argument 'cmake_clean_cache' from command line to 'False'
[0.288s] Level 5:colcon.colcon_core.verb:set package 'camera_app_msgs' build argument 'cmake_clean_first' from command line to 'False'
[0.288s] Level 5:colcon.colcon_core.verb:set package 'camera_app_msgs' build argument 'cmake_force_configure' from command line to 'False'
[0.288s] Level 5:colcon.colcon_core.verb:set package 'camera_app_msgs' build argument 'ament_cmake_args' from command line to 'None'
[0.288s] Level 5:colcon.colcon_core.verb:set package 'camera_app_msgs' build argument 'catkin_cmake_args' from command line to 'None'
[0.288s] Level 5:colcon.colcon_core.verb:set package 'camera_app_msgs' build argument 'catkin_skip_building_tests' from command line to 'False'
[0.288s] DEBUG:colcon.colcon_core.verb:Building package 'camera_app_msgs' with the following arguments: {'ament_cmake_args': None, 'build_base': '/home/earnest/camera_study/build/camera_app_msgs', 'catkin_cmake_args': None, 'catkin_skip_building_tests': False, 'cmake_args': None, 'cmake_clean_cache': False, 'cmake_clean_first': False, 'cmake_force_configure': False, 'cmake_target': None, 'cmake_target_skip_unavailable': False, 'install_base': '/home/earnest/camera_study/install/camera_app_msgs', 'merge_install': False, 'path': '/home/earnest/camera_study/src/camera_app_msgs', 'symlink_install': False, 'test_result_base': None}
[0.288s] INFO:colcon.colcon_core.executor:Executing jobs using 'parallel' executor
[0.289s] DEBUG:colcon.colcon_parallel_executor.executor.parallel:run_until_complete
[0.289s] INFO:colcon.colcon_ros.task.ament_python.build:Building ROS package in '/home/earnest/camera_study/src/camera_app' with build type 'ament_python'
[0.289s] Level 1:colcon.colcon_core.shell:create_environment_hook('camera_app', 'ament_prefix_path')
[0.291s] INFO:colcon.colcon_core.plugin_system:Skipping extension 'colcon_core.shell.bat': Not used on non-Windows systems
[0.291s] INFO:colcon.colcon_core.shell:Creating environment hook '/home/earnest/camera_study/install/camera_app/share/camera_app/hook/ament_prefix_path.ps1'
[0.291s] INFO:colcon.colcon_core.shell:Creating environment descriptor '/home/earnest/camera_study/install/camera_app/share/camera_app/hook/ament_prefix_path.dsv'
[0.291s] INFO:colcon.colcon_core.shell:Creating environment hook '/home/earnest/camera_study/install/camera_app/share/camera_app/hook/ament_prefix_path.sh'
[0.292s] INFO:colcon.colcon_core.shell:Skip shell extension 'powershell' for command environment: Not usable outside of PowerShell
[0.292s] DEBUG:colcon.colcon_core.shell:Skip shell extension 'dsv' for command environment
[0.294s] INFO:colcon.colcon_ros.task.ament_cmake.build:Building ROS package in '/home/earnest/camera_study/src/camera_app_msgs' with build type 'ament_cmake'
[0.294s] INFO:colcon.colcon_cmake.task.cmake.build:Building CMake package in '/home/earnest/camera_study/src/camera_app_msgs'
[0.294s] INFO:colcon.colcon_core.shell:Skip shell extension 'powershell' for command environment: Not usable outside of PowerShell
[0.295s] DEBUG:colcon.colcon_core.shell:Skip shell extension 'dsv' for command environment
[0.502s] INFO:colcon.colcon_core.task.python.build:Building Python package in '/home/earnest/camera_study/src/camera_app'
[0.502s] INFO:colcon.colcon_core.shell:Skip shell extension 'powershell' for command environment: Not usable outside of PowerShell
[0.502s] DEBUG:colcon.colcon_core.shell:Skip shell extension 'dsv' for command environment
[0.509s] DEBUG:colcon.colcon_core.event_handler.log_command:Invoking command in '/home/earnest/camera_study/build/camera_app_msgs': CMAKE_PREFIX_PATH=${CMAKE_PREFIX_PATH}:/home/earnest/camera_study/install/camera_app:/opt/ros/humble /usr/bin/cmake --build /home/earnest/camera_study/build/camera_app_msgs -- -j12 -l12
[0.785s] DEBUG:colcon.colcon_core.event_handler.log_command:Invoking command in '/home/earnest/camera_study/src/camera_app': PYTHONPATH=/home/earnest/camera_study/build/camera_app/prefix_override:/home/earnest/camera_study/install/camera_app/lib/python3.10/site-packages:${PYTHONPATH} /usr/bin/python3 -W ignore:setup.py install is deprecated setup.py egg_info --egg-base ../../build/camera_app build --build-base /home/earnest/camera_study/build/camera_app/build install --record /home/earnest/camera_study/build/camera_app/install.log --single-version-externally-managed install_data
[0.794s] DEBUG:colcon.colcon_core.event_handler.log_command:Invoked command in '/home/earnest/camera_study/build/camera_app_msgs' returned '0': CMAKE_PREFIX_PATH=${CMAKE_PREFIX_PATH}:/home/earnest/camera_study/install/camera_app:/opt/ros/humble /usr/bin/cmake --build /home/earnest/camera_study/build/camera_app_msgs -- -j12 -l12
[0.841s] DEBUG:colcon.colcon_core.event_handler.log_command:Invoking command in '/home/earnest/camera_study/build/camera_app_msgs': CMAKE_PREFIX_PATH=${CMAKE_PREFIX_PATH}:/home/earnest/camera_study/install/camera_app:/opt/ros/humble /usr/bin/cmake --install /home/earnest/camera_study/build/camera_app_msgs
[0.881s] Level 1:colcon.colcon_core.environment:create_environment_scripts_only(camera_app_msgs)
[0.885s] DEBUG:colcon.colcon_core.event_handler.log_command:Invoked command in '/home/earnest/camera_study/build/camera_app_msgs' returned '0': CMAKE_PREFIX_PATH=${CMAKE_PREFIX_PATH}:/home/earnest/camera_study/install/camera_app:/opt/ros/humble /usr/bin/cmake --install /home/earnest/camera_study/build/camera_app_msgs
[0.885s] Level 1:colcon.colcon_core.environment:checking '/home/earnest/camera_study/install/camera_app_msgs' for CMake module files
[0.886s] Level 1:colcon.colcon_core.environment:checking '/home/earnest/camera_study/install/camera_app_msgs' for CMake config files
[0.886s] Level 1:colcon.colcon_core.shell:create_environment_hook('camera_app_msgs', 'cmake_prefix_path')
[0.886s] INFO:colcon.colcon_core.shell:Creating environment hook '/home/earnest/camera_study/install/camera_app_msgs/share/camera_app_msgs/hook/cmake_prefix_path.ps1'
[0.886s] INFO:colcon.colcon_core.shell:Creating environment descriptor '/home/earnest/camera_study/install/camera_app_msgs/share/camera_app_msgs/hook/cmake_prefix_path.dsv'
[0.886s] INFO:colcon.colcon_core.shell:Creating environment hook '/home/earnest/camera_study/install/camera_app_msgs/share/camera_app_msgs/hook/cmake_prefix_path.sh'
[0.887s] Level 1:colcon.colcon_core.environment:checking '/home/earnest/camera_study/install/camera_app_msgs/lib'
[0.887s] Level 1:colcon.colcon_core.shell:create_environment_hook('camera_app_msgs', 'ld_library_path_lib')
[0.887s] INFO:colcon.colcon_core.shell:Creating environment hook '/home/earnest/camera_study/install/camera_app_msgs/share/camera_app_msgs/hook/ld_library_path_lib.ps1'
[0.887s] INFO:colcon.colcon_core.shell:Creating environment descriptor '/home/earnest/camera_study/install/camera_app_msgs/share/camera_app_msgs/hook/ld_library_path_lib.dsv'
[0.888s] INFO:colcon.colcon_core.shell:Creating environment hook '/home/earnest/camera_study/install/camera_app_msgs/share/camera_app_msgs/hook/ld_library_path_lib.sh'
[0.888s] Level 1:colcon.colcon_core.environment:checking '/home/earnest/camera_study/install/camera_app_msgs/bin'
[0.888s] Level 1:colcon.colcon_core.environment:checking '/home/earnest/camera_study/install/camera_app_msgs/lib/pkgconfig/camera_app_msgs.pc'
[0.888s] Level 1:colcon.colcon_core.environment:checking '/home/earnest/camera_study/install/camera_app_msgs/lib/python3.10/site-packages'
[0.888s] Level 1:colcon.colcon_core.environment:checking '/home/earnest/camera_study/install/camera_app_msgs/bin'
[0.888s] INFO:colcon.colcon_core.shell:Creating package script '/home/earnest/camera_study/install/camera_app_msgs/share/camera_app_msgs/package.ps1'
[0.889s] INFO:colcon.colcon_core.shell:Creating package descriptor '/home/earnest/camera_study/install/camera_app_msgs/share/camera_app_msgs/package.dsv'
[0.890s] INFO:colcon.colcon_core.shell:Creating package script '/home/earnest/camera_study/install/camera_app_msgs/share/camera_app_msgs/package.sh'
[0.890s] INFO:colcon.colcon_core.shell:Creating package script '/home/earnest/camera_study/install/camera_app_msgs/share/camera_app_msgs/package.bash'
[0.891s] INFO:colcon.colcon_core.shell:Creating package script '/home/earnest/camera_study/install/camera_app_msgs/share/camera_app_msgs/package.zsh'
[0.891s] Level 1:colcon.colcon_core.environment:create_file_with_runtime_dependencies(/home/earnest/camera_study/install/camera_app_msgs/share/colcon-core/packages/camera_app_msgs)
[0.929s] Level 1:colcon.colcon_core.environment:create_environment_scripts_only(camera_app_msgs)
[0.929s] Level 1:colcon.colcon_core.environment:checking '/home/earnest/camera_study/install/camera_app_msgs' for CMake module files
[0.929s] Level 1:colcon.colcon_core.environment:checking '/home/earnest/camera_study/install/camera_app_msgs' for CMake config files
[0.930s] Level 1:colcon.colcon_core.shell:create_environment_hook('camera_app_msgs', 'cmake_prefix_path')
[0.930s] INFO:colcon.colcon_core.shell:Creating environment hook '/home/earnest/camera_study/install/camera_app_msgs/share/camera_app_msgs/hook/cmake_prefix_path.ps1'
[0.930s] INFO:colcon.colcon_core.shell:Creating environment descriptor '/home/earnest/camera_study/install/camera_app_msgs/share/camera_app_msgs/hook/cmake_prefix_path.dsv'
[0.930s] INFO:colcon.colcon_core.shell:Creating environment hook '/home/earnest/camera_study/install/camera_app_msgs/share/camera_app_msgs/hook/cmake_prefix_path.sh'
[0.931s] Level 1:colcon.colcon_core.environment:checking '/home/earnest/camera_study/install/camera_app_msgs/lib'
[0.931s] Level 1:colcon.colcon_core.shell:create_environment_hook('camera_app_msgs', 'ld_library_path_lib')
[0.931s] INFO:colcon.colcon_core.shell:Creating environment hook '/home/earnest/camera_study/install/camera_app_msgs/share/camera_app_msgs/hook/ld_library_path_lib.ps1'
[0.931s] INFO:colcon.colcon_core.shell:Creating environment descriptor '/home/earnest/camera_study/install/camera_app_msgs/share/camera_app_msgs/hook/ld_library_path_lib.dsv'
[0.931s] INFO:colcon.colcon_core.shell:Creating environment hook '/home/earnest/camera_study/install/camera_app_msgs/share/camera_app_msgs/hook/ld_library_path_lib.sh'
[0.932s] Level 1:colcon.colcon_core.environment:checking '/home/earnest/camera_study/install/camera_app_msgs/bin'
[0.932s] Level 1:colcon.colcon_core.environment:checking '/home/earnest/camera_study/install/camera_app_msgs/lib/pkgconfig/camera_app_msgs.pc'
[0.932s] Level 1:colcon.colcon_core.environment:checking '/home/earnest/camera_study/install/camera_app_msgs/lib/python3.10/site-packages'
[0.932s] Level 1:colcon.colcon_core.environment:checking '/home/earnest/camera_study/install/camera_app_msgs/bin'
[0.932s] INFO:colcon.colcon_core.shell:Creating package script '/home/earnest/camera_study/install/camera_app_msgs/share/camera_app_msgs/package.ps1'
[0.933s] INFO:colcon.colcon_core.shell:Creating package descriptor '/home/earnest/camera_study/install/camera_app_msgs/share/camera_app_msgs/package.dsv'
[0.933s] INFO:colcon.colcon_core.shell:Creating package script '/home/earnest/camera_study/install/camera_app_msgs/share/camera_app_msgs/package.sh'
[0.933s] INFO:colcon.colcon_core.shell:Creating package script '/home/earnest/camera_study/install/camera_app_msgs/share/camera_app_msgs/package.bash'
[0.934s] INFO:colcon.colcon_core.shell:Creating package script '/home/earnest/camera_study/install/camera_app_msgs/share/camera_app_msgs/package.zsh'
[0.934s] Level 1:colcon.colcon_core.environment:create_file_with_runtime_dependencies(/home/earnest/camera_study/install/camera_app_msgs/share/colcon-core/packages/camera_app_msgs)
[1.032s] Level 1:colcon.colcon_core.environment:checking '/home/earnest/camera_study/install/camera_app' for CMake module files
[1.032s] DEBUG:colcon.colcon_core.event_handler.log_command:Invoked command in '/home/earnest/camera_study/src/camera_app' returned '0': PYTHONPATH=/home/earnest/camera_study/build/camera_app/prefix_override:/home/earnest/camera_study/install/camera_app/lib/python3.10/site-packages:${PYTHONPATH} /usr/bin/python3 -W ignore:setup.py install is deprecated setup.py egg_info --egg-base ../../build/camera_app build --build-base /home/earnest/camera_study/build/camera_app/build install --record /home/earnest/camera_study/build/camera_app/install.log --single-version-externally-managed install_data
[1.033s] Level 1:colcon.colcon_core.environment:checking '/home/earnest/camera_study/install/camera_app' for CMake config files
[1.033s] Level 1:colcon.colcon_core.environment:checking '/home/earnest/camera_study/install/camera_app/lib'
[1.033s] Level 1:colcon.colcon_core.environment:checking '/home/earnest/camera_study/install/camera_app/bin'
[1.033s] Level 1:colcon.colcon_core.environment:checking '/home/earnest/camera_study/install/camera_app/lib/pkgconfig/camera_app.pc'
[1.033s] Level 1:colcon.colcon_core.environment:checking '/home/earnest/camera_study/install/camera_app/lib/python3.10/site-packages'
[1.033s] Level 1:colcon.colcon_core.shell:create_environment_hook('camera_app', 'pythonpath')
[1.033s] INFO:colcon.colcon_core.shell:Creating environment hook '/home/earnest/camera_study/install/camera_app/share/camera_app/hook/pythonpath.ps1'
[1.034s] INFO:colcon.colcon_core.shell:Creating environment descriptor '/home/earnest/camera_study/install/camera_app/share/camera_app/hook/pythonpath.dsv'
[1.034s] INFO:colcon.colcon_core.shell:Creating environment hook '/home/earnest/camera_study/install/camera_app/share/camera_app/hook/pythonpath.sh'
[1.034s] Level 1:colcon.colcon_core.environment:checking '/home/earnest/camera_study/install/camera_app/bin'
[1.034s] Level 1:colcon.colcon_core.environment:create_environment_scripts_only(camera_app)
[1.035s] INFO:colcon.colcon_core.shell:Creating package script '/home/earnest/camera_study/install/camera_app/share/camera_app/package.ps1'
[1.035s] INFO:colcon.colcon_core.shell:Creating package descriptor '/home/earnest/camera_study/install/camera_app/share/camera_app/package.dsv'
[1.035s] INFO:colcon.colcon_core.shell:Creating package script '/home/earnest/camera_study/install/camera_app/share/camera_app/package.sh'
[1.036s] INFO:colcon.colcon_core.shell:Creating package script '/home/earnest/camera_study/install/camera_app/share/camera_app/package.bash'
[1.036s] INFO:colcon.colcon_core.shell:Creating package script '/home/earnest/camera_study/install/camera_app/share/camera_app/package.zsh'
[1.036s] Level 1:colcon.colcon_core.environment:create_file_with_runtime_dependencies(/home/earnest/camera_study/install/camera_app/share/colcon-core/packages/camera_app)
[1.036s] DEBUG:colcon.colcon_parallel_executor.executor.parallel:closing loop
[1.036s] DEBUG:colcon.colcon_parallel_executor.executor.parallel:loop closed
[1.037s] DEBUG:colcon.colcon_parallel_executor.executor.parallel:run_until_complete finished with '0'
[1.037s] DEBUG:colcon.colcon_core.event_reactor:joining thread
[1.040s] INFO:colcon.colcon_core.plugin_system:Skipping extension 'colcon_notification.desktop_notification.terminal_notifier': Not used on non-Darwin systems
[1.040s] INFO:colcon.colcon_core.plugin_system:Skipping extension 'colcon_notification.desktop_notification.win32': Not used on non-Windows systems
[1.041s] INFO:colcon.colcon_notification.desktop_notification:Sending desktop notification using 'notify2'
[1.049s] DEBUG:colcon.colcon_core.event_reactor:joined thread
[1.049s] INFO:colcon.colcon_core.shell:Creating prefix script '/home/earnest/camera_study/install/local_setup.ps1'
[1.050s] INFO:colcon.colcon_core.shell:Creating prefix util module '/home/earnest/camera_study/install/_local_setup_util_ps1.py'
[1.051s] INFO:colcon.colcon_core.shell:Creating prefix chain script '/home/earnest/camera_study/install/setup.ps1'
[1.052s] INFO:colcon.colcon_core.shell:Creating prefix script '/home/earnest/camera_study/install/local_setup.sh'
[1.052s] INFO:colcon.colcon_core.shell:Creating prefix util module '/home/earnest/camera_study/install/_local_setup_util_sh.py'
[1.052s] INFO:colcon.colcon_core.shell:Creating prefix chain script '/home/earnest/camera_study/install/setup.sh'
[1.053s] INFO:colcon.colcon_core.shell:Creating prefix script '/home/earnest/camera_study/install/local_setup.bash'
[1.053s] INFO:colcon.colcon_core.shell:Creating prefix chain script '/home/earnest/camera_study/install/setup.bash'
[1.054s] INFO:colcon.colcon_core.shell:Creating prefix script '/home/earnest/camera_study/install/local_setup.zsh'
[1.054s] INFO:colcon.colcon_core.shell:Creating prefix chain script '/home/earnest/camera_study/install/setup.zsh'
