[0.451s] Invoking command in '/home/earnest/camera_study/src/camera_app': PYTHONPATH=/home/earnest/camera_study/build/camera_app/prefix_override:/home/earnest/camera_study/install/camera_app/lib/python3.10/site-packages:${PYTHONPATH} /usr/bin/python3 -W ignore:setup.py install is deprecated setup.py egg_info --egg-base ../../build/camera_app build --build-base /home/earnest/camera_study/build/camera_app/build install --record /home/earnest/camera_study/build/camera_app/install.log --single-version-externally-managed install_data
[0.635s] running egg_info
[0.635s] creating ../../build/camera_app/camera_app.egg-info
[0.635s] writing ../../build/camera_app/camera_app.egg-info/PKG-INFO
[0.635s] writing dependency_links to ../../build/camera_app/camera_app.egg-info/dependency_links.txt
[0.635s] writing entry points to ../../build/camera_app/camera_app.egg-info/entry_points.txt
[0.636s] writing requirements to ../../build/camera_app/camera_app.egg-info/requires.txt
[0.636s] writing top-level names to ../../build/camera_app/camera_app.egg-info/top_level.txt
[0.636s] writing manifest file '../../build/camera_app/camera_app.egg-info/SOURCES.txt'
[0.637s] reading manifest file '../../build/camera_app/camera_app.egg-info/SOURCES.txt'
[0.637s] writing manifest file '../../build/camera_app/camera_app.egg-info/SOURCES.txt'
[0.637s] running build
[0.637s] running build_py
[0.638s] creating /home/earnest/camera_study/build/camera_app/build
[0.638s] creating /home/earnest/camera_study/build/camera_app/build/lib
[0.638s] creating /home/earnest/camera_study/build/camera_app/build/lib/camera_app
[0.638s] copying camera_app/__init__.py -> /home/earnest/camera_study/build/camera_app/build/lib/camera_app
[0.638s] copying camera_app/img_publisher.py -> /home/earnest/camera_study/build/camera_app/build/lib/camera_app
[0.638s] running install
[0.638s] running install_lib
[0.638s] creating /home/earnest/camera_study/install/camera_app/lib/python3.10/site-packages/camera_app
[0.639s] copying /home/earnest/camera_study/build/camera_app/build/lib/camera_app/__init__.py -> /home/earnest/camera_study/install/camera_app/lib/python3.10/site-packages/camera_app
[0.639s] copying /home/earnest/camera_study/build/camera_app/build/lib/camera_app/img_publisher.py -> /home/earnest/camera_study/install/camera_app/lib/python3.10/site-packages/camera_app
[0.639s] byte-compiling /home/earnest/camera_study/install/camera_app/lib/python3.10/site-packages/camera_app/__init__.py to __init__.cpython-310.pyc
[0.639s] byte-compiling /home/earnest/camera_study/install/camera_app/lib/python3.10/site-packages/camera_app/img_publisher.py to img_publisher.cpython-310.pyc
[0.639s] running install_data
[0.640s] creating /home/earnest/camera_study/install/camera_app/share/ament_index
[0.640s] creating /home/earnest/camera_study/install/camera_app/share/ament_index/resource_index
[0.640s] creating /home/earnest/camera_study/install/camera_app/share/ament_index/resource_index/packages
[0.640s] copying resource/camera_app -> /home/earnest/camera_study/install/camera_app/share/ament_index/resource_index/packages
[0.640s] copying package.xml -> /home/earnest/camera_study/install/camera_app/share/camera_app
[0.640s] running install_egg_info
[0.641s] Copying ../../build/camera_app/camera_app.egg-info to /home/earnest/camera_study/install/camera_app/lib/python3.10/site-packages/camera_app-0.0.0-py3.10.egg-info
[0.641s] running install_scripts
[0.656s] Installing img_publisher script to /home/earnest/camera_study/install/camera_app/lib/camera_app
[0.657s] writing list of installed files to '/home/earnest/camera_study/build/camera_app/install.log'
[0.672s] Invoked command in '/home/earnest/camera_study/src/camera_app' returned '0': PYTHONPATH=/home/earnest/camera_study/build/camera_app/prefix_override:/home/earnest/camera_study/install/camera_app/lib/python3.10/site-packages:${PYTHONPATH} /usr/bin/python3 -W ignore:setup.py install is deprecated setup.py egg_info --egg-base ../../build/camera_app build --build-base /home/earnest/camera_study/build/camera_app/build install --record /home/earnest/camera_study/build/camera_app/install.log --single-version-externally-managed install_data
