[0.529s] Invoking command in '/home/earnest/camera_study/src/camera_app': PYTHONPATH=/home/earnest/camera_study/build/camera_app/prefix_override:/home/earnest/camera_study/install/camera_app/lib/python3.10/site-packages:${PYTHONPATH} /usr/bin/python3 -W ignore:setup.py install is deprecated setup.py egg_info --egg-base ../../build/camera_app build --build-base /home/earnest/camera_study/build/camera_app/build install --record /home/earnest/camera_study/build/camera_app/install.log --single-version-externally-managed install_data
[0.716s] running egg_info
[0.716s] writing ../../build/camera_app/camera_app.egg-info/PKG-INFO
[0.716s] writing dependency_links to ../../build/camera_app/camera_app.egg-info/dependency_links.txt
[0.717s] writing entry points to ../../build/camera_app/camera_app.egg-info/entry_points.txt
[0.717s] writing requirements to ../../build/camera_app/camera_app.egg-info/requires.txt
[0.717s] writing top-level names to ../../build/camera_app/camera_app.egg-info/top_level.txt
[0.718s] reading manifest file '../../build/camera_app/camera_app.egg-info/SOURCES.txt'
[0.719s] writing manifest file '../../build/camera_app/camera_app.egg-info/SOURCES.txt'
[0.719s] running build
[0.719s] running build_py
[0.719s] running install
[0.719s] running install_lib
[0.720s] running install_data
[0.721s] running install_egg_info
[0.722s] removing '/home/earnest/camera_study/install/camera_app/lib/python3.10/site-packages/camera_app-0.0.0-py3.10.egg-info' (and everything under it)
[0.722s] Copying ../../build/camera_app/camera_app.egg-info to /home/earnest/camera_study/install/camera_app/lib/python3.10/site-packages/camera_app-0.0.0-py3.10.egg-info
[0.722s] running install_scripts
[0.740s] Installing canny script to /home/earnest/camera_study/install/camera_app/lib/camera_app
[0.740s] Installing capture_and_record script to /home/earnest/camera_study/install/camera_app/lib/camera_app
[0.740s] Installing emoji_overlay script to /home/earnest/camera_study/install/camera_app/lib/camera_app
[0.741s] Installing img_publisher script to /home/earnest/camera_study/install/camera_app/lib/camera_app
[0.741s] writing list of installed files to '/home/earnest/camera_study/build/camera_app/install.log'
[0.768s] Invoked command in '/home/earnest/camera_study/src/camera_app' returned '0': PYTHONPATH=/home/earnest/camera_study/build/camera_app/prefix_override:/home/earnest/camera_study/install/camera_app/lib/python3.10/site-packages:${PYTHONPATH} /usr/bin/python3 -W ignore:setup.py install is deprecated setup.py egg_info --egg-base ../../build/camera_app build --build-base /home/earnest/camera_study/build/camera_app/build install --record /home/earnest/camera_study/build/camera_app/install.log --single-version-externally-managed install_data
