[0.209s] Invoking command in '/home/earnest/camera_study/build/camera_app_msgs': CMAKE_PREFIX_PATH=${CMAKE_PREFIX_PATH}:/home/earnest/camera_study/install/camera_app:/opt/ros/humble /usr/bin/cmake --build /home/earnest/camera_study/build/camera_app_msgs -- -j12 -l12
[0.226s] -- Found ament_cmake: 1.3.8 (/opt/ros/humble/share/ament_cmake/cmake)
[0.321s] -- Found rosidl_default_generators: 1.2.0 (/opt/ros/humble/share/rosidl_default_generators/cmake)
[0.322s] -- Using all available rosidl_typesupport_c: rosidl_typesupport_fastrtps_c;rosidl_typesupport_introspection_c
[0.324s] -- Found rosidl_adapter: 3.1.5 (/opt/ros/humble/share/rosidl_adapter/cmake)
[0.348s] -- Using all available rosidl_typesupport_cpp: rosidl_typesupport_fastrtps_cpp;rosidl_typesupport_introspection_cpp
[0.555s] -- Found ament_cmake_ros: 0.10.0 (/opt/ros/humble/share/ament_cmake_ros/cmake)
[0.688s] -- Using all available rosidl_typesupport_c: rosidl_typesupport_fastrtps_c;rosidl_typesupport_introspection_c
[0.866s] -- Using all available rosidl_typesupport_cpp: rosidl_typesupport_fastrtps_cpp;rosidl_typesupport_introspection_cpp
[0.882s] -- Found python_cmake_module: 0.10.0 (/opt/ros/humble/share/python_cmake_module/cmake)
[0.898s] -- Using PYTHON_EXECUTABLE: /usr/bin/python3
[0.898s] -- Using PYTHON_INCLUDE_DIRS: /usr/include/python3.10
[0.898s] -- Using PYTHON_LIBRARIES: /usr/lib/x86_64-linux-gnu/libpython3.10.so
[0.906s] -- Found ament_lint_auto: 0.12.10 (/opt/ros/humble/share/ament_lint_auto/cmake)
[0.912s] -- Added test 'lint_cmake' to check CMake code style
[0.913s] -- Added test 'xmllint' to check XML markup files
[0.914s] -- Configuring done
[0.933s] -- Generating done
[0.935s] -- Build files have been written to: /home/earnest/camera_study/build/camera_app_msgs
[0.953s] [  3%] [34m[1mGenerating C code for ROS interfaces[0m
[0.960s] [  6%] [34m[1mGenerating C++ code for ROS interfaces[0m
[0.968s] [  6%] Built target ament_cmake_python_copy_camera_app_msgs
[1.166s] [35m[1mConsolidate compiler generated dependencies of target camera_app_msgs__rosidl_generator_c[0m
[1.170s] running egg_info
[1.171s] writing camera_app_msgs.egg-info/PKG-INFO
[1.171s] writing dependency_links to camera_app_msgs.egg-info/dependency_links.txt
[1.171s] writing top-level names to camera_app_msgs.egg-info/top_level.txt
[1.173s] reading manifest file 'camera_app_msgs.egg-info/SOURCES.txt'
[1.173s] [  6%] Built target camera_app_msgs__cpp
[1.173s] writing manifest file 'camera_app_msgs.egg-info/SOURCES.txt'
[1.175s] [  9%] [32mBuilding C object CMakeFiles/camera_app_msgs__rosidl_generator_c.dir/rosidl_generator_c/camera_app_msgs/srv/detail/capture__functions.c.o[0m
[1.182s] [ 19%] [34m[1mGenerating C++ type support for eProsima Fast-RTPS[0m
[1.182s] [ 19%] [34m[1mGenerating C++ type support dispatch for ROS interfaces[0m
[1.182s] [ 19%] [34m[1mGenerating C++ introspection for ROS interfaces[0m
[1.198s] [ 19%] Built target ament_cmake_python_build_camera_app_msgs_egg
[1.219s] [ 22%] [32m[1mLinking C shared library libcamera_app_msgs__rosidl_generator_c.so[0m
[1.247s] [ 22%] Built target camera_app_msgs__rosidl_generator_c
[1.255s] [ 29%] [34m[1mGenerating C introspection for ROS interfaces[0m
[1.255s] [ 29%] [34m[1mGenerating C type support for eProsima Fast-RTPS[0m
[1.255s] [ 32%] [34m[1mGenerating C type support dispatch for ROS interfaces[0m
[1.364s] [35m[1mConsolidate compiler generated dependencies of target camera_app_msgs__rosidl_typesupport_cpp[0m
[1.374s] [ 35%] [32mBuilding CXX object CMakeFiles/camera_app_msgs__rosidl_typesupport_cpp.dir/rosidl_typesupport_cpp/camera_app_msgs/srv/capture__type_support.cpp.o[0m
[1.388s] [35m[1mConsolidate compiler generated dependencies of target camera_app_msgs__rosidl_typesupport_introspection_cpp[0m
[1.396s] [35m[1mConsolidate compiler generated dependencies of target camera_app_msgs__rosidl_typesupport_fastrtps_cpp[0m
[1.397s] [ 38%] [32mBuilding CXX object CMakeFiles/camera_app_msgs__rosidl_typesupport_introspection_cpp.dir/rosidl_typesupport_introspection_cpp/camera_app_msgs/srv/detail/capture__type_support.cpp.o[0m
[1.407s] [ 41%] [32mBuilding CXX object CMakeFiles/camera_app_msgs__rosidl_typesupport_fastrtps_cpp.dir/rosidl_typesupport_fastrtps_cpp/camera_app_msgs/srv/detail/dds_fastrtps/capture__type_support.cpp.o[0m
[1.440s] [35m[1mConsolidate compiler generated dependencies of target camera_app_msgs__rosidl_typesupport_c[0m
[1.450s] [ 45%] [32mBuilding CXX object CMakeFiles/camera_app_msgs__rosidl_typesupport_c.dir/rosidl_typesupport_c/camera_app_msgs/srv/capture__type_support.cpp.o[0m
[1.473s] [35m[1mConsolidate compiler generated dependencies of target camera_app_msgs__rosidl_typesupport_introspection_c[0m
[1.475s] [ 48%] [32m[1mLinking CXX shared library libcamera_app_msgs__rosidl_typesupport_c.so[0m
[1.477s] [35m[1mConsolidate compiler generated dependencies of target camera_app_msgs__rosidl_typesupport_fastrtps_c[0m
[1.482s] [ 51%] [32mBuilding C object CMakeFiles/camera_app_msgs__rosidl_typesupport_introspection_c.dir/rosidl_typesupport_introspection_c/camera_app_msgs/srv/detail/capture__type_support.c.o[0m
[1.488s] [ 54%] [32mBuilding CXX object CMakeFiles/camera_app_msgs__rosidl_typesupport_fastrtps_c.dir/rosidl_typesupport_fastrtps_c/camera_app_msgs/srv/detail/capture__type_support_c.cpp.o[0m
[1.509s] [ 58%] [32m[1mLinking C shared library libcamera_app_msgs__rosidl_typesupport_introspection_c.so[0m
[1.509s] [ 58%] Built target camera_app_msgs__rosidl_typesupport_c
[1.533s] [ 58%] Built target camera_app_msgs__rosidl_typesupport_introspection_c
[1.590s] [ 61%] [32m[1mLinking CXX shared library libcamera_app_msgs__rosidl_typesupport_cpp.so[0m
[1.622s] [ 61%] Built target camera_app_msgs__rosidl_typesupport_cpp
[1.698s] [ 64%] [32m[1mLinking CXX shared library libcamera_app_msgs__rosidl_typesupport_introspection_cpp.so[0m
[1.721s] [ 67%] [32m[1mLinking CXX shared library libcamera_app_msgs__rosidl_typesupport_fastrtps_cpp.so[0m
[1.729s] [ 67%] Built target camera_app_msgs__rosidl_typesupport_introspection_cpp
[1.753s] [ 70%] [32m[1mLinking CXX shared library libcamera_app_msgs__rosidl_typesupport_fastrtps_c.so[0m
[1.777s] [ 70%] Built target camera_app_msgs__rosidl_typesupport_fastrtps_cpp
[1.806s] [ 70%] Built target camera_app_msgs__rosidl_typesupport_fastrtps_c
[1.820s] [ 70%] Built target camera_app_msgs
[1.835s] [ 74%] [34m[1mGenerating Python code for ROS interfaces[0m
[2.102s] [ 74%] Built target camera_app_msgs__py
[2.109s] [35m[1mConsolidate compiler generated dependencies of target camera_app_msgs__rosidl_generator_py[0m
[2.118s] [ 77%] [32mBuilding C object CMakeFiles/camera_app_msgs__rosidl_generator_py.dir/rosidl_generator_py/camera_app_msgs/srv/_capture_s.c.o[0m
[2.193s] [ 80%] [32m[1mLinking C shared library rosidl_generator_py/camera_app_msgs/libcamera_app_msgs__rosidl_generator_py.so[0m
[2.221s] [ 80%] Built target camera_app_msgs__rosidl_generator_py
[2.229s] [35m[1mConsolidate compiler generated dependencies of target camera_app_msgs__rosidl_typesupport_c__pyext[0m
[2.229s] [35m[1mConsolidate compiler generated dependencies of target camera_app_msgs__rosidl_typesupport_fastrtps_c__pyext[0m
[2.229s] [35m[1mConsolidate compiler generated dependencies of target camera_app_msgs__rosidl_typesupport_introspection_c__pyext[0m
[2.239s] [ 90%] [32mBuilding C object CMakeFiles/camera_app_msgs__rosidl_typesupport_c__pyext.dir/rosidl_generator_py/camera_app_msgs/_camera_app_msgs_s.ep.rosidl_typesupport_c.c.o[0m
[2.239s] [ 90%] [32mBuilding C object CMakeFiles/camera_app_msgs__rosidl_typesupport_fastrtps_c__pyext.dir/rosidl_generator_py/camera_app_msgs/_camera_app_msgs_s.ep.rosidl_typesupport_fastrtps_c.c.o[0m
[2.240s] [ 90%] [32mBuilding C object CMakeFiles/camera_app_msgs__rosidl_typesupport_introspection_c__pyext.dir/rosidl_generator_py/camera_app_msgs/_camera_app_msgs_s.ep.rosidl_typesupport_introspection_c.c.o[0m
[2.310s] [ 96%] [32m[1mLinking C shared library rosidl_generator_py/camera_app_msgs/camera_app_msgs_s__rosidl_typesupport_c.cpython-310-x86_64-linux-gnu.so[0m
[2.310s] [ 96%] [32m[1mLinking C shared library rosidl_generator_py/camera_app_msgs/camera_app_msgs_s__rosidl_typesupport_introspection_c.cpython-310-x86_64-linux-gnu.so[0m
[2.312s] [100%] [32m[1mLinking C shared library rosidl_generator_py/camera_app_msgs/camera_app_msgs_s__rosidl_typesupport_fastrtps_c.cpython-310-x86_64-linux-gnu.so[0m
[2.336s] [100%] Built target camera_app_msgs__rosidl_typesupport_introspection_c__pyext
[2.336s] [100%] Built target camera_app_msgs__rosidl_typesupport_c__pyext
[2.336s] [100%] Built target camera_app_msgs__rosidl_typesupport_fastrtps_c__pyext
[2.345s] Invoked command in '/home/earnest/camera_study/build/camera_app_msgs' returned '0': CMAKE_PREFIX_PATH=${CMAKE_PREFIX_PATH}:/home/earnest/camera_study/install/camera_app:/opt/ros/humble /usr/bin/cmake --build /home/earnest/camera_study/build/camera_app_msgs -- -j12 -l12
[2.389s] Invoking command in '/home/earnest/camera_study/build/camera_app_msgs': CMAKE_PREFIX_PATH=${CMAKE_PREFIX_PATH}:/home/earnest/camera_study/install/camera_app:/opt/ros/humble /usr/bin/cmake --install /home/earnest/camera_study/build/camera_app_msgs
[2.395s] -- Install configuration: ""
[2.396s] -- Up-to-date: /home/earnest/camera_study/install/camera_app_msgs/share/ament_index/resource_index/rosidl_interfaces/camera_app_msgs
[2.396s] -- Up-to-date: /home/earnest/camera_study/install/camera_app_msgs/include/camera_app_msgs/camera_app_msgs
[2.396s] -- Up-to-date: /home/earnest/camera_study/install/camera_app_msgs/include/camera_app_msgs/camera_app_msgs/msg
[2.396s] -- Up-to-date: /home/earnest/camera_study/install/camera_app_msgs/include/camera_app_msgs/camera_app_msgs/msg/rosidl_generator_c__visibility_control.h
[2.396s] -- Up-to-date: /home/earnest/camera_study/install/camera_app_msgs/include/camera_app_msgs/camera_app_msgs/srv
[2.396s] -- Up-to-date: /home/earnest/camera_study/install/camera_app_msgs/include/camera_app_msgs/camera_app_msgs/srv/detail
[2.396s] -- Installing: /home/earnest/camera_study/install/camera_app_msgs/include/camera_app_msgs/camera_app_msgs/srv/detail/capture__functions.h
[2.397s] -- Installing: /home/earnest/camera_study/install/camera_app_msgs/include/camera_app_msgs/camera_app_msgs/srv/detail/capture__struct.h
[2.397s] -- Installing: /home/earnest/camera_study/install/camera_app_msgs/include/camera_app_msgs/camera_app_msgs/srv/detail/capture__type_support.h
[2.397s] -- Up-to-date: /home/earnest/camera_study/install/camera_app_msgs/include/camera_app_msgs/camera_app_msgs/srv/detail/capture1__struct.h
[2.397s] -- Up-to-date: /home/earnest/camera_study/install/camera_app_msgs/include/camera_app_msgs/camera_app_msgs/srv/detail/capture1__functions.h
[2.397s] -- Installing: /home/earnest/camera_study/install/camera_app_msgs/include/camera_app_msgs/camera_app_msgs/srv/detail/capture__functions.c
[2.397s] -- Up-to-date: /home/earnest/camera_study/install/camera_app_msgs/include/camera_app_msgs/camera_app_msgs/srv/detail/capture1__functions.c
[2.397s] -- Up-to-date: /home/earnest/camera_study/install/camera_app_msgs/include/camera_app_msgs/camera_app_msgs/srv/detail/capture1__type_support.h
[2.397s] -- Installing: /home/earnest/camera_study/install/camera_app_msgs/include/camera_app_msgs/camera_app_msgs/srv/capture.h
[2.397s] -- Up-to-date: /home/earnest/camera_study/install/camera_app_msgs/include/camera_app_msgs/camera_app_msgs/srv/capture1.h
[2.398s] -- Up-to-date: /home/earnest/camera_study/install/camera_app_msgs/share/camera_app_msgs/environment/library_path.sh
[2.398s] -- Installing: /home/earnest/camera_study/install/camera_app_msgs/share/camera_app_msgs/environment/library_path.dsv
[2.398s] -- Installing: /home/earnest/camera_study/install/camera_app_msgs/lib/libcamera_app_msgs__rosidl_generator_c.so
[2.398s] -- Set runtime path of "/home/earnest/camera_study/install/camera_app_msgs/lib/libcamera_app_msgs__rosidl_generator_c.so" to ""
[2.398s] -- Up-to-date: /home/earnest/camera_study/install/camera_app_msgs/include/camera_app_msgs/camera_app_msgs
[2.398s] -- Up-to-date: /home/earnest/camera_study/install/camera_app_msgs/include/camera_app_msgs/camera_app_msgs/msg
[2.398s] -- Up-to-date: /home/earnest/camera_study/install/camera_app_msgs/include/camera_app_msgs/camera_app_msgs/msg/rosidl_typesupport_fastrtps_c__visibility_control.h
[2.398s] -- Up-to-date: /home/earnest/camera_study/install/camera_app_msgs/include/camera_app_msgs/camera_app_msgs/srv
[2.398s] -- Up-to-date: /home/earnest/camera_study/install/camera_app_msgs/include/camera_app_msgs/camera_app_msgs/srv/detail
[2.398s] -- Installing: /home/earnest/camera_study/install/camera_app_msgs/include/camera_app_msgs/camera_app_msgs/srv/detail/capture__rosidl_typesupport_fastrtps_c.h
[2.399s] -- Up-to-date: /home/earnest/camera_study/install/camera_app_msgs/include/camera_app_msgs/camera_app_msgs/srv/detail/capture1__rosidl_typesupport_fastrtps_c.h
[2.399s] -- Installing: /home/earnest/camera_study/install/camera_app_msgs/lib/libcamera_app_msgs__rosidl_typesupport_fastrtps_c.so
[2.399s] -- Set runtime path of "/home/earnest/camera_study/install/camera_app_msgs/lib/libcamera_app_msgs__rosidl_typesupport_fastrtps_c.so" to ""
[2.399s] -- Up-to-date: /home/earnest/camera_study/install/camera_app_msgs/include/camera_app_msgs/camera_app_msgs
[2.399s] -- Up-to-date: /home/earnest/camera_study/install/camera_app_msgs/include/camera_app_msgs/camera_app_msgs/msg
[2.399s] -- Up-to-date: /home/earnest/camera_study/install/camera_app_msgs/include/camera_app_msgs/camera_app_msgs/msg/rosidl_typesupport_introspection_c__visibility_control.h
[2.399s] -- Up-to-date: /home/earnest/camera_study/install/camera_app_msgs/include/camera_app_msgs/camera_app_msgs/srv
[2.399s] -- Up-to-date: /home/earnest/camera_study/install/camera_app_msgs/include/camera_app_msgs/camera_app_msgs/srv/detail
[2.399s] -- Up-to-date: /home/earnest/camera_study/install/camera_app_msgs/include/camera_app_msgs/camera_app_msgs/srv/detail/capture1__rosidl_typesupport_introspection_c.h
[2.399s] -- Installing: /home/earnest/camera_study/install/camera_app_msgs/include/camera_app_msgs/camera_app_msgs/srv/detail/capture__type_support.c
[2.399s] -- Up-to-date: /home/earnest/camera_study/install/camera_app_msgs/include/camera_app_msgs/camera_app_msgs/srv/detail/capture1__type_support.c
[2.400s] -- Installing: /home/earnest/camera_study/install/camera_app_msgs/include/camera_app_msgs/camera_app_msgs/srv/detail/capture__rosidl_typesupport_introspection_c.h
[2.400s] -- Installing: /home/earnest/camera_study/install/camera_app_msgs/lib/libcamera_app_msgs__rosidl_typesupport_introspection_c.so
[2.400s] -- Set runtime path of "/home/earnest/camera_study/install/camera_app_msgs/lib/libcamera_app_msgs__rosidl_typesupport_introspection_c.so" to ""
[2.400s] -- Installing: /home/earnest/camera_study/install/camera_app_msgs/lib/libcamera_app_msgs__rosidl_typesupport_c.so
[2.400s] -- Set runtime path of "/home/earnest/camera_study/install/camera_app_msgs/lib/libcamera_app_msgs__rosidl_typesupport_c.so" to ""
[2.400s] -- Up-to-date: /home/earnest/camera_study/install/camera_app_msgs/include/camera_app_msgs/camera_app_msgs
[2.400s] -- Up-to-date: /home/earnest/camera_study/install/camera_app_msgs/include/camera_app_msgs/camera_app_msgs/srv
[2.400s] -- Up-to-date: /home/earnest/camera_study/install/camera_app_msgs/include/camera_app_msgs/camera_app_msgs/srv/detail
[2.400s] -- Up-to-date: /home/earnest/camera_study/install/camera_app_msgs/include/camera_app_msgs/camera_app_msgs/srv/detail/capture1__builder.hpp
[2.401s] -- Installing: /home/earnest/camera_study/install/camera_app_msgs/include/camera_app_msgs/camera_app_msgs/srv/detail/capture__builder.hpp
[2.401s] -- Up-to-date: /home/earnest/camera_study/install/camera_app_msgs/include/camera_app_msgs/camera_app_msgs/srv/detail/capture1__struct.hpp
[2.401s] -- Installing: /home/earnest/camera_study/install/camera_app_msgs/include/camera_app_msgs/camera_app_msgs/srv/detail/capture__struct.hpp
[2.401s] -- Up-to-date: /home/earnest/camera_study/install/camera_app_msgs/include/camera_app_msgs/camera_app_msgs/srv/detail/capture1__traits.hpp
[2.401s] -- Installing: /home/earnest/camera_study/install/camera_app_msgs/include/camera_app_msgs/camera_app_msgs/srv/detail/capture__traits.hpp
[2.401s] -- Up-to-date: /home/earnest/camera_study/install/camera_app_msgs/include/camera_app_msgs/camera_app_msgs/srv/capture1.hpp
[2.401s] -- Installing: /home/earnest/camera_study/install/camera_app_msgs/include/camera_app_msgs/camera_app_msgs/srv/capture.hpp
[2.401s] -- Up-to-date: /home/earnest/camera_study/install/camera_app_msgs/include/camera_app_msgs/camera_app_msgs
[2.401s] -- Up-to-date: /home/earnest/camera_study/install/camera_app_msgs/include/camera_app_msgs/camera_app_msgs/msg
[2.401s] -- Up-to-date: /home/earnest/camera_study/install/camera_app_msgs/include/camera_app_msgs/camera_app_msgs/msg/rosidl_typesupport_fastrtps_cpp__visibility_control.h
[2.402s] -- Up-to-date: /home/earnest/camera_study/install/camera_app_msgs/include/camera_app_msgs/camera_app_msgs/srv
[2.402s] -- Up-to-date: /home/earnest/camera_study/install/camera_app_msgs/include/camera_app_msgs/camera_app_msgs/srv/detail
[2.402s] -- Installing: /home/earnest/camera_study/install/camera_app_msgs/include/camera_app_msgs/camera_app_msgs/srv/detail/capture__rosidl_typesupport_fastrtps_cpp.hpp
[2.402s] -- Up-to-date: /home/earnest/camera_study/install/camera_app_msgs/include/camera_app_msgs/camera_app_msgs/srv/detail/dds_fastrtps
[2.402s] -- Up-to-date: /home/earnest/camera_study/install/camera_app_msgs/include/camera_app_msgs/camera_app_msgs/srv/detail/capture1__rosidl_typesupport_fastrtps_cpp.hpp
[2.402s] -- Installing: /home/earnest/camera_study/install/camera_app_msgs/lib/libcamera_app_msgs__rosidl_typesupport_fastrtps_cpp.so
[2.402s] -- Set runtime path of "/home/earnest/camera_study/install/camera_app_msgs/lib/libcamera_app_msgs__rosidl_typesupport_fastrtps_cpp.so" to ""
[2.402s] -- Up-to-date: /home/earnest/camera_study/install/camera_app_msgs/include/camera_app_msgs/camera_app_msgs
[2.402s] -- Up-to-date: /home/earnest/camera_study/install/camera_app_msgs/include/camera_app_msgs/camera_app_msgs/srv
[2.402s] -- Up-to-date: /home/earnest/camera_study/install/camera_app_msgs/include/camera_app_msgs/camera_app_msgs/srv/detail
[2.403s] -- Installing: /home/earnest/camera_study/install/camera_app_msgs/include/camera_app_msgs/camera_app_msgs/srv/detail/capture__rosidl_typesupport_introspection_cpp.hpp
[2.403s] -- Up-to-date: /home/earnest/camera_study/install/camera_app_msgs/include/camera_app_msgs/camera_app_msgs/srv/detail/capture1__type_support.cpp
[2.403s] -- Installing: /home/earnest/camera_study/install/camera_app_msgs/include/camera_app_msgs/camera_app_msgs/srv/detail/capture__type_support.cpp
[2.403s] -- Up-to-date: /home/earnest/camera_study/install/camera_app_msgs/include/camera_app_msgs/camera_app_msgs/srv/detail/capture1__rosidl_typesupport_introspection_cpp.hpp
[2.403s] -- Installing: /home/earnest/camera_study/install/camera_app_msgs/lib/libcamera_app_msgs__rosidl_typesupport_introspection_cpp.so
[2.403s] -- Set runtime path of "/home/earnest/camera_study/install/camera_app_msgs/lib/libcamera_app_msgs__rosidl_typesupport_introspection_cpp.so" to ""
[2.403s] -- Installing: /home/earnest/camera_study/install/camera_app_msgs/lib/libcamera_app_msgs__rosidl_typesupport_cpp.so
[2.403s] -- Set runtime path of "/home/earnest/camera_study/install/camera_app_msgs/lib/libcamera_app_msgs__rosidl_typesupport_cpp.so" to ""
[2.403s] -- Up-to-date: /home/earnest/camera_study/install/camera_app_msgs/share/camera_app_msgs/environment/pythonpath.sh
[2.403s] -- Installing: /home/earnest/camera_study/install/camera_app_msgs/share/camera_app_msgs/environment/pythonpath.dsv
[2.403s] -- Up-to-date: /home/earnest/camera_study/install/camera_app_msgs/local/lib/python3.10/dist-packages/camera_app_msgs-0.0.0-py3.10.egg-info
[2.404s] -- Installing: /home/earnest/camera_study/install/camera_app_msgs/local/lib/python3.10/dist-packages/camera_app_msgs-0.0.0-py3.10.egg-info/SOURCES.txt
[2.404s] -- Installing: /home/earnest/camera_study/install/camera_app_msgs/local/lib/python3.10/dist-packages/camera_app_msgs-0.0.0-py3.10.egg-info/dependency_links.txt
[2.404s] -- Installing: /home/earnest/camera_study/install/camera_app_msgs/local/lib/python3.10/dist-packages/camera_app_msgs-0.0.0-py3.10.egg-info/top_level.txt
[2.404s] -- Installing: /home/earnest/camera_study/install/camera_app_msgs/local/lib/python3.10/dist-packages/camera_app_msgs-0.0.0-py3.10.egg-info/PKG-INFO
[2.404s] -- Up-to-date: /home/earnest/camera_study/install/camera_app_msgs/local/lib/python3.10/dist-packages/camera_app_msgs
[2.404s] -- Installing: /home/earnest/camera_study/install/camera_app_msgs/local/lib/python3.10/dist-packages/camera_app_msgs/_camera_app_msgs_s.ep.rosidl_typesupport_fastrtps_c.c
[2.404s] -- Installing: /home/earnest/camera_study/install/camera_app_msgs/local/lib/python3.10/dist-packages/camera_app_msgs/__init__.py
[2.404s] -- Installing: /home/earnest/camera_study/install/camera_app_msgs/local/lib/python3.10/dist-packages/camera_app_msgs/libcamera_app_msgs__rosidl_generator_py.so
[2.404s] -- Installing: /home/earnest/camera_study/install/camera_app_msgs/local/lib/python3.10/dist-packages/camera_app_msgs/_camera_app_msgs_s.ep.rosidl_typesupport_introspection_c.c
[2.404s] -- Installing: /home/earnest/camera_study/install/camera_app_msgs/local/lib/python3.10/dist-packages/camera_app_msgs/camera_app_msgs_s__rosidl_typesupport_c.cpython-310-x86_64-linux-gnu.so
[2.405s] -- Installing: /home/earnest/camera_study/install/camera_app_msgs/local/lib/python3.10/dist-packages/camera_app_msgs/camera_app_msgs_s__rosidl_typesupport_introspection_c.cpython-310-x86_64-linux-gnu.so
[2.405s] -- Installing: /home/earnest/camera_study/install/camera_app_msgs/local/lib/python3.10/dist-packages/camera_app_msgs/_camera_app_msgs_s.ep.rosidl_typesupport_c.c
[2.405s] -- Installing: /home/earnest/camera_study/install/camera_app_msgs/local/lib/python3.10/dist-packages/camera_app_msgs/camera_app_msgs_s__rosidl_typesupport_fastrtps_c.cpython-310-x86_64-linux-gnu.so
[2.405s] -- Up-to-date: /home/earnest/camera_study/install/camera_app_msgs/local/lib/python3.10/dist-packages/camera_app_msgs/srv
[2.405s] -- Up-to-date: /home/earnest/camera_study/install/camera_app_msgs/local/lib/python3.10/dist-packages/camera_app_msgs/srv/_capture1_s.c
[2.405s] -- Installing: /home/earnest/camera_study/install/camera_app_msgs/local/lib/python3.10/dist-packages/camera_app_msgs/srv/__init__.py
[2.405s] -- Installing: /home/earnest/camera_study/install/camera_app_msgs/local/lib/python3.10/dist-packages/camera_app_msgs/srv/_capture.py
[2.405s] -- Up-to-date: /home/earnest/camera_study/install/camera_app_msgs/local/lib/python3.10/dist-packages/camera_app_msgs/srv/_capture1.py
[2.405s] -- Installing: /home/earnest/camera_study/install/camera_app_msgs/local/lib/python3.10/dist-packages/camera_app_msgs/srv/_capture_s.c
[2.431s] Listing '/home/earnest/camera_study/install/camera_app_msgs/local/lib/python3.10/dist-packages/camera_app_msgs'...
[2.431s] Compiling '/home/earnest/camera_study/install/camera_app_msgs/local/lib/python3.10/dist-packages/camera_app_msgs/__init__.py'...
[2.431s] Listing '/home/earnest/camera_study/install/camera_app_msgs/local/lib/python3.10/dist-packages/camera_app_msgs/srv'...
[2.431s] Compiling '/home/earnest/camera_study/install/camera_app_msgs/local/lib/python3.10/dist-packages/camera_app_msgs/srv/__init__.py'...
[2.432s] Compiling '/home/earnest/camera_study/install/camera_app_msgs/local/lib/python3.10/dist-packages/camera_app_msgs/srv/_capture.py'...
[2.435s] -- Installing: /home/earnest/camera_study/install/camera_app_msgs/local/lib/python3.10/dist-packages/camera_app_msgs/camera_app_msgs_s__rosidl_typesupport_fastrtps_c.cpython-310-x86_64-linux-gnu.so
[2.435s] -- Set runtime path of "/home/earnest/camera_study/install/camera_app_msgs/local/lib/python3.10/dist-packages/camera_app_msgs/camera_app_msgs_s__rosidl_typesupport_fastrtps_c.cpython-310-x86_64-linux-gnu.so" to ""
[2.435s] -- Installing: /home/earnest/camera_study/install/camera_app_msgs/local/lib/python3.10/dist-packages/camera_app_msgs/camera_app_msgs_s__rosidl_typesupport_introspection_c.cpython-310-x86_64-linux-gnu.so
[2.435s] -- Set runtime path of "/home/earnest/camera_study/install/camera_app_msgs/local/lib/python3.10/dist-packages/camera_app_msgs/camera_app_msgs_s__rosidl_typesupport_introspection_c.cpython-310-x86_64-linux-gnu.so" to ""
[2.436s] -- Installing: /home/earnest/camera_study/install/camera_app_msgs/local/lib/python3.10/dist-packages/camera_app_msgs/camera_app_msgs_s__rosidl_typesupport_c.cpython-310-x86_64-linux-gnu.so
[2.436s] -- Set runtime path of "/home/earnest/camera_study/install/camera_app_msgs/local/lib/python3.10/dist-packages/camera_app_msgs/camera_app_msgs_s__rosidl_typesupport_c.cpython-310-x86_64-linux-gnu.so" to ""
[2.436s] -- Installing: /home/earnest/camera_study/install/camera_app_msgs/lib/libcamera_app_msgs__rosidl_generator_py.so
[2.436s] -- Set runtime path of "/home/earnest/camera_study/install/camera_app_msgs/lib/libcamera_app_msgs__rosidl_generator_py.so" to ""
[2.436s] -- Installing: /home/earnest/camera_study/install/camera_app_msgs/share/camera_app_msgs/srv/Capture.idl
[2.437s] -- Installing: /home/earnest/camera_study/install/camera_app_msgs/share/camera_app_msgs/srv/Capture.srv
[2.437s] -- Installing: /home/earnest/camera_study/install/camera_app_msgs/share/camera_app_msgs/srv/Capture_Request.msg
[2.437s] -- Up-to-date: /home/earnest/camera_study/install/camera_app_msgs/share/camera_app_msgs/srv/Capture_Response.msg
[2.437s] -- Up-to-date: /home/earnest/camera_study/install/camera_app_msgs/share/ament_index/resource_index/package_run_dependencies/camera_app_msgs
[2.437s] -- Up-to-date: /home/earnest/camera_study/install/camera_app_msgs/share/ament_index/resource_index/parent_prefix_path/camera_app_msgs
[2.437s] -- Up-to-date: /home/earnest/camera_study/install/camera_app_msgs/share/camera_app_msgs/environment/ament_prefix_path.sh
[2.437s] -- Installing: /home/earnest/camera_study/install/camera_app_msgs/share/camera_app_msgs/environment/ament_prefix_path.dsv
[2.437s] -- Up-to-date: /home/earnest/camera_study/install/camera_app_msgs/share/camera_app_msgs/environment/path.sh
[2.437s] -- Installing: /home/earnest/camera_study/install/camera_app_msgs/share/camera_app_msgs/environment/path.dsv
[2.438s] -- Up-to-date: /home/earnest/camera_study/install/camera_app_msgs/share/camera_app_msgs/local_setup.bash
[2.438s] -- Up-to-date: /home/earnest/camera_study/install/camera_app_msgs/share/camera_app_msgs/local_setup.sh
[2.438s] -- Up-to-date: /home/earnest/camera_study/install/camera_app_msgs/share/camera_app_msgs/local_setup.zsh
[2.438s] -- Installing: /home/earnest/camera_study/install/camera_app_msgs/share/camera_app_msgs/local_setup.dsv
[2.438s] -- Installing: /home/earnest/camera_study/install/camera_app_msgs/share/camera_app_msgs/package.dsv
[2.438s] -- Up-to-date: /home/earnest/camera_study/install/camera_app_msgs/share/ament_index/resource_index/packages/camera_app_msgs
[2.438s] -- Up-to-date: /home/earnest/camera_study/install/camera_app_msgs/share/camera_app_msgs/cmake/export_camera_app_msgs__rosidl_generator_cExport.cmake
[2.438s] -- Up-to-date: /home/earnest/camera_study/install/camera_app_msgs/share/camera_app_msgs/cmake/export_camera_app_msgs__rosidl_generator_cExport-noconfig.cmake
[2.438s] -- Up-to-date: /home/earnest/camera_study/install/camera_app_msgs/share/camera_app_msgs/cmake/export_camera_app_msgs__rosidl_typesupport_fastrtps_cExport.cmake
[2.439s] -- Up-to-date: /home/earnest/camera_study/install/camera_app_msgs/share/camera_app_msgs/cmake/export_camera_app_msgs__rosidl_typesupport_fastrtps_cExport-noconfig.cmake
[2.439s] -- Up-to-date: /home/earnest/camera_study/install/camera_app_msgs/share/camera_app_msgs/cmake/camera_app_msgs__rosidl_typesupport_introspection_cExport.cmake
[2.439s] -- Up-to-date: /home/earnest/camera_study/install/camera_app_msgs/share/camera_app_msgs/cmake/camera_app_msgs__rosidl_typesupport_introspection_cExport-noconfig.cmake
[2.439s] -- Up-to-date: /home/earnest/camera_study/install/camera_app_msgs/share/camera_app_msgs/cmake/camera_app_msgs__rosidl_typesupport_cExport.cmake
[2.439s] -- Up-to-date: /home/earnest/camera_study/install/camera_app_msgs/share/camera_app_msgs/cmake/camera_app_msgs__rosidl_typesupport_cExport-noconfig.cmake
[2.439s] -- Up-to-date: /home/earnest/camera_study/install/camera_app_msgs/share/camera_app_msgs/cmake/export_camera_app_msgs__rosidl_generator_cppExport.cmake
[2.439s] -- Up-to-date: /home/earnest/camera_study/install/camera_app_msgs/share/camera_app_msgs/cmake/export_camera_app_msgs__rosidl_typesupport_fastrtps_cppExport.cmake
[2.439s] -- Up-to-date: /home/earnest/camera_study/install/camera_app_msgs/share/camera_app_msgs/cmake/export_camera_app_msgs__rosidl_typesupport_fastrtps_cppExport-noconfig.cmake
[2.439s] -- Up-to-date: /home/earnest/camera_study/install/camera_app_msgs/share/camera_app_msgs/cmake/camera_app_msgs__rosidl_typesupport_introspection_cppExport.cmake
[2.440s] -- Up-to-date: /home/earnest/camera_study/install/camera_app_msgs/share/camera_app_msgs/cmake/camera_app_msgs__rosidl_typesupport_introspection_cppExport-noconfig.cmake
[2.440s] -- Up-to-date: /home/earnest/camera_study/install/camera_app_msgs/share/camera_app_msgs/cmake/camera_app_msgs__rosidl_typesupport_cppExport.cmake
[2.440s] -- Up-to-date: /home/earnest/camera_study/install/camera_app_msgs/share/camera_app_msgs/cmake/camera_app_msgs__rosidl_typesupport_cppExport-noconfig.cmake
[2.440s] -- Up-to-date: /home/earnest/camera_study/install/camera_app_msgs/share/camera_app_msgs/cmake/export_camera_app_msgs__rosidl_generator_pyExport.cmake
[2.440s] -- Up-to-date: /home/earnest/camera_study/install/camera_app_msgs/share/camera_app_msgs/cmake/export_camera_app_msgs__rosidl_generator_pyExport-noconfig.cmake
[2.440s] -- Up-to-date: /home/earnest/camera_study/install/camera_app_msgs/share/camera_app_msgs/cmake/rosidl_cmake-extras.cmake
[2.440s] -- Up-to-date: /home/earnest/camera_study/install/camera_app_msgs/share/camera_app_msgs/cmake/ament_cmake_export_include_directories-extras.cmake
[2.440s] -- Up-to-date: /home/earnest/camera_study/install/camera_app_msgs/share/camera_app_msgs/cmake/ament_cmake_export_libraries-extras.cmake
[2.440s] -- Up-to-date: /home/earnest/camera_study/install/camera_app_msgs/share/camera_app_msgs/cmake/ament_cmake_export_targets-extras.cmake
[2.440s] -- Up-to-date: /home/earnest/camera_study/install/camera_app_msgs/share/camera_app_msgs/cmake/rosidl_cmake_export_typesupport_targets-extras.cmake
[2.440s] -- Up-to-date: /home/earnest/camera_study/install/camera_app_msgs/share/camera_app_msgs/cmake/ament_cmake_export_dependencies-extras.cmake
[2.440s] -- Up-to-date: /home/earnest/camera_study/install/camera_app_msgs/share/camera_app_msgs/cmake/rosidl_cmake_export_typesupport_libraries-extras.cmake
[2.440s] -- Up-to-date: /home/earnest/camera_study/install/camera_app_msgs/share/camera_app_msgs/cmake/camera_app_msgsConfig.cmake
[2.441s] -- Up-to-date: /home/earnest/camera_study/install/camera_app_msgs/share/camera_app_msgs/cmake/camera_app_msgsConfig-version.cmake
[2.441s] -- Up-to-date: /home/earnest/camera_study/install/camera_app_msgs/share/camera_app_msgs/package.xml
[2.442s] Invoked command in '/home/earnest/camera_study/build/camera_app_msgs' returned '0': CMAKE_PREFIX_PATH=${CMAKE_PREFIX_PATH}:/home/earnest/camera_study/install/camera_app:/opt/ros/humble /usr/bin/cmake --install /home/earnest/camera_study/build/camera_app_msgs
