[0.223s] Invoking command in '/home/earnest/camera_study/build/camera_app_msgs': CMAKE_PREFIX_PATH=/home/earnest/camera_study/install/camera_app:/opt/ros/humble /usr/bin/cmake /home/earnest/camera_study/src/camera_app_msgs -DCMAKE_INSTALL_PREFIX=/home/earnest/camera_study/install/camera_app_msgs
[0.305s] -- The C compiler identification is GNU 11.4.0
[0.352s] -- The CXX compiler identification is GNU 11.4.0
[0.359s] -- Detecting C compiler ABI info
[0.420s] -- Detecting C compiler ABI info - done
[0.427s] -- Check for working C compiler: /usr/bin/cc - skipped
[0.427s] -- Detecting C compile features
[0.428s] -- Detecting C compile features - done
[0.431s] -- Detecting CXX compiler ABI info
[0.492s] -- Detecting CXX compiler ABI info - done
[0.499s] -- Check for working CXX compiler: /usr/bin/c++ - skipped
[0.499s] -- Detecting CXX compile features
[0.499s] -- Detecting CXX compile features - done
[0.512s] -- Found ament_cmake: 1.3.8 (/opt/ros/humble/share/ament_cmake/cmake)
[0.645s] -- Found Python3: /usr/bin/python3 (found version "3.10.12") found components: Interpreter 
[0.733s] -- Found ament_lint_auto: 0.12.10 (/opt/ros/humble/share/ament_lint_auto/cmake)
[0.807s] -- Added test 'lint_cmake' to check CMake code style
[0.809s] -- Added test 'xmllint' to check XML markup files
[0.810s] -- Configuring done
[0.812s] -- Generating done
[0.812s] -- Build files have been written to: /home/earnest/camera_study/build/camera_app_msgs
[0.816s] Invoked command in '/home/earnest/camera_study/build/camera_app_msgs' returned '0': CMAKE_PREFIX_PATH=/home/earnest/camera_study/install/camera_app:/opt/ros/humble /usr/bin/cmake /home/earnest/camera_study/src/camera_app_msgs -DCMAKE_INSTALL_PREFIX=/home/earnest/camera_study/install/camera_app_msgs
[0.818s] Invoking command in '/home/earnest/camera_study/build/camera_app_msgs': CMAKE_PREFIX_PATH=/home/earnest/camera_study/install/camera_app:/opt/ros/humble /usr/bin/cmake --build /home/earnest/camera_study/build/camera_app_msgs -- -j12 -l12
[0.850s] Invoked command in '/home/earnest/camera_study/build/camera_app_msgs' returned '0': CMAKE_PREFIX_PATH=/home/earnest/camera_study/install/camera_app:/opt/ros/humble /usr/bin/cmake --build /home/earnest/camera_study/build/camera_app_msgs -- -j12 -l12
[0.875s] Invoking command in '/home/earnest/camera_study/build/camera_app_msgs': CMAKE_PREFIX_PATH=/home/earnest/camera_study/install/camera_app:/opt/ros/humble /usr/bin/cmake --install /home/earnest/camera_study/build/camera_app_msgs
[0.882s] -- Install configuration: ""
[0.882s] -- Installing: /home/earnest/camera_study/install/camera_app_msgs/share/ament_index/resource_index/package_run_dependencies/camera_app_msgs
[0.883s] -- Installing: /home/earnest/camera_study/install/camera_app_msgs/share/ament_index/resource_index/parent_prefix_path/camera_app_msgs
[0.883s] -- Installing: /home/earnest/camera_study/install/camera_app_msgs/share/camera_app_msgs/environment/ament_prefix_path.sh
[0.883s] -- Installing: /home/earnest/camera_study/install/camera_app_msgs/share/camera_app_msgs/environment/ament_prefix_path.dsv
[0.883s] -- Installing: /home/earnest/camera_study/install/camera_app_msgs/share/camera_app_msgs/environment/path.sh
[0.883s] -- Installing: /home/earnest/camera_study/install/camera_app_msgs/share/camera_app_msgs/environment/path.dsv
[0.883s] -- Installing: /home/earnest/camera_study/install/camera_app_msgs/share/camera_app_msgs/local_setup.bash
[0.883s] -- Installing: /home/earnest/camera_study/install/camera_app_msgs/share/camera_app_msgs/local_setup.sh
[0.883s] -- Installing: /home/earnest/camera_study/install/camera_app_msgs/share/camera_app_msgs/local_setup.zsh
[0.883s] -- Installing: /home/earnest/camera_study/install/camera_app_msgs/share/camera_app_msgs/local_setup.dsv
[0.883s] -- Installing: /home/earnest/camera_study/install/camera_app_msgs/share/camera_app_msgs/package.dsv
[0.883s] -- Installing: /home/earnest/camera_study/install/camera_app_msgs/share/ament_index/resource_index/packages/camera_app_msgs
[0.883s] -- Installing: /home/earnest/camera_study/install/camera_app_msgs/share/camera_app_msgs/cmake/camera_app_msgsConfig.cmake
[0.883s] -- Installing: /home/earnest/camera_study/install/camera_app_msgs/share/camera_app_msgs/cmake/camera_app_msgsConfig-version.cmake
[0.884s] -- Installing: /home/earnest/camera_study/install/camera_app_msgs/share/camera_app_msgs/package.xml
[0.885s] Invoked command in '/home/earnest/camera_study/build/camera_app_msgs' returned '0': CMAKE_PREFIX_PATH=/home/earnest/camera_study/install/camera_app:/opt/ros/humble /usr/bin/cmake --install /home/earnest/camera_study/build/camera_app_msgs
