[0.482s] Invoking command in '/home/earnest/camera_study/src/camera_app': PYTHONPATH=/home/earnest/camera_study/build/camera_app/prefix_override:/home/earnest/camera_study/install/camera_app/lib/python3.10/site-packages:${PYTHONPATH} /usr/bin/python3 -W ignore:setup.py install is deprecated setup.py egg_info --egg-base ../../build/camera_app build --build-base /home/earnest/camera_study/build/camera_app/build install --record /home/earnest/camera_study/build/camera_app/install.log --single-version-externally-managed install_data
[0.678s] running egg_info
[0.679s] writing ../../build/camera_app/camera_app.egg-info/PKG-INFO
[0.679s] writing dependency_links to ../../build/camera_app/camera_app.egg-info/dependency_links.txt
[0.679s] writing entry points to ../../build/camera_app/camera_app.egg-info/entry_points.txt
[0.679s] writing requirements to ../../build/camera_app/camera_app.egg-info/requires.txt
[0.679s] writing top-level names to ../../build/camera_app/camera_app.egg-info/top_level.txt
[0.680s] reading manifest file '../../build/camera_app/camera_app.egg-info/SOURCES.txt'
[0.681s] writing manifest file '../../build/camera_app/camera_app.egg-info/SOURCES.txt'
[0.681s] running build
[0.681s] running build_py
[0.681s] copying camera_app/capture_and_record.py -> /home/earnest/camera_study/build/camera_app/build/lib/camera_app
[0.682s] running install
[0.682s] running install_lib
[0.682s] copying /home/earnest/camera_study/build/camera_app/build/lib/camera_app/capture_and_record.py -> /home/earnest/camera_study/install/camera_app/lib/python3.10/site-packages/camera_app
[0.683s] byte-compiling /home/earnest/camera_study/install/camera_app/lib/python3.10/site-packages/camera_app/capture_and_record.py to capture_and_record.cpython-310.pyc
[0.684s] running install_data
[0.684s] running install_egg_info
[0.685s] removing '/home/earnest/camera_study/install/camera_app/lib/python3.10/site-packages/camera_app-0.0.0-py3.10.egg-info' (and everything under it)
[0.685s] Copying ../../build/camera_app/camera_app.egg-info to /home/earnest/camera_study/install/camera_app/lib/python3.10/site-packages/camera_app-0.0.0-py3.10.egg-info
[0.686s] running install_scripts
[0.701s] Installing canny script to /home/earnest/camera_study/install/camera_app/lib/camera_app
[0.701s] Installing capture_and_record script to /home/earnest/camera_study/install/camera_app/lib/camera_app
[0.701s] Installing emoji_overlay script to /home/earnest/camera_study/install/camera_app/lib/camera_app
[0.702s] Installing img_publisher script to /home/earnest/camera_study/install/camera_app/lib/camera_app
[0.702s] writing list of installed files to '/home/earnest/camera_study/build/camera_app/install.log'
[0.719s] Invoked command in '/home/earnest/camera_study/src/camera_app' returned '0': PYTHONPATH=/home/earnest/camera_study/build/camera_app/prefix_override:/home/earnest/camera_study/install/camera_app/lib/python3.10/site-packages:${PYTHONPATH} /usr/bin/python3 -W ignore:setup.py install is deprecated setup.py egg_info --egg-base ../../build/camera_app build --build-base /home/earnest/camera_study/build/camera_app/build install --record /home/earnest/camera_study/build/camera_app/install.log --single-version-externally-managed install_data
