[0.226s] Invoking command in '/home/earnest/camera_study/build/camera_app_msgs': CMAKE_PREFIX_PATH=${CMAKE_PREFIX_PATH}:/home/earnest/camera_study/install/camera_app:/opt/ros/humble /usr/bin/cmake --build /home/earnest/camera_study/build/camera_app_msgs -- -j12 -l12
[0.248s] -- Found ament_cmake: 1.3.8 (/opt/ros/humble/share/ament_cmake/cmake)
[0.351s] -- Found rosidl_default_generators: 1.2.0 (/opt/ros/humble/share/rosidl_default_generators/cmake)
[0.353s] -- Using all available rosidl_typesupport_c: rosidl_typesupport_fastrtps_c;rosidl_typesupport_introspection_c
[0.355s] -- Found rosidl_adapter: 3.1.5 (/opt/ros/humble/share/rosidl_adapter/cmake)
[0.379s] -- Using all available rosidl_typesupport_cpp: rosidl_typesupport_fastrtps_cpp;rosidl_typesupport_introspection_cpp
[0.612s] -- Found ament_cmake_ros: 0.10.0 (/opt/ros/humble/share/ament_cmake_ros/cmake)
[0.763s] -- Using all available rosidl_typesupport_c: rosidl_typesupport_fastrtps_c;rosidl_typesupport_introspection_c
[0.958s] -- Using all available rosidl_typesupport_cpp: rosidl_typesupport_fastrtps_cpp;rosidl_typesupport_introspection_cpp
[0.977s] -- Found PythonInterp: /usr/bin/python3 (found suitable version "3.10.12", minimum required is "3.6") 
[0.978s] -- Found python_cmake_module: 0.10.0 (/opt/ros/humble/share/python_cmake_module/cmake)
[1.000s] -- Found PythonLibs: /usr/lib/x86_64-linux-gnu/libpython3.10.so (found suitable version "3.10.12", minimum required is "3.5") 
[1.000s] -- Using PYTHON_EXECUTABLE: /usr/bin/python3
[1.000s] -- Using PYTHON_INCLUDE_DIRS: /usr/include/python3.10
[1.000s] -- Using PYTHON_LIBRARIES: /usr/lib/x86_64-linux-gnu/libpython3.10.so
[1.018s] -- Found PythonExtra: .so  
[1.044s] -- Found ament_lint_auto: 0.12.10 (/opt/ros/humble/share/ament_lint_auto/cmake)
[1.054s] -- Added test 'lint_cmake' to check CMake code style
[1.055s] -- Added test 'xmllint' to check XML markup files
[1.057s] -- Configuring done
[1.076s] -- Generating done
[1.079s] -- Build files have been written to: /home/earnest/camera_study/build/camera_app_msgs
[1.099s] [  3%] [34m[1mGenerating C code for ROS interfaces[0m
[1.107s] [  6%] [34m[1mGenerating C++ code for ROS interfaces[0m
[1.115s] [  6%] Built target ament_cmake_python_copy_camera_app_msgs
[1.333s] running egg_info
[1.333s] creating camera_app_msgs.egg-info
[1.334s] writing camera_app_msgs.egg-info/PKG-INFO
[1.334s] writing dependency_links to camera_app_msgs.egg-info/dependency_links.txt
[1.334s] writing top-level names to camera_app_msgs.egg-info/top_level.txt
[1.334s] writing manifest file 'camera_app_msgs.egg-info/SOURCES.txt'
[1.336s] reading manifest file 'camera_app_msgs.egg-info/SOURCES.txt'
[1.337s] writing manifest file 'camera_app_msgs.egg-info/SOURCES.txt'
[1.342s] [  9%] [32mBuilding C object CMakeFiles/camera_app_msgs__rosidl_generator_c.dir/rosidl_generator_c/camera_app_msgs/srv/detail/capture1__functions.c.o[0m
[1.346s] [  9%] Built target camera_app_msgs__cpp
[1.356s] [ 19%] [34m[1mGenerating C++ introspection for ROS interfaces[0m
[1.356s] [ 19%] [34m[1mGenerating C++ type support for eProsima Fast-RTPS[0m
[1.356s] [ 19%] [34m[1mGenerating C++ type support dispatch for ROS interfaces[0m
[1.368s] [ 19%] Built target ament_cmake_python_build_camera_app_msgs_egg
[1.397s] [ 22%] [32m[1mLinking C shared library libcamera_app_msgs__rosidl_generator_c.so[0m
[1.435s] [ 22%] Built target camera_app_msgs__rosidl_generator_c
[1.444s] [ 32%] [34m[1mGenerating C type support for eProsima Fast-RTPS[0m
[1.444s] [ 32%] [34m[1mGenerating C introspection for ROS interfaces[0m
[1.444s] [ 32%] [34m[1mGenerating C type support dispatch for ROS interfaces[0m
[1.585s] [ 35%] [32mBuilding CXX object CMakeFiles/camera_app_msgs__rosidl_typesupport_cpp.dir/rosidl_typesupport_cpp/camera_app_msgs/srv/capture1__type_support.cpp.o[0m
[1.615s] [ 38%] [32mBuilding CXX object CMakeFiles/camera_app_msgs__rosidl_typesupport_introspection_cpp.dir/rosidl_typesupport_introspection_cpp/camera_app_msgs/srv/detail/capture1__type_support.cpp.o[0m
[1.625s] [ 41%] [32mBuilding CXX object CMakeFiles/camera_app_msgs__rosidl_typesupport_fastrtps_cpp.dir/rosidl_typesupport_fastrtps_cpp/camera_app_msgs/srv/detail/dds_fastrtps/capture1__type_support.cpp.o[0m
[1.683s] [ 45%] [32mBuilding CXX object CMakeFiles/camera_app_msgs__rosidl_typesupport_c.dir/rosidl_typesupport_c/camera_app_msgs/srv/capture1__type_support.cpp.o[0m
[1.714s] [ 48%] [32m[1mLinking CXX shared library libcamera_app_msgs__rosidl_typesupport_c.so[0m
[1.716s] [ 54%] [32mBuilding CXX object CMakeFiles/camera_app_msgs__rosidl_typesupport_fastrtps_c.dir/rosidl_typesupport_fastrtps_c/camera_app_msgs/srv/detail/capture1__type_support_c.cpp.o[0m
[1.717s] [ 54%] [32mBuilding C object CMakeFiles/camera_app_msgs__rosidl_typesupport_introspection_c.dir/rosidl_typesupport_introspection_c/camera_app_msgs/srv/detail/capture1__type_support.c.o[0m
[1.761s] [ 58%] [32m[1mLinking C shared library libcamera_app_msgs__rosidl_typesupport_introspection_c.so[0m
[1.766s] [ 58%] Built target camera_app_msgs__rosidl_typesupport_c
[1.792s] [ 58%] Built target camera_app_msgs__rosidl_typesupport_introspection_c
[1.875s] [ 61%] [32m[1mLinking CXX shared library libcamera_app_msgs__rosidl_typesupport_cpp.so[0m
[1.914s] [ 61%] Built target camera_app_msgs__rosidl_typesupport_cpp
[1.971s] [ 64%] [32m[1mLinking CXX shared library libcamera_app_msgs__rosidl_typesupport_introspection_cpp.so[0m
[2.006s] [ 64%] Built target camera_app_msgs__rosidl_typesupport_introspection_cpp
[2.023s] [ 67%] [32m[1mLinking CXX shared library libcamera_app_msgs__rosidl_typesupport_fastrtps_c.so[0m
[2.033s] [ 70%] [32m[1mLinking CXX shared library libcamera_app_msgs__rosidl_typesupport_fastrtps_cpp.so[0m
[2.107s] [ 70%] Built target camera_app_msgs__rosidl_typesupport_fastrtps_c
[2.115s] [ 70%] Built target camera_app_msgs__rosidl_typesupport_fastrtps_cpp
[2.132s] [ 70%] Built target camera_app_msgs
[2.148s] [ 74%] [34m[1mGenerating Python code for ROS interfaces[0m
[2.451s] [ 74%] Built target camera_app_msgs__py
[2.466s] [ 77%] [32mBuilding C object CMakeFiles/camera_app_msgs__rosidl_generator_py.dir/rosidl_generator_py/camera_app_msgs/srv/_capture1_s.c.o[0m
[2.548s] [ 80%] [32m[1mLinking C shared library rosidl_generator_py/camera_app_msgs/libcamera_app_msgs__rosidl_generator_py.so[0m
[2.581s] [ 80%] Built target camera_app_msgs__rosidl_generator_py
[2.599s] [ 90%] [32mBuilding C object CMakeFiles/camera_app_msgs__rosidl_typesupport_fastrtps_c__pyext.dir/rosidl_generator_py/camera_app_msgs/_camera_app_msgs_s.ep.rosidl_typesupport_fastrtps_c.c.o[0m
[2.599s] [ 90%] [32mBuilding C object CMakeFiles/camera_app_msgs__rosidl_typesupport_c__pyext.dir/rosidl_generator_py/camera_app_msgs/_camera_app_msgs_s.ep.rosidl_typesupport_c.c.o[0m
[2.599s] [ 90%] [32mBuilding C object CMakeFiles/camera_app_msgs__rosidl_typesupport_introspection_c__pyext.dir/rosidl_generator_py/camera_app_msgs/_camera_app_msgs_s.ep.rosidl_typesupport_introspection_c.c.o[0m
[2.679s] [100%] [32m[1mLinking C shared library rosidl_generator_py/camera_app_msgs/camera_app_msgs_s__rosidl_typesupport_introspection_c.cpython-310-x86_64-linux-gnu.so[0m
[2.679s] [100%] [32m[1mLinking C shared library rosidl_generator_py/camera_app_msgs/camera_app_msgs_s__rosidl_typesupport_c.cpython-310-x86_64-linux-gnu.so[0m
[2.679s] [100%] [32m[1mLinking C shared library rosidl_generator_py/camera_app_msgs/camera_app_msgs_s__rosidl_typesupport_fastrtps_c.cpython-310-x86_64-linux-gnu.so[0m
[2.706s] [100%] Built target camera_app_msgs__rosidl_typesupport_fastrtps_c__pyext
[2.706s] [100%] Built target camera_app_msgs__rosidl_typesupport_introspection_c__pyext
[2.706s] [100%] Built target camera_app_msgs__rosidl_typesupport_c__pyext
[2.715s] Invoked command in '/home/earnest/camera_study/build/camera_app_msgs' returned '0': CMAKE_PREFIX_PATH=${CMAKE_PREFIX_PATH}:/home/earnest/camera_study/install/camera_app:/opt/ros/humble /usr/bin/cmake --build /home/earnest/camera_study/build/camera_app_msgs -- -j12 -l12
[2.766s] Invoking command in '/home/earnest/camera_study/build/camera_app_msgs': CMAKE_PREFIX_PATH=${CMAKE_PREFIX_PATH}:/home/earnest/camera_study/install/camera_app:/opt/ros/humble /usr/bin/cmake --install /home/earnest/camera_study/build/camera_app_msgs
[2.772s] -- Install configuration: ""
[2.772s] -- Installing: /home/earnest/camera_study/install/camera_app_msgs/share/ament_index/resource_index/rosidl_interfaces/camera_app_msgs
[2.772s] -- Installing: /home/earnest/camera_study/install/camera_app_msgs/include/camera_app_msgs/camera_app_msgs
[2.772s] -- Installing: /home/earnest/camera_study/install/camera_app_msgs/include/camera_app_msgs/camera_app_msgs/msg
[2.772s] -- Installing: /home/earnest/camera_study/install/camera_app_msgs/include/camera_app_msgs/camera_app_msgs/msg/rosidl_generator_c__visibility_control.h
[2.772s] -- Installing: /home/earnest/camera_study/install/camera_app_msgs/include/camera_app_msgs/camera_app_msgs/srv
[2.772s] -- Installing: /home/earnest/camera_study/install/camera_app_msgs/include/camera_app_msgs/camera_app_msgs/srv/detail
[2.772s] -- Installing: /home/earnest/camera_study/install/camera_app_msgs/include/camera_app_msgs/camera_app_msgs/srv/detail/capture1__struct.h
[2.772s] -- Installing: /home/earnest/camera_study/install/camera_app_msgs/include/camera_app_msgs/camera_app_msgs/srv/detail/capture1__functions.h
[2.772s] -- Installing: /home/earnest/camera_study/install/camera_app_msgs/include/camera_app_msgs/camera_app_msgs/srv/detail/capture1__functions.c
[2.772s] -- Installing: /home/earnest/camera_study/install/camera_app_msgs/include/camera_app_msgs/camera_app_msgs/srv/detail/capture1__type_support.h
[2.773s] -- Installing: /home/earnest/camera_study/install/camera_app_msgs/include/camera_app_msgs/camera_app_msgs/srv/capture1.h
[2.773s] -- Installing: /home/earnest/camera_study/install/camera_app_msgs/share/camera_app_msgs/environment/library_path.sh
[2.773s] -- Installing: /home/earnest/camera_study/install/camera_app_msgs/share/camera_app_msgs/environment/library_path.dsv
[2.773s] -- Installing: /home/earnest/camera_study/install/camera_app_msgs/lib/libcamera_app_msgs__rosidl_generator_c.so
[2.773s] -- Set runtime path of "/home/earnest/camera_study/install/camera_app_msgs/lib/libcamera_app_msgs__rosidl_generator_c.so" to ""
[2.773s] -- Up-to-date: /home/earnest/camera_study/install/camera_app_msgs/include/camera_app_msgs/camera_app_msgs
[2.773s] -- Up-to-date: /home/earnest/camera_study/install/camera_app_msgs/include/camera_app_msgs/camera_app_msgs/msg
[2.773s] -- Installing: /home/earnest/camera_study/install/camera_app_msgs/include/camera_app_msgs/camera_app_msgs/msg/rosidl_typesupport_fastrtps_c__visibility_control.h
[2.773s] -- Up-to-date: /home/earnest/camera_study/install/camera_app_msgs/include/camera_app_msgs/camera_app_msgs/srv
[2.773s] -- Up-to-date: /home/earnest/camera_study/install/camera_app_msgs/include/camera_app_msgs/camera_app_msgs/srv/detail
[2.773s] -- Installing: /home/earnest/camera_study/install/camera_app_msgs/include/camera_app_msgs/camera_app_msgs/srv/detail/capture1__rosidl_typesupport_fastrtps_c.h
[2.774s] -- Installing: /home/earnest/camera_study/install/camera_app_msgs/lib/libcamera_app_msgs__rosidl_typesupport_fastrtps_c.so
[2.774s] -- Set runtime path of "/home/earnest/camera_study/install/camera_app_msgs/lib/libcamera_app_msgs__rosidl_typesupport_fastrtps_c.so" to ""
[2.774s] -- Up-to-date: /home/earnest/camera_study/install/camera_app_msgs/include/camera_app_msgs/camera_app_msgs
[2.774s] -- Up-to-date: /home/earnest/camera_study/install/camera_app_msgs/include/camera_app_msgs/camera_app_msgs/msg
[2.774s] -- Installing: /home/earnest/camera_study/install/camera_app_msgs/include/camera_app_msgs/camera_app_msgs/msg/rosidl_typesupport_introspection_c__visibility_control.h
[2.774s] -- Up-to-date: /home/earnest/camera_study/install/camera_app_msgs/include/camera_app_msgs/camera_app_msgs/srv
[2.774s] -- Up-to-date: /home/earnest/camera_study/install/camera_app_msgs/include/camera_app_msgs/camera_app_msgs/srv/detail
[2.774s] -- Installing: /home/earnest/camera_study/install/camera_app_msgs/include/camera_app_msgs/camera_app_msgs/srv/detail/capture1__rosidl_typesupport_introspection_c.h
[2.774s] -- Installing: /home/earnest/camera_study/install/camera_app_msgs/include/camera_app_msgs/camera_app_msgs/srv/detail/capture1__type_support.c
[2.774s] -- Installing: /home/earnest/camera_study/install/camera_app_msgs/lib/libcamera_app_msgs__rosidl_typesupport_introspection_c.so
[2.774s] -- Set runtime path of "/home/earnest/camera_study/install/camera_app_msgs/lib/libcamera_app_msgs__rosidl_typesupport_introspection_c.so" to ""
[2.774s] -- Installing: /home/earnest/camera_study/install/camera_app_msgs/lib/libcamera_app_msgs__rosidl_typesupport_c.so
[2.774s] -- Set runtime path of "/home/earnest/camera_study/install/camera_app_msgs/lib/libcamera_app_msgs__rosidl_typesupport_c.so" to ""
[2.775s] -- Up-to-date: /home/earnest/camera_study/install/camera_app_msgs/include/camera_app_msgs/camera_app_msgs
[2.775s] -- Up-to-date: /home/earnest/camera_study/install/camera_app_msgs/include/camera_app_msgs/camera_app_msgs/srv
[2.775s] -- Up-to-date: /home/earnest/camera_study/install/camera_app_msgs/include/camera_app_msgs/camera_app_msgs/srv/detail
[2.775s] -- Installing: /home/earnest/camera_study/install/camera_app_msgs/include/camera_app_msgs/camera_app_msgs/srv/detail/capture1__builder.hpp
[2.775s] -- Installing: /home/earnest/camera_study/install/camera_app_msgs/include/camera_app_msgs/camera_app_msgs/srv/detail/capture1__struct.hpp
[2.775s] -- Installing: /home/earnest/camera_study/install/camera_app_msgs/include/camera_app_msgs/camera_app_msgs/srv/detail/capture1__traits.hpp
[2.775s] -- Installing: /home/earnest/camera_study/install/camera_app_msgs/include/camera_app_msgs/camera_app_msgs/srv/capture1.hpp
[2.775s] -- Up-to-date: /home/earnest/camera_study/install/camera_app_msgs/include/camera_app_msgs/camera_app_msgs
[2.775s] -- Up-to-date: /home/earnest/camera_study/install/camera_app_msgs/include/camera_app_msgs/camera_app_msgs/msg
[2.775s] -- Installing: /home/earnest/camera_study/install/camera_app_msgs/include/camera_app_msgs/camera_app_msgs/msg/rosidl_typesupport_fastrtps_cpp__visibility_control.h
[2.775s] -- Up-to-date: /home/earnest/camera_study/install/camera_app_msgs/include/camera_app_msgs/camera_app_msgs/srv
[2.775s] -- Up-to-date: /home/earnest/camera_study/install/camera_app_msgs/include/camera_app_msgs/camera_app_msgs/srv/detail
[2.775s] -- Installing: /home/earnest/camera_study/install/camera_app_msgs/include/camera_app_msgs/camera_app_msgs/srv/detail/dds_fastrtps
[2.775s] -- Installing: /home/earnest/camera_study/install/camera_app_msgs/include/camera_app_msgs/camera_app_msgs/srv/detail/capture1__rosidl_typesupport_fastrtps_cpp.hpp
[2.775s] -- Installing: /home/earnest/camera_study/install/camera_app_msgs/lib/libcamera_app_msgs__rosidl_typesupport_fastrtps_cpp.so
[2.775s] -- Set runtime path of "/home/earnest/camera_study/install/camera_app_msgs/lib/libcamera_app_msgs__rosidl_typesupport_fastrtps_cpp.so" to ""
[2.776s] -- Up-to-date: /home/earnest/camera_study/install/camera_app_msgs/include/camera_app_msgs/camera_app_msgs
[2.776s] -- Up-to-date: /home/earnest/camera_study/install/camera_app_msgs/include/camera_app_msgs/camera_app_msgs/srv
[2.776s] -- Up-to-date: /home/earnest/camera_study/install/camera_app_msgs/include/camera_app_msgs/camera_app_msgs/srv/detail
[2.776s] -- Installing: /home/earnest/camera_study/install/camera_app_msgs/include/camera_app_msgs/camera_app_msgs/srv/detail/capture1__type_support.cpp
[2.776s] -- Installing: /home/earnest/camera_study/install/camera_app_msgs/include/camera_app_msgs/camera_app_msgs/srv/detail/capture1__rosidl_typesupport_introspection_cpp.hpp
[2.776s] -- Installing: /home/earnest/camera_study/install/camera_app_msgs/lib/libcamera_app_msgs__rosidl_typesupport_introspection_cpp.so
[2.776s] -- Set runtime path of "/home/earnest/camera_study/install/camera_app_msgs/lib/libcamera_app_msgs__rosidl_typesupport_introspection_cpp.so" to ""
[2.776s] -- Installing: /home/earnest/camera_study/install/camera_app_msgs/lib/libcamera_app_msgs__rosidl_typesupport_cpp.so
[2.776s] -- Set runtime path of "/home/earnest/camera_study/install/camera_app_msgs/lib/libcamera_app_msgs__rosidl_typesupport_cpp.so" to ""
[2.776s] -- Installing: /home/earnest/camera_study/install/camera_app_msgs/share/camera_app_msgs/environment/pythonpath.sh
[2.776s] -- Installing: /home/earnest/camera_study/install/camera_app_msgs/share/camera_app_msgs/environment/pythonpath.dsv
[2.776s] -- Installing: /home/earnest/camera_study/install/camera_app_msgs/local/lib/python3.10/dist-packages/camera_app_msgs-0.0.0-py3.10.egg-info
[2.776s] -- Installing: /home/earnest/camera_study/install/camera_app_msgs/local/lib/python3.10/dist-packages/camera_app_msgs-0.0.0-py3.10.egg-info/SOURCES.txt
[2.776s] -- Installing: /home/earnest/camera_study/install/camera_app_msgs/local/lib/python3.10/dist-packages/camera_app_msgs-0.0.0-py3.10.egg-info/dependency_links.txt
[2.776s] -- Installing: /home/earnest/camera_study/install/camera_app_msgs/local/lib/python3.10/dist-packages/camera_app_msgs-0.0.0-py3.10.egg-info/top_level.txt
[2.777s] -- Installing: /home/earnest/camera_study/install/camera_app_msgs/local/lib/python3.10/dist-packages/camera_app_msgs-0.0.0-py3.10.egg-info/PKG-INFO
[2.777s] -- Installing: /home/earnest/camera_study/install/camera_app_msgs/local/lib/python3.10/dist-packages/camera_app_msgs
[2.777s] -- Installing: /home/earnest/camera_study/install/camera_app_msgs/local/lib/python3.10/dist-packages/camera_app_msgs/_camera_app_msgs_s.ep.rosidl_typesupport_fastrtps_c.c
[2.777s] -- Installing: /home/earnest/camera_study/install/camera_app_msgs/local/lib/python3.10/dist-packages/camera_app_msgs/__init__.py
[2.777s] -- Installing: /home/earnest/camera_study/install/camera_app_msgs/local/lib/python3.10/dist-packages/camera_app_msgs/libcamera_app_msgs__rosidl_generator_py.so
[2.777s] -- Installing: /home/earnest/camera_study/install/camera_app_msgs/local/lib/python3.10/dist-packages/camera_app_msgs/_camera_app_msgs_s.ep.rosidl_typesupport_introspection_c.c
[2.777s] -- Installing: /home/earnest/camera_study/install/camera_app_msgs/local/lib/python3.10/dist-packages/camera_app_msgs/camera_app_msgs_s__rosidl_typesupport_c.cpython-310-x86_64-linux-gnu.so
[2.777s] -- Installing: /home/earnest/camera_study/install/camera_app_msgs/local/lib/python3.10/dist-packages/camera_app_msgs/camera_app_msgs_s__rosidl_typesupport_introspection_c.cpython-310-x86_64-linux-gnu.so
[2.777s] -- Installing: /home/earnest/camera_study/install/camera_app_msgs/local/lib/python3.10/dist-packages/camera_app_msgs/_camera_app_msgs_s.ep.rosidl_typesupport_c.c
[2.777s] -- Installing: /home/earnest/camera_study/install/camera_app_msgs/local/lib/python3.10/dist-packages/camera_app_msgs/camera_app_msgs_s__rosidl_typesupport_fastrtps_c.cpython-310-x86_64-linux-gnu.so
[2.777s] -- Installing: /home/earnest/camera_study/install/camera_app_msgs/local/lib/python3.10/dist-packages/camera_app_msgs/srv
[2.777s] -- Installing: /home/earnest/camera_study/install/camera_app_msgs/local/lib/python3.10/dist-packages/camera_app_msgs/srv/_capture1_s.c
[2.777s] -- Installing: /home/earnest/camera_study/install/camera_app_msgs/local/lib/python3.10/dist-packages/camera_app_msgs/srv/__init__.py
[2.777s] -- Installing: /home/earnest/camera_study/install/camera_app_msgs/local/lib/python3.10/dist-packages/camera_app_msgs/srv/_capture1.py
[2.805s] Listing '/home/earnest/camera_study/install/camera_app_msgs/local/lib/python3.10/dist-packages/camera_app_msgs'...
[2.805s] Compiling '/home/earnest/camera_study/install/camera_app_msgs/local/lib/python3.10/dist-packages/camera_app_msgs/__init__.py'...
[2.805s] Listing '/home/earnest/camera_study/install/camera_app_msgs/local/lib/python3.10/dist-packages/camera_app_msgs/srv'...
[2.805s] Compiling '/home/earnest/camera_study/install/camera_app_msgs/local/lib/python3.10/dist-packages/camera_app_msgs/srv/__init__.py'...
[2.805s] Compiling '/home/earnest/camera_study/install/camera_app_msgs/local/lib/python3.10/dist-packages/camera_app_msgs/srv/_capture1.py'...
[2.810s] -- Installing: /home/earnest/camera_study/install/camera_app_msgs/local/lib/python3.10/dist-packages/camera_app_msgs/camera_app_msgs_s__rosidl_typesupport_fastrtps_c.cpython-310-x86_64-linux-gnu.so
[2.810s] -- Set runtime path of "/home/earnest/camera_study/install/camera_app_msgs/local/lib/python3.10/dist-packages/camera_app_msgs/camera_app_msgs_s__rosidl_typesupport_fastrtps_c.cpython-310-x86_64-linux-gnu.so" to ""
[2.810s] -- Installing: /home/earnest/camera_study/install/camera_app_msgs/local/lib/python3.10/dist-packages/camera_app_msgs/camera_app_msgs_s__rosidl_typesupport_introspection_c.cpython-310-x86_64-linux-gnu.so
[2.811s] -- Set runtime path of "/home/earnest/camera_study/install/camera_app_msgs/local/lib/python3.10/dist-packages/camera_app_msgs/camera_app_msgs_s__rosidl_typesupport_introspection_c.cpython-310-x86_64-linux-gnu.so" to ""
[2.811s] -- Installing: /home/earnest/camera_study/install/camera_app_msgs/local/lib/python3.10/dist-packages/camera_app_msgs/camera_app_msgs_s__rosidl_typesupport_c.cpython-310-x86_64-linux-gnu.so
[2.811s] -- Set runtime path of "/home/earnest/camera_study/install/camera_app_msgs/local/lib/python3.10/dist-packages/camera_app_msgs/camera_app_msgs_s__rosidl_typesupport_c.cpython-310-x86_64-linux-gnu.so" to ""
[2.811s] -- Installing: /home/earnest/camera_study/install/camera_app_msgs/lib/libcamera_app_msgs__rosidl_generator_py.so
[2.811s] -- Set runtime path of "/home/earnest/camera_study/install/camera_app_msgs/lib/libcamera_app_msgs__rosidl_generator_py.so" to ""
[2.811s] -- Installing: /home/earnest/camera_study/install/camera_app_msgs/share/camera_app_msgs/srv/Capture1.idl
[2.811s] -- Installing: /home/earnest/camera_study/install/camera_app_msgs/share/camera_app_msgs/srv/Capture1.srv
[2.811s] -- Installing: /home/earnest/camera_study/install/camera_app_msgs/share/camera_app_msgs/srv/Capture1_Request.msg
[2.811s] -- Installing: /home/earnest/camera_study/install/camera_app_msgs/share/camera_app_msgs/srv/Capture1_Response.msg
[2.812s] -- Up-to-date: /home/earnest/camera_study/install/camera_app_msgs/share/ament_index/resource_index/package_run_dependencies/camera_app_msgs
[2.812s] -- Up-to-date: /home/earnest/camera_study/install/camera_app_msgs/share/ament_index/resource_index/parent_prefix_path/camera_app_msgs
[2.812s] -- Up-to-date: /home/earnest/camera_study/install/camera_app_msgs/share/camera_app_msgs/environment/ament_prefix_path.sh
[2.812s] -- Installing: /home/earnest/camera_study/install/camera_app_msgs/share/camera_app_msgs/environment/ament_prefix_path.dsv
[2.812s] -- Up-to-date: /home/earnest/camera_study/install/camera_app_msgs/share/camera_app_msgs/environment/path.sh
[2.812s] -- Installing: /home/earnest/camera_study/install/camera_app_msgs/share/camera_app_msgs/environment/path.dsv
[2.812s] -- Up-to-date: /home/earnest/camera_study/install/camera_app_msgs/share/camera_app_msgs/local_setup.bash
[2.812s] -- Installing: /home/earnest/camera_study/install/camera_app_msgs/share/camera_app_msgs/local_setup.sh
[2.812s] -- Up-to-date: /home/earnest/camera_study/install/camera_app_msgs/share/camera_app_msgs/local_setup.zsh
[2.812s] -- Installing: /home/earnest/camera_study/install/camera_app_msgs/share/camera_app_msgs/local_setup.dsv
[2.812s] -- Installing: /home/earnest/camera_study/install/camera_app_msgs/share/camera_app_msgs/package.dsv
[2.812s] -- Up-to-date: /home/earnest/camera_study/install/camera_app_msgs/share/ament_index/resource_index/packages/camera_app_msgs
[2.812s] -- Installing: /home/earnest/camera_study/install/camera_app_msgs/share/camera_app_msgs/cmake/export_camera_app_msgs__rosidl_generator_cExport.cmake
[2.812s] -- Installing: /home/earnest/camera_study/install/camera_app_msgs/share/camera_app_msgs/cmake/export_camera_app_msgs__rosidl_generator_cExport-noconfig.cmake
[2.812s] -- Installing: /home/earnest/camera_study/install/camera_app_msgs/share/camera_app_msgs/cmake/export_camera_app_msgs__rosidl_typesupport_fastrtps_cExport.cmake
[2.812s] -- Installing: /home/earnest/camera_study/install/camera_app_msgs/share/camera_app_msgs/cmake/export_camera_app_msgs__rosidl_typesupport_fastrtps_cExport-noconfig.cmake
[2.812s] -- Installing: /home/earnest/camera_study/install/camera_app_msgs/share/camera_app_msgs/cmake/camera_app_msgs__rosidl_typesupport_introspection_cExport.cmake
[2.813s] -- Installing: /home/earnest/camera_study/install/camera_app_msgs/share/camera_app_msgs/cmake/camera_app_msgs__rosidl_typesupport_introspection_cExport-noconfig.cmake
[2.813s] -- Installing: /home/earnest/camera_study/install/camera_app_msgs/share/camera_app_msgs/cmake/camera_app_msgs__rosidl_typesupport_cExport.cmake
[2.813s] -- Installing: /home/earnest/camera_study/install/camera_app_msgs/share/camera_app_msgs/cmake/camera_app_msgs__rosidl_typesupport_cExport-noconfig.cmake
[2.813s] -- Installing: /home/earnest/camera_study/install/camera_app_msgs/share/camera_app_msgs/cmake/export_camera_app_msgs__rosidl_generator_cppExport.cmake
[2.813s] -- Installing: /home/earnest/camera_study/install/camera_app_msgs/share/camera_app_msgs/cmake/export_camera_app_msgs__rosidl_typesupport_fastrtps_cppExport.cmake
[2.813s] -- Installing: /home/earnest/camera_study/install/camera_app_msgs/share/camera_app_msgs/cmake/export_camera_app_msgs__rosidl_typesupport_fastrtps_cppExport-noconfig.cmake
[2.813s] -- Installing: /home/earnest/camera_study/install/camera_app_msgs/share/camera_app_msgs/cmake/camera_app_msgs__rosidl_typesupport_introspection_cppExport.cmake
[2.813s] -- Installing: /home/earnest/camera_study/install/camera_app_msgs/share/camera_app_msgs/cmake/camera_app_msgs__rosidl_typesupport_introspection_cppExport-noconfig.cmake
[2.813s] -- Installing: /home/earnest/camera_study/install/camera_app_msgs/share/camera_app_msgs/cmake/camera_app_msgs__rosidl_typesupport_cppExport.cmake
[2.813s] -- Installing: /home/earnest/camera_study/install/camera_app_msgs/share/camera_app_msgs/cmake/camera_app_msgs__rosidl_typesupport_cppExport-noconfig.cmake
[2.814s] -- Installing: /home/earnest/camera_study/install/camera_app_msgs/share/camera_app_msgs/cmake/export_camera_app_msgs__rosidl_generator_pyExport.cmake
[2.814s] -- Installing: /home/earnest/camera_study/install/camera_app_msgs/share/camera_app_msgs/cmake/export_camera_app_msgs__rosidl_generator_pyExport-noconfig.cmake
[2.814s] -- Installing: /home/earnest/camera_study/install/camera_app_msgs/share/camera_app_msgs/cmake/rosidl_cmake-extras.cmake
[2.814s] -- Installing: /home/earnest/camera_study/install/camera_app_msgs/share/camera_app_msgs/cmake/ament_cmake_export_include_directories-extras.cmake
[2.814s] -- Installing: /home/earnest/camera_study/install/camera_app_msgs/share/camera_app_msgs/cmake/ament_cmake_export_libraries-extras.cmake
[2.814s] -- Installing: /home/earnest/camera_study/install/camera_app_msgs/share/camera_app_msgs/cmake/ament_cmake_export_targets-extras.cmake
[2.814s] -- Installing: /home/earnest/camera_study/install/camera_app_msgs/share/camera_app_msgs/cmake/rosidl_cmake_export_typesupport_targets-extras.cmake
[2.814s] -- Installing: /home/earnest/camera_study/install/camera_app_msgs/share/camera_app_msgs/cmake/ament_cmake_export_dependencies-extras.cmake
[2.814s] -- Installing: /home/earnest/camera_study/install/camera_app_msgs/share/camera_app_msgs/cmake/rosidl_cmake_export_typesupport_libraries-extras.cmake
[2.814s] -- Installing: /home/earnest/camera_study/install/camera_app_msgs/share/camera_app_msgs/cmake/camera_app_msgsConfig.cmake
[2.814s] -- Up-to-date: /home/earnest/camera_study/install/camera_app_msgs/share/camera_app_msgs/cmake/camera_app_msgsConfig-version.cmake
[2.814s] -- Up-to-date: /home/earnest/camera_study/install/camera_app_msgs/share/camera_app_msgs/package.xml
[2.816s] Invoked command in '/home/earnest/camera_study/build/camera_app_msgs' returned '0': CMAKE_PREFIX_PATH=${CMAKE_PREFIX_PATH}:/home/earnest/camera_study/install/camera_app:/opt/ros/humble /usr/bin/cmake --install /home/earnest/camera_study/build/camera_app_msgs
