[0.548s] Invoking command in '/home/earnest/camera_study/src/camera_app': PYTHONPATH=/home/earnest/camera_study/build/camera_app/prefix_override:/home/earnest/camera_study/install/camera_app/lib/python3.10/site-packages:${PYTHONPATH} /usr/bin/python3 -W ignore:setup.py install is deprecated setup.py egg_info --egg-base ../../build/camera_app build --build-base /home/earnest/camera_study/build/camera_app/build install --record /home/earnest/camera_study/build/camera_app/install.log --single-version-externally-managed install_data
[0.739s] running egg_info
[0.739s] writing ../../build/camera_app/camera_app.egg-info/PKG-INFO
[0.750s] writing dependency_links to ../../build/camera_app/camera_app.egg-info/dependency_links.txt
[0.751s] writing entry points to ../../build/camera_app/camera_app.egg-info/entry_points.txt
[0.751s] writing requirements to ../../build/camera_app/camera_app.egg-info/requires.txt
[0.752s] writing top-level names to ../../build/camera_app/camera_app.egg-info/top_level.txt
[0.756s] reading manifest file '../../build/camera_app/camera_app.egg-info/SOURCES.txt'
[0.758s] writing manifest file '../../build/camera_app/camera_app.egg-info/SOURCES.txt'
[0.758s] running build
[0.758s] running build_py
[0.759s] copying camera_app/test.py -> /home/earnest/camera_study/build/camera_app/build/lib/camera_app
[0.759s] copying camera_app/emoji_overlay.py -> /home/earnest/camera_study/build/camera_app/build/lib/camera_app
[0.759s] running install
[0.760s] running install_lib
[0.761s] copying /home/earnest/camera_study/build/camera_app/build/lib/camera_app/test.py -> /home/earnest/camera_study/install/camera_app/lib/python3.10/site-packages/camera_app
[0.761s] copying /home/earnest/camera_study/build/camera_app/build/lib/camera_app/emoji_overlay.py -> /home/earnest/camera_study/install/camera_app/lib/python3.10/site-packages/camera_app
[0.762s] byte-compiling /home/earnest/camera_study/install/camera_app/lib/python3.10/site-packages/camera_app/test.py to test.cpython-310.pyc
[0.764s] byte-compiling /home/earnest/camera_study/install/camera_app/lib/python3.10/site-packages/camera_app/emoji_overlay.py to emoji_overlay.cpython-310.pyc
[0.765s] running install_data
[0.765s] copying launch/camera.launch.py -> /home/earnest/camera_study/install/camera_app/share/camera_app/launch
[0.765s] running install_egg_info
[0.767s] removing '/home/earnest/camera_study/install/camera_app/lib/python3.10/site-packages/camera_app-0.0.0-py3.10.egg-info' (and everything under it)
[0.768s] Copying ../../build/camera_app/camera_app.egg-info to /home/earnest/camera_study/install/camera_app/lib/python3.10/site-packages/camera_app-0.0.0-py3.10.egg-info
[0.769s] running install_scripts
[0.788s] Installing canny script to /home/earnest/camera_study/install/camera_app/lib/camera_app
[0.789s] Installing emoji_overlay script to /home/earnest/camera_study/install/camera_app/lib/camera_app
[0.789s] Installing img_publisher script to /home/earnest/camera_study/install/camera_app/lib/camera_app
[0.789s] writing list of installed files to '/home/earnest/camera_study/build/camera_app/install.log'
[0.805s] Invoked command in '/home/earnest/camera_study/src/camera_app' returned '0': PYTHONPATH=/home/earnest/camera_study/build/camera_app/prefix_override:/home/earnest/camera_study/install/camera_app/lib/python3.10/site-packages:${PYTHONPATH} /usr/bin/python3 -W ignore:setup.py install is deprecated setup.py egg_info --egg-base ../../build/camera_app build --build-base /home/earnest/camera_study/build/camera_app/build install --record /home/earnest/camera_study/build/camera_app/install.log --single-version-externally-managed install_data
